#
# There is insufficient memory for the Java Runtime Environment to continue.
# Native memory allocation (mmap) failed to map 65536 bytes for Failed to commit metaspace.
# Possible reasons:
#   The system is out of physical RAM or swap space
#   The process is running with CompressedOops enabled, and the Java Heap may be blocking the growth of the native heap
# Possible solutions:
#   Reduce memory load on the system
#   Increase physical memory or swap space
#   Check if swap backing store is full
#   Decrease Java heap size (-Xmx/-Xms)
#   Decrease number of Java threads
#   Decrease Java thread stack sizes (-Xss)
#   Set larger code cache with -XX:ReservedCodeCacheSize=
#   JVM is running with Unscaled Compressed Oops mode in which the Java heap is
#     placed in the first 4GB address space. The Java Heap base address is the
#     maximum limit for the native heap growth. Please use -XX:HeapBaseMinAddress
#     to set the Java Heap base and to place the Java Heap above 4GB virtual address.
# This output file may be truncated or incomplete.
#
#  Out of Memory Error (virtualSpaceNode.cpp:110), pid=10004, tid=5524
#
# JRE version: Java(TM) SE Runtime Environment (17.0.6+9) (build 17.0.6+9-LTS-190)
# Java VM: Java HotSpot(TM) 64-Bit Server VM (17.0.6+9-LTS-190, mixed mode, sharing, tiered, compressed oops, compressed class ptrs, g1 gc, windows-amd64)
# No core dump will be written. Minidumps are not enabled by default on client versions of Windows
#

---------------  S U M M A R Y ------------

Command Line: -Dclassworlds.conf=D:\netbean\NetBeans-19\netbeans\java\maven\bin\m2.conf -Dmaven.home=D:\netbean\NetBeans-19\netbeans\java\maven -Dlibrary.jansi.path=D:\netbean\NetBeans-19\netbeans\java\maven\lib\jansi-native -Dmaven.multiModuleProjectDirectory=D:\code\LTJava\2012\bai1 org.codehaus.plexus.classworlds.launcher.Launcher -Dexec.vmArgs= -Dexec.args=${exec.vmArgs} -classpath %classpath ${exec.mainClass} ${exec.appArgs} -Dexec.appArgs= -Dexec.mainClass=com.mycompany.bai1.Bai1 -Dexec.executable=D:\java\bin\java.exe -Dmaven.ext.class.path=D:\netbean\NetBeans-19\netbeans\java\maven-nblib\netbeans-eventspy.jar -Dfile.encoding=UTF-8 --no-transfer-progress process-classes org.codehaus.mojo:exec-maven-plugin:3.1.0:exec

Host: Intel(R) Core(TM) i5-4300U CPU @ 1.90GHz, 4 cores, 3G,  Windows 10 , 64 bit Build 19041 (10.0.19041.3393)
Time: Wed Dec 20 09:22:54 2023 SE Asia Standard Time elapsed time: 0.188189 seconds (0d 0h 0m 0s)

---------------  T H R E A D  ---------------

Current thread (0x000001a04103e590):  JavaThread "C1 CompilerThread0" daemon [_thread_in_vm, id=5524, stack(0x00000092ddb00000,0x00000092ddc00000)]


Current CompileTask:
C1:    188  205       3       java.io.WinNTFileSystem::isLetter (30 bytes)

Stack: [0x00000092ddb00000,0x00000092ddc00000]
Native frames: (J=compiled Java code, j=interpreted, Vv=VM code, C=native code)
V  [jvm.dll+0x6734ea]
V  [jvm.dll+0x7d18f4]
V  [jvm.dll+0x7d309e]
V  [jvm.dll+0x7d3703]
V  [jvm.dll+0x2433c5]
V  [jvm.dll+0x7cd9fb]
V  [jvm.dll+0x619546]
V  [jvm.dll+0x6195aa]
V  [jvm.dll+0x61bdcd]
V  [jvm.dll+0x619f06]
V  [jvm.dll+0x62aeba]
V  [jvm.dll+0x623e4a]
V  [jvm.dll+0x1c9e00]
V  [jvm.dll+0x1c9ff0]
V  [jvm.dll+0x13253e]
V  [jvm.dll+0x132868]
V  [jvm.dll+0x131d01]
V  [jvm.dll+0x1339ad]
V  [jvm.dll+0x224b6e]
V  [jvm.dll+0x222f15]
V  [jvm.dll+0x78753c]
V  [jvm.dll+0x781a7a]
V  [jvm.dll+0x672375]
C  [ucrtbase.dll+0x21bb2]
C  [KERNEL32.DLL+0x17344]
C  [ntdll.dll+0x526b1]


---------------  P R O C E S S  ---------------

Threads class SMR info:
_java_thread_list=0x000001a05cc2e090, length=12, elements={
0x000001a040f661e0, 0x000001a041025290, 0x000001a041025c20, 0x000001a041039b60,
0x000001a04103c040, 0x000001a04103c510, 0x000001a04103c9e0, 0x000001a04103d290,
0x000001a04103e590, 0x000001a05c1a3740, 0x000001a05cc6aed0, 0x000001a05cc6f0a0
}

Java Threads: ( => current thread )
  0x000001a040f661e0 JavaThread "main" [_thread_in_vm, id=11028, stack(0x00000092dcd00000,0x00000092dce00000)]
  0x000001a041025290 JavaThread "Reference Handler" daemon [_thread_blocked, id=7028, stack(0x00000092dd400000,0x00000092dd500000)]
  0x000001a041025c20 JavaThread "Finalizer" daemon [_thread_blocked, id=15344, stack(0x00000092dd500000,0x00000092dd600000)]
  0x000001a041039b60 JavaThread "Signal Dispatcher" daemon [_thread_blocked, id=3988, stack(0x00000092dd600000,0x00000092dd700000)]
  0x000001a04103c040 JavaThread "Attach Listener" daemon [_thread_blocked, id=3320, stack(0x00000092dd700000,0x00000092dd800000)]
  0x000001a04103c510 JavaThread "Service Thread" daemon [_thread_blocked, id=9784, stack(0x00000092dd800000,0x00000092dd900000)]
  0x000001a04103c9e0 JavaThread "Monitor Deflation Thread" daemon [_thread_blocked, id=2144, stack(0x00000092dd900000,0x00000092dda00000)]
  0x000001a04103d290 JavaThread "C2 CompilerThread0" daemon [_thread_blocked, id=2036, stack(0x00000092dda00000,0x00000092ddb00000)]
=>0x000001a04103e590 JavaThread "C1 CompilerThread0" daemon [_thread_in_vm, id=5524, stack(0x00000092ddb00000,0x00000092ddc00000)]
  0x000001a05c1a3740 JavaThread "Sweeper thread" daemon [_thread_blocked, id=6508, stack(0x00000092ddc00000,0x00000092ddd00000)]
  0x000001a05cc6aed0 JavaThread "Notification Thread" daemon [_thread_blocked, id=14292, stack(0x00000092ddd00000,0x00000092dde00000)]
  0x000001a05cc6f0a0 JavaThread "Common-Cleaner" daemon [_thread_blocked, id=968, stack(0x00000092ddf00000,0x00000092de000000)]

Other Threads:
  0x000001a04101f780 VMThread "VM Thread" [stack: 0x00000092dd300000,0x00000092dd400000] [id=3880]
  0x000001a05cc6e5f0 WatcherThread [stack: 0x00000092dde00000,0x00000092ddf00000] [id=4320]
  0x000001a040fa1990 GCTaskThread "GC Thread#0" [stack: 0x00000092dce00000,0x00000092dcf00000] [id=14564]
  0x000001a040faa4e0 ConcurrentGCThread "G1 Main Marker" [stack: 0x00000092dcf00000,0x00000092dd000000] [id=15188]
  0x000001a040faae00 ConcurrentGCThread "G1 Conc#0" [stack: 0x00000092dd000000,0x00000092dd100000] [id=476]
  0x000001a040ff80b0 ConcurrentGCThread "G1 Refine#0" [stack: 0x00000092dd100000,0x00000092dd200000] [id=2868]
  0x000001a040ff89e0 ConcurrentGCThread "G1 Service" [stack: 0x00000092dd200000,0x00000092dd300000] [id=6988]

Threads with active compile tasks:
C1 CompilerThread0      209  205       3       java.io.WinNTFileSystem::isLetter (30 bytes)

VM state: not at safepoint (normal execution)

VM Mutex/Monitor currently owned by a thread:  ([mutex/lock_event])
[0x000001a040f61320] Metaspace_lock - owner thread: 0x000001a04103e590
[0x000001a040f62180] MethodData_lock - owner thread: 0x000001a04103e590

Heap address: 0x00000000c1800000, size: 1000 MB, Compressed Oops mode: 32-bit

CDS archive(s) mapped at: [0x0000000800000000-0x0000000800bd0000-0x0000000800bd0000), size 12386304, SharedBaseAddress: 0x0000000800000000, ArchiveRelocationMode: 0.
Compressed class space mapped at: 0x0000000800c00000-0x0000000840c00000, reserved size: 1073741824
Narrow klass base: 0x0000000800000000, Narrow klass shift: 0, Narrow klass range: 0x100000000

GC Precious Log:
 CPUs: 4 total, 4 available
 Memory: 3993M
 Large Page Support: Disabled
 NUMA Support: Disabled
 Compressed Oops: Enabled (32-bit)
 Heap Region Size: 1M
 Heap Min Capacity: 8M
 Heap Initial Capacity: 64M
 Heap Max Capacity: 1000M
 Pre-touch: Disabled
 Parallel Workers: 4
 Concurrent Workers: 1
 Concurrent Refinement Workers: 4
 Periodic GC: Disabled

Heap:
 garbage-first heap   total 65536K, used 2048K [0x00000000c1800000, 0x0000000100000000)
  region size 1024K, 4 young (4096K), 0 survivors (0K)
 Metaspace       used 747K, committed 896K, reserved 1056768K
  class space    used 57K, committed 128K, reserved 1048576K

Heap Regions: E=young(eden), S=young(survivor), O=old, HS=humongous(starts), HC=humongous(continues), CS=collection set, F=free, OA=open archive, CA=closed archive, TAMS=top-at-mark-start (previous, next)
|   0|0x00000000c1800000, 0x00000000c1800000, 0x00000000c1900000|  0%| F|  |TAMS 0x00000000c1800000, 0x00000000c1800000| Untracked 
|   1|0x00000000c1900000, 0x00000000c1900000, 0x00000000c1a00000|  0%| F|  |TAMS 0x00000000c1900000, 0x00000000c1900000| Untracked 
|   2|0x00000000c1a00000, 0x00000000c1a00000, 0x00000000c1b00000|  0%| F|  |TAMS 0x00000000c1a00000, 0x00000000c1a00000| Untracked 
|   3|0x00000000c1b00000, 0x00000000c1b00000, 0x00000000c1c00000|  0%| F|  |TAMS 0x00000000c1b00000, 0x00000000c1b00000| Untracked 
|   4|0x00000000c1c00000, 0x00000000c1c00000, 0x00000000c1d00000|  0%| F|  |TAMS 0x00000000c1c00000, 0x00000000c1c00000| Untracked 
|   5|0x00000000c1d00000, 0x00000000c1d00000, 0x00000000c1e00000|  0%| F|  |TAMS 0x00000000c1d00000, 0x00000000c1d00000| Untracked 
|   6|0x00000000c1e00000, 0x00000000c1e00000, 0x00000000c1f00000|  0%| F|  |TAMS 0x00000000c1e00000, 0x00000000c1e00000| Untracked 
|   7|0x00000000c1f00000, 0x00000000c1f00000, 0x00000000c2000000|  0%| F|  |TAMS 0x00000000c1f00000, 0x00000000c1f00000| Untracked 
|   8|0x00000000c2000000, 0x00000000c2000000, 0x00000000c2100000|  0%| F|  |TAMS 0x00000000c2000000, 0x00000000c2000000| Untracked 
|   9|0x00000000c2100000, 0x00000000c2100000, 0x00000000c2200000|  0%| F|  |TAMS 0x00000000c2100000, 0x00000000c2100000| Untracked 
|  10|0x00000000c2200000, 0x00000000c2200000, 0x00000000c2300000|  0%| F|  |TAMS 0x00000000c2200000, 0x00000000c2200000| Untracked 
|  11|0x00000000c2300000, 0x00000000c2300000, 0x00000000c2400000|  0%| F|  |TAMS 0x00000000c2300000, 0x00000000c2300000| Untracked 
|  12|0x00000000c2400000, 0x00000000c2400000, 0x00000000c2500000|  0%| F|  |TAMS 0x00000000c2400000, 0x00000000c2400000| Untracked 
|  13|0x00000000c2500000, 0x00000000c2500000, 0x00000000c2600000|  0%| F|  |TAMS 0x00000000c2500000, 0x00000000c2500000| Untracked 
|  14|0x00000000c2600000, 0x00000000c2600000, 0x00000000c2700000|  0%| F|  |TAMS 0x00000000c2600000, 0x00000000c2600000| Untracked 
|  15|0x00000000c2700000, 0x00000000c2700000, 0x00000000c2800000|  0%| F|  |TAMS 0x00000000c2700000, 0x00000000c2700000| Untracked 
|  16|0x00000000c2800000, 0x00000000c2800000, 0x00000000c2900000|  0%| F|  |TAMS 0x00000000c2800000, 0x00000000c2800000| Untracked 
|  17|0x00000000c2900000, 0x00000000c2900000, 0x00000000c2a00000|  0%| F|  |TAMS 0x00000000c2900000, 0x00000000c2900000| Untracked 
|  18|0x00000000c2a00000, 0x00000000c2a00000, 0x00000000c2b00000|  0%| F|  |TAMS 0x00000000c2a00000, 0x00000000c2a00000| Untracked 
|  19|0x00000000c2b00000, 0x00000000c2b00000, 0x00000000c2c00000|  0%| F|  |TAMS 0x00000000c2b00000, 0x00000000c2b00000| Untracked 
|  20|0x00000000c2c00000, 0x00000000c2c00000, 0x00000000c2d00000|  0%| F|  |TAMS 0x00000000c2c00000, 0x00000000c2c00000| Untracked 
|  21|0x00000000c2d00000, 0x00000000c2d00000, 0x00000000c2e00000|  0%| F|  |TAMS 0x00000000c2d00000, 0x00000000c2d00000| Untracked 
|  22|0x00000000c2e00000, 0x00000000c2e00000, 0x00000000c2f00000|  0%| F|  |TAMS 0x00000000c2e00000, 0x00000000c2e00000| Untracked 
|  23|0x00000000c2f00000, 0x00000000c2f00000, 0x00000000c3000000|  0%| F|  |TAMS 0x00000000c2f00000, 0x00000000c2f00000| Untracked 
|  24|0x00000000c3000000, 0x00000000c3000000, 0x00000000c3100000|  0%| F|  |TAMS 0x00000000c3000000, 0x00000000c3000000| Untracked 
|  25|0x00000000c3100000, 0x00000000c3100000, 0x00000000c3200000|  0%| F|  |TAMS 0x00000000c3100000, 0x00000000c3100000| Untracked 
|  26|0x00000000c3200000, 0x00000000c3200000, 0x00000000c3300000|  0%| F|  |TAMS 0x00000000c3200000, 0x00000000c3200000| Untracked 
|  27|0x00000000c3300000, 0x00000000c3300000, 0x00000000c3400000|  0%| F|  |TAMS 0x00000000c3300000, 0x00000000c3300000| Untracked 
|  28|0x00000000c3400000, 0x00000000c3400000, 0x00000000c3500000|  0%| F|  |TAMS 0x00000000c3400000, 0x00000000c3400000| Untracked 
|  29|0x00000000c3500000, 0x00000000c3500000, 0x00000000c3600000|  0%| F|  |TAMS 0x00000000c3500000, 0x00000000c3500000| Untracked 
|  30|0x00000000c3600000, 0x00000000c3600000, 0x00000000c3700000|  0%| F|  |TAMS 0x00000000c3600000, 0x00000000c3600000| Untracked 
|  31|0x00000000c3700000, 0x00000000c3700000, 0x00000000c3800000|  0%| F|  |TAMS 0x00000000c3700000, 0x00000000c3700000| Untracked 
|  32|0x00000000c3800000, 0x00000000c3800000, 0x00000000c3900000|  0%| F|  |TAMS 0x00000000c3800000, 0x00000000c3800000| Untracked 
|  33|0x00000000c3900000, 0x00000000c3900000, 0x00000000c3a00000|  0%| F|  |TAMS 0x00000000c3900000, 0x00000000c3900000| Untracked 
|  34|0x00000000c3a00000, 0x00000000c3a00000, 0x00000000c3b00000|  0%| F|  |TAMS 0x00000000c3a00000, 0x00000000c3a00000| Untracked 
|  35|0x00000000c3b00000, 0x00000000c3b00000, 0x00000000c3c00000|  0%| F|  |TAMS 0x00000000c3b00000, 0x00000000c3b00000| Untracked 
|  36|0x00000000c3c00000, 0x00000000c3c00000, 0x00000000c3d00000|  0%| F|  |TAMS 0x00000000c3c00000, 0x00000000c3c00000| Untracked 
|  37|0x00000000c3d00000, 0x00000000c3d00000, 0x00000000c3e00000|  0%| F|  |TAMS 0x00000000c3d00000, 0x00000000c3d00000| Untracked 
|  38|0x00000000c3e00000, 0x00000000c3e00000, 0x00000000c3f00000|  0%| F|  |TAMS 0x00000000c3e00000, 0x00000000c3e00000| Untracked 
|  39|0x00000000c3f00000, 0x00000000c3f00000, 0x00000000c4000000|  0%| F|  |TAMS 0x00000000c3f00000, 0x00000000c3f00000| Untracked 
|  40|0x00000000c4000000, 0x00000000c4000000, 0x00000000c4100000|  0%| F|  |TAMS 0x00000000c4000000, 0x00000000c4000000| Untracked 
|  41|0x00000000c4100000, 0x00000000c4100000, 0x00000000c4200000|  0%| F|  |TAMS 0x00000000c4100000, 0x00000000c4100000| Untracked 
|  42|0x00000000c4200000, 0x00000000c4200000, 0x00000000c4300000|  0%| F|  |TAMS 0x00000000c4200000, 0x00000000c4200000| Untracked 
|  43|0x00000000c4300000, 0x00000000c4300000, 0x00000000c4400000|  0%| F|  |TAMS 0x00000000c4300000, 0x00000000c4300000| Untracked 
|  44|0x00000000c4400000, 0x00000000c4400000, 0x00000000c4500000|  0%| F|  |TAMS 0x00000000c4400000, 0x00000000c4400000| Untracked 
|  45|0x00000000c4500000, 0x00000000c4500000, 0x00000000c4600000|  0%| F|  |TAMS 0x00000000c4500000, 0x00000000c4500000| Untracked 
|  46|0x00000000c4600000, 0x00000000c4600000, 0x00000000c4700000|  0%| F|  |TAMS 0x00000000c4600000, 0x00000000c4600000| Untracked 
|  47|0x00000000c4700000, 0x00000000c4700000, 0x00000000c4800000|  0%| F|  |TAMS 0x00000000c4700000, 0x00000000c4700000| Untracked 
|  48|0x00000000c4800000, 0x00000000c4800000, 0x00000000c4900000|  0%| F|  |TAMS 0x00000000c4800000, 0x00000000c4800000| Untracked 
|  49|0x00000000c4900000, 0x00000000c4900000, 0x00000000c4a00000|  0%| F|  |TAMS 0x00000000c4900000, 0x00000000c4900000| Untracked 
|  50|0x00000000c4a00000, 0x00000000c4a00000, 0x00000000c4b00000|  0%| F|  |TAMS 0x00000000c4a00000, 0x00000000c4a00000| Untracked 
|  51|0x00000000c4b00000, 0x00000000c4b00000, 0x00000000c4c00000|  0%| F|  |TAMS 0x00000000c4b00000, 0x00000000c4b00000| Untracked 
|  52|0x00000000c4c00000, 0x00000000c4c00000, 0x00000000c4d00000|  0%| F|  |TAMS 0x00000000c4c00000, 0x00000000c4c00000| Untracked 
|  53|0x00000000c4d00000, 0x00000000c4d00000, 0x00000000c4e00000|  0%| F|  |TAMS 0x00000000c4d00000, 0x00000000c4d00000| Untracked 
|  54|0x00000000c4e00000, 0x00000000c4e00000, 0x00000000c4f00000|  0%| F|  |TAMS 0x00000000c4e00000, 0x00000000c4e00000| Untracked 
|  55|0x00000000c4f00000, 0x00000000c4f00000, 0x00000000c5000000|  0%| F|  |TAMS 0x00000000c4f00000, 0x00000000c4f00000| Untracked 
|  56|0x00000000c5000000, 0x00000000c5000000, 0x00000000c5100000|  0%| F|  |TAMS 0x00000000c5000000, 0x00000000c5000000| Untracked 
|  57|0x00000000c5100000, 0x00000000c5100000, 0x00000000c5200000|  0%| F|  |TAMS 0x00000000c5100000, 0x00000000c5100000| Untracked 
|  58|0x00000000c5200000, 0x00000000c5200000, 0x00000000c5300000|  0%| F|  |TAMS 0x00000000c5200000, 0x00000000c5200000| Untracked 
|  59|0x00000000c5300000, 0x00000000c5300000, 0x00000000c5400000|  0%| F|  |TAMS 0x00000000c5300000, 0x00000000c5300000| Untracked 
|  60|0x00000000c5400000, 0x00000000c5443150, 0x00000000c5500000| 26%| E|  |TAMS 0x00000000c5400000, 0x00000000c5400000| Complete 
|  61|0x00000000c5500000, 0x00000000c5600000, 0x00000000c5600000|100%| E|CS|TAMS 0x00000000c5500000, 0x00000000c5500000| Complete 
|  62|0x00000000c5600000, 0x00000000c5700000, 0x00000000c5700000|100%| E|  |TAMS 0x00000000c5600000, 0x00000000c5600000| Complete 
|  63|0x00000000c5700000, 0x00000000c5800000, 0x00000000c5800000|100%| E|CS|TAMS 0x00000000c5700000, 0x00000000c5700000| Complete 

Card table byte_map: [0x000001a0579f0000,0x000001a057bf0000] _byte_map_base: 0x000001a0573e4000

Marking Bits (Prev, Next): (CMBitMap*) 0x000001a040fa1eb0, (CMBitMap*) 0x000001a040fa1ef0
 Prev Bits: [0x000001a057df0000, 0x000001a058d90000)
 Next Bits: [0x000001a058d90000, 0x000001a059d30000)

Polling page: 0x000001a03ee50000

Metaspace:

Usage:
  Non-class:    690.34 KB used.
      Class:     57.55 KB used.
       Both:    747.89 KB used.

Virtual space:
  Non-class space:        8.00 MB reserved,     768.00 KB (  9%) committed,  1 nodes.
      Class space:        1.00 GB reserved,     128.00 KB ( <1%) committed,  1 nodes.
             Both:        1.01 GB reserved,     896.00 KB ( <1%) committed. 

Chunk freelists:
   Non-Class:  3.86 MB
       Class:  3.73 MB
        Both:  7.59 MB

MaxMetaspaceSize: unlimited
CompressedClassSpaceSize: 1.00 GB
Initial GC threshold: 21.00 MB
Current GC threshold: 21.00 MB
CDS: on
MetaspaceReclaimPolicy: balanced
 - commit_granule_bytes: 65536.
 - commit_granule_words: 8192.
 - virtual_space_node_default_size: 1048576.
 - enlarge_chunks_in_place: 1.
 - new_chunks_are_fully_committed: 0.
 - uncommit_free_chunks: 1.
 - use_allocation_guard: 0.
 - handle_deallocations: 1.


Internal statistics:

num_allocs_failed_limit: 0.
num_arena_births: 12.
num_arena_deaths: 0.
num_vsnodes_births: 2.
num_vsnodes_deaths: 0.
num_space_committed: 14.
num_space_uncommitted: 0.
num_chunks_returned_to_freelist: 0.
num_chunks_taken_from_freelist: 25.
num_chunk_merges: 0.
num_chunk_splits: 13.
num_chunks_enlarged: 9.
num_purges: 0.
num_inconsistent_stats: 0.

CodeHeap 'non-profiled nmethods': size=120000Kb used=60Kb max_used=60Kb free=119939Kb
 bounds [0x000001a0502c0000, 0x000001a050530000, 0x000001a0577f0000]
CodeHeap 'profiled nmethods': size=120000Kb used=259Kb max_used=259Kb free=119740Kb
 bounds [0x000001a0487f0000, 0x000001a048a60000, 0x000001a04fd20000]
CodeHeap 'non-nmethods': size=5760Kb used=1105Kb max_used=1120Kb free=4654Kb
 bounds [0x000001a04fd20000, 0x000001a04ff90000, 0x000001a0502c0000]
 total_blobs=588 nmethods=206 adapters=295
 compilation: enabled
              stopped_count=0, restarted_count=0
 full_count=0

Compilation events (20 events):
Event: 0.176 Thread 0x000001a04103e590 nmethod 194 0x000001a04882bf90 code [0x000001a04882c120, 0x000001a04882c278]
Event: 0.177 Thread 0x000001a04103e590  196       3       java.util.zip.ZipFile$Source::getEntryNext (9 bytes)
Event: 0.177 Thread 0x000001a04103e590 nmethod 196 0x000001a04882c310 code [0x000001a04882c4a0, 0x000001a04882c5d8]
Event: 0.178 Thread 0x000001a04103e590  197       3       java.io.WinNTFileSystem::normalize (143 bytes)
Event: 0.179 Thread 0x000001a04103e590 nmethod 197 0x000001a04882c690 code [0x000001a04882c920, 0x000001a04882d4f8]
Event: 0.179 Thread 0x000001a04103e590  198       3       java.lang.AbstractStringBuilder::checkRange (63 bytes)
Event: 0.180 Thread 0x000001a04103e590 nmethod 198 0x000001a04882d990 code [0x000001a04882dc20, 0x000001a04882e518]
Event: 0.180 Thread 0x000001a04103e590  199       3       java.lang.StringBuilder::append (10 bytes)
Event: 0.180 Thread 0x000001a04103e590 nmethod 199 0x000001a04882e890 code [0x000001a04882ea20, 0x000001a04882eb68]
Event: 0.180 Thread 0x000001a04103e590  200       3       java.lang.AbstractStringBuilder::append (63 bytes)
Event: 0.181 Thread 0x000001a04103e590 nmethod 200 0x000001a04882ec10 code [0x000001a04882ee00, 0x000001a04882f368]
Event: 0.181 Thread 0x000001a04103e590  201       1       sun.nio.fs.NativeBuffer::address (5 bytes)
Event: 0.181 Thread 0x000001a04103e590 nmethod 201 0x000001a0502cd290 code [0x000001a0502cd420, 0x000001a0502cd4f8]
Event: 0.181 Thread 0x000001a04103e590  202       3       sun.nio.fs.WindowsPathParser::nextNonSlash (24 bytes)
Event: 0.182 Thread 0x000001a04103e590 nmethod 202 0x000001a04882f510 code [0x000001a04882f720, 0x000001a04882fe78]
Event: 0.183 Thread 0x000001a04103e590  203       3       java.lang.String::lastIndexOf (29 bytes)
Event: 0.184 Thread 0x000001a04103e590 nmethod 203 0x000001a048830190 code [0x000001a048830360, 0x000001a0488305f8]
Event: 0.184 Thread 0x000001a04103e590  204       3       java.io.RandomAccessFile::readFully (45 bytes)
Event: 0.185 Thread 0x000001a04103e590 nmethod 204 0x000001a048830710 code [0x000001a0488308e0, 0x000001a048830c58]
Event: 0.185 Thread 0x000001a04103e590  205       3       java.io.WinNTFileSystem::isLetter (30 bytes)

GC Heap History (0 events):
No events

Deoptimization events (4 events):
Event: 0.152 Thread 0x000001a040f661e0 DEOPT PACKING pc=0x000001a04881e10c sp=0x00000092dcdfe470
Event: 0.153 Thread 0x000001a040f661e0 DEOPT UNPACKING pc=0x000001a04fd72b43 sp=0x00000092dcdfd900 mode 0
Event: 0.157 Thread 0x000001a040f661e0 DEOPT PACKING pc=0x000001a04881e10c sp=0x00000092dcdfe470
Event: 0.157 Thread 0x000001a040f661e0 DEOPT UNPACKING pc=0x000001a04fd72b43 sp=0x00000092dcdfd900 mode 0

Classes unloaded (0 events):
No events

Classes redefined (0 events):
No events

Internal exceptions (1 events):
Event: 0.132 Thread 0x000001a040f661e0 Exception <a 'java/lang/NoSuchMethodError'{0x00000000c568e150}: 'int java.lang.invoke.DirectMethodHandle$Holder.invokeSpecial(java.lang.Object, java.lang.Object, java.lang.Object)'> (0x00000000c568e150) 
thrown [s\open\src\hotspot\share\interpreter\linkResolver.cpp, line 759]

VM Operations (2 events):
Event: 0.093 Executing VM operation: HandshakeAllThreads
Event: 0.093 Executing VM operation: HandshakeAllThreads done

Events (20 events):
Event: 0.137 loading class jdk/internal/loader/URLClassPath$FileLoader
Event: 0.137 loading class jdk/internal/loader/URLClassPath$FileLoader done
Event: 0.159 loading class sun/net/www/protocol/file/FileURLConnection
Event: 0.160 loading class sun/net/www/URLConnection
Event: 0.160 loading class java/net/URLConnection
Event: 0.160 loading class java/net/URLConnection done
Event: 0.160 loading class sun/net/www/URLConnection done
Event: 0.160 loading class sun/net/www/protocol/file/FileURLConnection done
Event: 0.160 loading class sun/net/www/MessageHeader
Event: 0.160 loading class sun/net/www/MessageHeader done
Event: 0.160 loading class java/io/FilePermission$1
Event: 0.160 loading class jdk/internal/access/JavaIOFilePermissionAccess
Event: 0.161 loading class jdk/internal/access/JavaIOFilePermissionAccess done
Event: 0.161 loading class java/io/FilePermission$1 done
Event: 0.164 loading class java/io/FilePermissionCollection
Event: 0.164 loading class java/io/FilePermissionCollection done
Event: 0.164 loading class java/util/Vector
Event: 0.164 loading class java/util/Vector done
Event: 0.164 loading class java/io/FilePermissionCollection$1
Event: 0.164 loading class java/io/FilePermissionCollection$1 done


Dynamic libraries:
0x00007ff679dc0000 - 0x00007ff679dd0000 	D:\java\bin\java.exe
0x00007ff89d010000 - 0x00007ff89d208000 	C:\WINDOWS\SYSTEM32\ntdll.dll
0x00007ff89b7b0000 - 0x00007ff89b86d000 	C:\WINDOWS\System32\KERNEL32.DLL
0x00007ff89ab80000 - 0x00007ff89ae76000 	C:\WINDOWS\System32\KERNELBASE.dll
0x00007ff89aa80000 - 0x00007ff89ab80000 	C:\WINDOWS\System32\ucrtbase.dll
0x00007ff894520000 - 0x00007ff89453b000 	D:\java\bin\VCRUNTIME140.dll
0x00007ff891770000 - 0x00007ff891788000 	D:\java\bin\jli.dll
0x00007ff89c200000 - 0x00007ff89c2ae000 	C:\WINDOWS\System32\ADVAPI32.dll
0x00007ff89c510000 - 0x00007ff89c5ae000 	C:\WINDOWS\System32\msvcrt.dll
0x00007ff89bbd0000 - 0x00007ff89bc6c000 	C:\WINDOWS\System32\sechost.dll
0x00007ff89b070000 - 0x00007ff89b196000 	C:\WINDOWS\System32\RPCRT4.dll
0x00007ff89bc70000 - 0x00007ff89be0e000 	C:\WINDOWS\System32\USER32.dll
0x00007ff89b040000 - 0x00007ff89b062000 	C:\WINDOWS\System32\win32u.dll
0x00007ff89beb0000 - 0x00007ff89bedc000 	C:\WINDOWS\System32\GDI32.dll
0x00007ff89ae80000 - 0x00007ff89af9a000 	C:\WINDOWS\System32\gdi32full.dll
0x00007ff89afa0000 - 0x00007ff89b03d000 	C:\WINDOWS\System32\msvcp_win.dll
0x00007ff889d00000 - 0x00007ff889f9a000 	C:\WINDOWS\WinSxS\amd64_microsoft.windows.common-controls_6595b64144ccf1df_6.0.19041.1110_none_60b5254171f9507e\COMCTL32.dll
0x00007ff88a3c0000 - 0x00007ff88a3ca000 	C:\WINDOWS\SYSTEM32\VERSION.dll
0x00007ff89be10000 - 0x00007ff89be40000 	C:\WINDOWS\System32\IMM32.DLL
0x00007ff894540000 - 0x00007ff89454c000 	D:\java\bin\vcruntime140_1.dll
0x00007ff891db0000 - 0x00007ff891e3e000 	D:\java\bin\msvcp140.dll
0x00007ff854c60000 - 0x00007ff855837000 	D:\java\bin\server\jvm.dll
0x00007ff89cfc0000 - 0x00007ff89cfc8000 	C:\WINDOWS\System32\PSAPI.DLL
0x00007ff888e10000 - 0x00007ff888e19000 	C:\WINDOWS\SYSTEM32\WSOCK32.dll
0x00007ff89be40000 - 0x00007ff89beab000 	C:\WINDOWS\System32\WS2_32.dll
0x00007ff88d890000 - 0x00007ff88d8b7000 	C:\WINDOWS\SYSTEM32\WINMM.dll
0x00007ff8985d0000 - 0x00007ff8985e2000 	C:\WINDOWS\SYSTEM32\kernel.appcore.dll
0x00007ff893ee0000 - 0x00007ff893eea000 	D:\java\bin\jimage.dll
0x00007ff887ae0000 - 0x00007ff887cc4000 	C:\WINDOWS\SYSTEM32\DBGHELP.DLL
0x00007ff8885d0000 - 0x00007ff888604000 	C:\WINDOWS\SYSTEM32\dbgcore.DLL
0x00007ff89a9f0000 - 0x00007ff89aa72000 	C:\WINDOWS\System32\bcryptPrimitives.dll
0x00007ff893ef0000 - 0x00007ff893f15000 	D:\java\bin\java.dll
0x00007ff892990000 - 0x00007ff892a67000 	D:\java\bin\jsvml.dll
0x00007ff89c700000 - 0x00007ff89ce45000 	C:\WINDOWS\System32\SHELL32.dll
0x00007ff898780000 - 0x00007ff898f1b000 	C:\WINDOWS\SYSTEM32\windows.storage.dll
0x00007ff89b870000 - 0x00007ff89bbc4000 	C:\WINDOWS\System32\combase.dll
0x00007ff89a130000 - 0x00007ff89a15e000 	C:\WINDOWS\SYSTEM32\Wldp.dll
0x00007ff89c2b0000 - 0x00007ff89c35d000 	C:\WINDOWS\System32\SHCORE.dll
0x00007ff89b740000 - 0x00007ff89b795000 	C:\WINDOWS\System32\shlwapi.dll
0x00007ff89a620000 - 0x00007ff89a645000 	C:\WINDOWS\SYSTEM32\profapi.dll
0x00007ff892970000 - 0x00007ff892989000 	D:\java\bin\net.dll
0x00007ff88fb70000 - 0x00007ff88fc7a000 	C:\WINDOWS\SYSTEM32\WINHTTP.dll
0x00007ff899e90000 - 0x00007ff899efa000 	C:\WINDOWS\system32\mswsock.dll
0x00007ff892950000 - 0x00007ff892966000 	D:\java\bin\nio.dll
0x00007ff892930000 - 0x00007ff892948000 	D:\java\bin\zip.dll

dbghelp: loaded successfully - version: 4.0.5 - missing functions: none
symbol engine: initialized successfully - sym options: 0x614 - pdb path: .;D:\java\bin;C:\WINDOWS\SYSTEM32;C:\WINDOWS\WinSxS\amd64_microsoft.windows.common-controls_6595b64144ccf1df_6.0.19041.1110_none_60b5254171f9507e;D:\java\bin\server

VM Arguments:
jvm_args: -Dclassworlds.conf=D:\netbean\NetBeans-19\netbeans\java\maven\bin\m2.conf -Dmaven.home=D:\netbean\NetBeans-19\netbeans\java\maven -Dlibrary.jansi.path=D:\netbean\NetBeans-19\netbeans\java\maven\lib\jansi-native -Dmaven.multiModuleProjectDirectory=D:\code\LTJava\2012\bai1 
java_command: org.codehaus.plexus.classworlds.launcher.Launcher -Dexec.vmArgs= -Dexec.args=${exec.vmArgs} -classpath %classpath ${exec.mainClass} ${exec.appArgs} -Dexec.appArgs= -Dexec.mainClass=com.mycompany.bai1.Bai1 -Dexec.executable=D:\java\bin\java.exe -Dmaven.ext.class.path=D:\netbean\NetBeans-19\netbeans\java\maven-nblib\netbeans-eventspy.jar -Dfile.encoding=UTF-8 --no-transfer-progress process-classes org.codehaus.mojo:exec-maven-plugin:3.1.0:exec
java_class_path (initial): D:\netbean\NetBeans-19\netbeans\java\maven\boot\plexus-classworlds-2.7.0.jar
Launcher Type: SUN_STANDARD

[Global flags]
     intx CICompilerCount                          = 3                                         {product} {ergonomic}
     uint ConcGCThreads                            = 1                                         {product} {ergonomic}
     uint G1ConcRefinementThreads                  = 4                                         {product} {ergonomic}
   size_t G1HeapRegionSize                         = 1048576                                   {product} {ergonomic}
    uintx GCDrainStackTargetSize                   = 64                                        {product} {ergonomic}
   size_t InitialHeapSize                          = 67108864                                  {product} {ergonomic}
   size_t MarkStackSize                            = 4194304                                   {product} {ergonomic}
   size_t MaxHeapSize                              = 1048576000                                {product} {ergonomic}
   size_t MaxNewSize                               = 629145600                                 {product} {ergonomic}
   size_t MinHeapDeltaBytes                        = 1048576                                   {product} {ergonomic}
   size_t MinHeapSize                              = 8388608                                   {product} {ergonomic}
    uintx NonNMethodCodeHeapSize                   = 5832780                                {pd product} {ergonomic}
    uintx NonProfiledCodeHeapSize                  = 122912730                              {pd product} {ergonomic}
    uintx ProfiledCodeHeapSize                     = 122912730                              {pd product} {ergonomic}
    uintx ReservedCodeCacheSize                    = 251658240                              {pd product} {ergonomic}
     bool SegmentedCodeCache                       = true                                      {product} {ergonomic}
   size_t SoftMaxHeapSize                          = 1048576000                             {manageable} {ergonomic}
     bool UseCompressedClassPointers               = true                           {product lp64_product} {ergonomic}
     bool UseCompressedOops                        = true                           {product lp64_product} {ergonomic}
     bool UseG1GC                                  = true                                      {product} {ergonomic}
     bool UseLargePagesIndividualAllocation        = false                                  {pd product} {ergonomic}

Logging:
Log output configuration:
 #0: stdout all=warning uptime,level,tags
 #1: stderr all=off uptime,level,tags

Environment Variables:
JAVA_HOME=D:\java
PATH=C:\Program Files\Common Files\Oracle\Java\javapath;C:\Program Files (x86)\Common Files\Oracle\Java\javapath;C:\ProgramData\Oracle\Java\javapath;C:\WINDOWS\system32;C:\WINDOWS;C:\WINDOWS\System32\Wbem;C:\WINDOWS\System32\WindowsPowerShell\v1.0\;C:\WINDOWS\System32\OpenSSH\;C:\Program Files\dotnet\;C:\Program Files (x86)\Dev-Cpp\MinGW64\bin;C:\Program Files\Microsoft SQL Server\Client SDK\ODBC\170\Tools\Binn\;C:\Program Files (x86)\Microsoft SQL Server\150\Tools\Binn\;C:\Program Files\Microsoft SQL Server\150\Tools\Binn\;C:\Program Files\Microsoft SQL Server\150\DTS\Binn\;C:\Program Files\Azure Data Studio\bin;C:\Program Files (x86)\Microsoft SQL Server\150\DTS\Binn\;C:\Program Files\Cloudflare\Cloudflare WARP\;D:\Git\cmd;C:\Program Files\MiKTeX\miktex\bin\x64\;C:\Users\Administrator\AppData\Local\Programs\Python\Python310\Scripts\;C:\Users\Administrator\AppData\Local\Programs\Python\Python310\;C:\Users\Administrator\AppData\Local\Microsoft\WindowsApps;C:\Users\Administrator\AppData\Local\Programs\Microsoft VS Code\bin;C:\Program Files\Azure Data Studio\bin;C:\Users\Administrator\AppData\Local\GitHubDesktop\bin;C:\Users\Administrator\.dotnet\tools
USERNAME=Administrator
OS=Windows_NT
PROCESSOR_IDENTIFIER=Intel64 Family 6 Model 69 Stepping 1, GenuineIntel



---------------  S Y S T E M  ---------------

OS:
 Windows 10 , 64 bit Build 19041 (10.0.19041.3393)
OS uptime: 0 days 2:12 hours

CPU: total 4 (initial active 4) (2 cores per cpu, 2 threads per core) family 6 model 69 stepping 1 microcode 0x25, cx8, cmov, fxsr, ht, mmx, sse, sse2, sse3, ssse3, sse4.1, sse4.2, popcnt, lzcnt, tsc, tscinvbit, avx, avx2, aes, erms, clmul, bmi1, bmi2, fma, vzeroupper, clflush

Memory: 4k page, system-wide physical 3993M (610M free)
TotalPageFile size 8922M (AvailPageFile size 3M)
current process WorkingSet (physical memory assigned to process): 34M, peak: 34M
current process commit charge ("private bytes"): 137M, peak: 137M

vm_info: Java HotSpot(TM) 64-Bit Server VM (17.0.6+9-LTS-190) for windows-amd64 JRE (17.0.6+9-LTS-190), built on Dec  6 2022 15:53:54 by "mach5one" with MS VC++ 17.1 (VS2022)

END.
