#
# There is insufficient memory for the Java Runtime Environment to continue.
# Native memory allocation (malloc) failed to allocate 2210400 bytes for Chunk::new
# Possible reasons:
#   The system is out of physical RAM or swap space
#   The process is running with CompressedOops enabled, and the Java Heap may be blocking the growth of the native heap
# Possible solutions:
#   Reduce memory load on the system
#   Increase physical memory or swap space
#   Check if swap backing store is full
#   Decrease Java heap size (-Xmx/-Xms)
#   Decrease number of Java threads
#   Decrease Java thread stack sizes (-Xss)
#   Set larger code cache with -XX:ReservedCodeCacheSize=
#   JVM is running with Unscaled Compressed Oops mode in which the Java heap is
#     placed in the first 4GB address space. The Java Heap base address is the
#     maximum limit for the native heap growth. Please use -XX:HeapBaseMinAddress
#     to set the Java Heap base and to place the Java Heap above 4GB virtual address.
# This output file may be truncated or incomplete.
#
#  Out of Memory Error (arena.cpp:189), pid=3472, tid=10936
#
# JRE version: Java(TM) SE Runtime Environment (17.0.6+9) (build 17.0.6+9-LTS-190)
# Java VM: Java HotSpot(TM) 64-Bit Server VM (17.0.6+9-LTS-190, mixed mode, sharing, tiered, compressed oops, compressed class ptrs, g1 gc, windows-amd64)
# No core dump will be written. Minidumps are not enabled by default on client versions of Windows
#

---------------  S U M M A R Y ------------

Command Line: -Dclassworlds.conf=D:\netbean\NetBeans-19\netbeans\java\maven\bin\m2.conf -Dmaven.home=D:\netbean\NetBeans-19\netbeans\java\maven -Dlibrary.jansi.path=D:\netbean\NetBeans-19\netbeans\java\maven\lib\jansi-native -Dmaven.multiModuleProjectDirectory=D:\code\LTJava\2012\bai1 org.codehaus.plexus.classworlds.launcher.Launcher -Dexec.vmArgs= -Dexec.args=${exec.vmArgs} -classpath %classpath ${exec.mainClass} ${exec.appArgs} -Dexec.appArgs= -Dexec.mainClass=com.mycompany.bai1.Bai1 -Dexec.executable=D:\java\bin\java.exe -Dmaven.ext.class.path=D:\netbean\NetBeans-19\netbeans\java\maven-nblib\netbeans-eventspy.jar -Dfile.encoding=UTF-8 --no-transfer-progress process-classes org.codehaus.mojo:exec-maven-plugin:3.1.0:exec

Host: Intel(R) Core(TM) i5-4300U CPU @ 1.90GHz, 4 cores, 3G,  Windows 10 , 64 bit Build 19041 (10.0.19041.3393)
Time: Wed Dec 20 09:21:43 2023 SE Asia Standard Time elapsed time: 5.699745 seconds (0d 0h 0m 5s)

---------------  T H R E A D  ---------------

Current thread (0x0000027a3b01eb90):  JavaThread "C2 CompilerThread0" daemon [_thread_in_native, id=10936, stack(0x000000c667800000,0x000000c667900000)]


Current CompileTask:
C2:   5700 4400   !   4       com.sun.tools.javac.jvm.ClassReader::classSigToType (497 bytes)

Stack: [0x000000c667800000,0x000000c667900000]
Native frames: (J=compiled Java code, j=interpreted, Vv=VM code, C=native code)
V  [jvm.dll+0x6734ea]
V  [jvm.dll+0x7d18f4]
V  [jvm.dll+0x7d309e]
V  [jvm.dll+0x7d3703]
V  [jvm.dll+0x2433c5]
V  [jvm.dll+0xaa46b]
V  [jvm.dll+0xaaa0c]
V  [jvm.dll+0x35eb2e]
V  [jvm.dll+0x329401]
V  [jvm.dll+0x32889a]
V  [jvm.dll+0x215ddf]
V  [jvm.dll+0x215211]
V  [jvm.dll+0x1a1730]
V  [jvm.dll+0x224b6e]
V  [jvm.dll+0x222f15]
V  [jvm.dll+0x78753c]
V  [jvm.dll+0x781a7a]
V  [jvm.dll+0x672375]
C  [ucrtbase.dll+0x21bb2]
C  [KERNEL32.DLL+0x17344]
C  [ntdll.dll+0x526b1]


---------------  P R O C E S S  ---------------

Threads class SMR info:
_java_thread_list=0x0000027a3bc139f0, length=12, elements={
0x0000027a1fe02380, 0x0000027a1febbae0, 0x0000027a1febd870, 0x0000027a1fed60e0,
0x0000027a1fed6ba0, 0x0000027a1feda220, 0x0000027a1fede780, 0x0000027a3b01eb90,
0x0000027a3b020cf0, 0x0000027a3b02e5c0, 0x0000027a3bc55a50, 0x0000027a3bc5a1d0
}

Java Threads: ( => current thread )
  0x0000027a1fe02380 JavaThread "main" [_thread_in_vm, id=6004, stack(0x000000c666b00000,0x000000c666c00000)]
  0x0000027a1febbae0 JavaThread "Reference Handler" daemon [_thread_blocked, id=708, stack(0x000000c667200000,0x000000c667300000)]
  0x0000027a1febd870 JavaThread "Finalizer" daemon [_thread_blocked, id=5436, stack(0x000000c667300000,0x000000c667400000)]
  0x0000027a1fed60e0 JavaThread "Signal Dispatcher" daemon [_thread_blocked, id=7976, stack(0x000000c667400000,0x000000c667500000)]
  0x0000027a1fed6ba0 JavaThread "Attach Listener" daemon [_thread_blocked, id=1716, stack(0x000000c667500000,0x000000c667600000)]
  0x0000027a1feda220 JavaThread "Service Thread" daemon [_thread_blocked, id=10172, stack(0x000000c667600000,0x000000c667700000)]
  0x0000027a1fede780 JavaThread "Monitor Deflation Thread" daemon [_thread_blocked, id=9136, stack(0x000000c667700000,0x000000c667800000)]
=>0x0000027a3b01eb90 JavaThread "C2 CompilerThread0" daemon [_thread_in_native, id=10936, stack(0x000000c667800000,0x000000c667900000)]
  0x0000027a3b020cf0 JavaThread "C1 CompilerThread0" daemon [_thread_blocked, id=13228, stack(0x000000c667900000,0x000000c667a00000)]
  0x0000027a3b02e5c0 JavaThread "Sweeper thread" daemon [_thread_blocked, id=6128, stack(0x000000c667a00000,0x000000c667b00000)]
  0x0000027a3bc55a50 JavaThread "Notification Thread" daemon [_thread_blocked, id=4776, stack(0x000000c667b00000,0x000000c667c00000)]
  0x0000027a3bc5a1d0 JavaThread "Common-Cleaner" daemon [_thread_blocked, id=12240, stack(0x000000c667d00000,0x000000c667e00000)]

Other Threads:
  0x0000027a1feb6f70 VMThread "VM Thread" [stack: 0x000000c667100000,0x000000c667200000] [id=2360]
  0x0000027a3bc57f30 WatcherThread [stack: 0x000000c667c00000,0x000000c667d00000] [id=2848]
  0x0000027a1fe3e2c0 GCTaskThread "GC Thread#0" [stack: 0x000000c666c00000,0x000000c666d00000] [id=1652]
  0x0000027a3bc6ffb0 GCTaskThread "GC Thread#1" [stack: 0x000000c667e00000,0x000000c667f00000] [id=14920]
  0x0000027a3c09c390 GCTaskThread "GC Thread#2" [stack: 0x000000c667f00000,0x000000c668000000] [id=11740]
  0x0000027a3c19ce40 GCTaskThread "GC Thread#3" [stack: 0x000000c668000000,0x000000c668100000] [id=7244]
  0x0000027a1fe46e10 ConcurrentGCThread "G1 Main Marker" [stack: 0x000000c666d00000,0x000000c666e00000] [id=6740]
  0x0000027a1fe47ed0 ConcurrentGCThread "G1 Conc#0" [stack: 0x000000c666e00000,0x000000c666f00000] [id=15136]
  0x0000027a1fe96290 ConcurrentGCThread "G1 Refine#0" [stack: 0x000000c666f00000,0x000000c667000000] [id=13124]
  0x0000027a3d5333f0 ConcurrentGCThread "G1 Refine#1" [stack: 0x000000c668100000,0x000000c668200000] [id=11872]
  0x0000027a1fe96bc0 ConcurrentGCThread "G1 Service" [stack: 0x000000c667000000,0x000000c667100000] [id=10900]

Threads with active compile tasks:
C2 CompilerThread0     5743 4400   !   4       com.sun.tools.javac.jvm.ClassReader::classSigToType (497 bytes)

VM state: not at safepoint (normal execution)

VM Mutex/Monitor currently owned by a thread: None

Heap address: 0x00000000c1800000, size: 1000 MB, Compressed Oops mode: 32-bit

CDS archive(s) mapped at: [0x0000000800000000-0x0000000800bd0000-0x0000000800bd0000), size 12386304, SharedBaseAddress: 0x0000000800000000, ArchiveRelocationMode: 0.
Compressed class space mapped at: 0x0000000800c00000-0x0000000840c00000, reserved size: 1073741824
Narrow klass base: 0x0000000800000000, Narrow klass shift: 0, Narrow klass range: 0x100000000

GC Precious Log:
 CPUs: 4 total, 4 available
 Memory: 3993M
 Large Page Support: Disabled
 NUMA Support: Disabled
 Compressed Oops: Enabled (32-bit)
 Heap Region Size: 1M
 Heap Min Capacity: 8M
 Heap Initial Capacity: 64M
 Heap Max Capacity: 1000M
 Pre-touch: Disabled
 Parallel Workers: 4
 Concurrent Workers: 1
 Concurrent Refinement Workers: 4
 Periodic GC: Disabled

Heap:
 garbage-first heap   total 92160K, used 29022K [0x00000000c1800000, 0x0000000100000000)
  region size 1024K, 12 young (12288K), 2 survivors (2048K)
 Metaspace       used 25667K, committed 26048K, reserved 1073152K
  class space    used 3060K, committed 3264K, reserved 1048576K

Heap Regions: E=young(eden), S=young(survivor), O=old, HS=humongous(starts), HC=humongous(continues), CS=collection set, F=free, OA=open archive, CA=closed archive, TAMS=top-at-mark-start (previous, next)
|   0|0x00000000c1800000, 0x00000000c1900000, 0x00000000c1900000|100%| O|  |TAMS 0x00000000c1900000, 0x00000000c1800000| Untracked 
|   1|0x00000000c1900000, 0x00000000c1a00000, 0x00000000c1a00000|100%| O|  |TAMS 0x00000000c1a00000, 0x00000000c1900000| Untracked 
|   2|0x00000000c1a00000, 0x00000000c1b00000, 0x00000000c1b00000|100%| O|  |TAMS 0x00000000c1b00000, 0x00000000c1a00000| Untracked 
|   3|0x00000000c1b00000, 0x00000000c1c00000, 0x00000000c1c00000|100%|HS|  |TAMS 0x00000000c1b00000, 0x00000000c1b00000| Complete 
|   4|0x00000000c1c00000, 0x00000000c1d00000, 0x00000000c1d00000|100%| O|  |TAMS 0x00000000c1c00000, 0x00000000c1c00000| Untracked 
|   5|0x00000000c1d00000, 0x00000000c1e00000, 0x00000000c1e00000|100%| O|  |TAMS 0x00000000c1d00000, 0x00000000c1d00000| Untracked 
|   6|0x00000000c1e00000, 0x00000000c1f00000, 0x00000000c1f00000|100%| O|  |TAMS 0x00000000c1e00000, 0x00000000c1e00000| Untracked 
|   7|0x00000000c1f00000, 0x00000000c1ff9800, 0x00000000c2000000| 97%| O|  |TAMS 0x00000000c1f00000, 0x00000000c1f00000| Untracked 
|   8|0x00000000c2000000, 0x00000000c2100000, 0x00000000c2100000|100%| O|  |TAMS 0x00000000c2000000, 0x00000000c2000000| Untracked 
|   9|0x00000000c2100000, 0x00000000c2200000, 0x00000000c2200000|100%| O|  |TAMS 0x00000000c2100000, 0x00000000c2100000| Untracked 
|  10|0x00000000c2200000, 0x00000000c2300000, 0x00000000c2300000|100%| O|  |TAMS 0x00000000c2200000, 0x00000000c2200000| Untracked 
|  11|0x00000000c2300000, 0x00000000c2400000, 0x00000000c2400000|100%| O|  |TAMS 0x00000000c2300000, 0x00000000c2300000| Untracked 
|  12|0x00000000c2400000, 0x00000000c2500000, 0x00000000c2500000|100%| O|  |TAMS 0x00000000c2400000, 0x00000000c2400000| Untracked 
|  13|0x00000000c2500000, 0x00000000c255e200, 0x00000000c2600000| 36%| O|  |TAMS 0x00000000c2500000, 0x00000000c2500000| Untracked 
|  14|0x00000000c2600000, 0x00000000c2600000, 0x00000000c2700000|  0%| F|  |TAMS 0x00000000c2600000, 0x00000000c2600000| Untracked 
|  15|0x00000000c2700000, 0x00000000c2700000, 0x00000000c2800000|  0%| F|  |TAMS 0x00000000c2700000, 0x00000000c2700000| Untracked 
|  16|0x00000000c2800000, 0x00000000c2900000, 0x00000000c2900000|100%| O|  |TAMS 0x00000000c2800000, 0x00000000c2800000| Untracked 
|  17|0x00000000c2900000, 0x00000000c2a00000, 0x00000000c2a00000|100%| O|  |TAMS 0x00000000c2900000, 0x00000000c2900000| Untracked 
|  18|0x00000000c2a00000, 0x00000000c2b00000, 0x00000000c2b00000|100%| O|  |TAMS 0x00000000c2a00000, 0x00000000c2a00000| Untracked 
|  19|0x00000000c2b00000, 0x00000000c2c00000, 0x00000000c2c00000|100%| O|  |TAMS 0x00000000c2b00000, 0x00000000c2b00000| Untracked 
|  20|0x00000000c2c00000, 0x00000000c2c00000, 0x00000000c2d00000|  0%| F|  |TAMS 0x00000000c2c00000, 0x00000000c2c00000| Untracked 
|  21|0x00000000c2d00000, 0x00000000c2d00000, 0x00000000c2e00000|  0%| F|  |TAMS 0x00000000c2d00000, 0x00000000c2d00000| Untracked 
|  22|0x00000000c2e00000, 0x00000000c2e00000, 0x00000000c2f00000|  0%| F|  |TAMS 0x00000000c2e00000, 0x00000000c2e00000| Untracked 
|  23|0x00000000c2f00000, 0x00000000c2f00000, 0x00000000c3000000|  0%| F|  |TAMS 0x00000000c2f00000, 0x00000000c2f00000| Untracked 
|  24|0x00000000c3000000, 0x00000000c3000000, 0x00000000c3100000|  0%| F|  |TAMS 0x00000000c3000000, 0x00000000c3000000| Untracked 
|  25|0x00000000c3100000, 0x00000000c3200000, 0x00000000c3200000|100%| S|CS|TAMS 0x00000000c3100000, 0x00000000c3100000| Complete 
|  26|0x00000000c3200000, 0x00000000c3300000, 0x00000000c3300000|100%| S|CS|TAMS 0x00000000c3200000, 0x00000000c3200000| Complete 
|  27|0x00000000c3300000, 0x00000000c3300000, 0x00000000c3400000|  0%| F|  |TAMS 0x00000000c3300000, 0x00000000c3300000| Untracked 
|  28|0x00000000c3400000, 0x00000000c3400000, 0x00000000c3500000|  0%| F|  |TAMS 0x00000000c3400000, 0x00000000c3400000| Untracked 
|  29|0x00000000c3500000, 0x00000000c3500000, 0x00000000c3600000|  0%| F|  |TAMS 0x00000000c3500000, 0x00000000c3500000| Untracked 
|  30|0x00000000c3600000, 0x00000000c3600000, 0x00000000c3700000|  0%| F|  |TAMS 0x00000000c3600000, 0x00000000c3600000| Untracked 
|  31|0x00000000c3700000, 0x00000000c3700000, 0x00000000c3800000|  0%| F|  |TAMS 0x00000000c3700000, 0x00000000c3700000| Untracked 
|  32|0x00000000c3800000, 0x00000000c3800000, 0x00000000c3900000|  0%| F|  |TAMS 0x00000000c3800000, 0x00000000c3800000| Untracked 
|  33|0x00000000c3900000, 0x00000000c3900000, 0x00000000c3a00000|  0%| F|  |TAMS 0x00000000c3900000, 0x00000000c3900000| Untracked 
|  34|0x00000000c3a00000, 0x00000000c3a00000, 0x00000000c3b00000|  0%| F|  |TAMS 0x00000000c3a00000, 0x00000000c3a00000| Untracked 
|  35|0x00000000c3b00000, 0x00000000c3b00000, 0x00000000c3c00000|  0%| F|  |TAMS 0x00000000c3b00000, 0x00000000c3b00000| Untracked 
|  36|0x00000000c3c00000, 0x00000000c3c00000, 0x00000000c3d00000|  0%| F|  |TAMS 0x00000000c3c00000, 0x00000000c3c00000| Untracked 
|  37|0x00000000c3d00000, 0x00000000c3d00000, 0x00000000c3e00000|  0%| F|  |TAMS 0x00000000c3d00000, 0x00000000c3d00000| Untracked 
|  38|0x00000000c3e00000, 0x00000000c3e00000, 0x00000000c3f00000|  0%| F|  |TAMS 0x00000000c3e00000, 0x00000000c3e00000| Untracked 
|  39|0x00000000c3f00000, 0x00000000c3f00000, 0x00000000c4000000|  0%| F|  |TAMS 0x00000000c3f00000, 0x00000000c3f00000| Untracked 
|  40|0x00000000c4000000, 0x00000000c4000000, 0x00000000c4100000|  0%| F|  |TAMS 0x00000000c4000000, 0x00000000c4000000| Untracked 
|  41|0x00000000c4100000, 0x00000000c4100000, 0x00000000c4200000|  0%| F|  |TAMS 0x00000000c4100000, 0x00000000c4100000| Untracked 
|  42|0x00000000c4200000, 0x00000000c4200000, 0x00000000c4300000|  0%| F|  |TAMS 0x00000000c4200000, 0x00000000c4200000| Untracked 
|  43|0x00000000c4300000, 0x00000000c4300000, 0x00000000c4400000|  0%| F|  |TAMS 0x00000000c4300000, 0x00000000c4300000| Untracked 
|  44|0x00000000c4400000, 0x00000000c4400000, 0x00000000c4500000|  0%| F|  |TAMS 0x00000000c4400000, 0x00000000c4400000| Untracked 
|  45|0x00000000c4500000, 0x00000000c4500000, 0x00000000c4600000|  0%| F|  |TAMS 0x00000000c4500000, 0x00000000c4500000| Untracked 
|  46|0x00000000c4600000, 0x00000000c4600000, 0x00000000c4700000|  0%| F|  |TAMS 0x00000000c4600000, 0x00000000c4600000| Untracked 
|  47|0x00000000c4700000, 0x00000000c4700000, 0x00000000c4800000|  0%| F|  |TAMS 0x00000000c4700000, 0x00000000c4700000| Untracked 
|  48|0x00000000c4800000, 0x00000000c4800000, 0x00000000c4900000|  0%| F|  |TAMS 0x00000000c4800000, 0x00000000c4800000| Untracked 
|  49|0x00000000c4900000, 0x00000000c4900000, 0x00000000c4a00000|  0%| F|  |TAMS 0x00000000c4900000, 0x00000000c4900000| Untracked 
|  50|0x00000000c4a00000, 0x00000000c4a00000, 0x00000000c4b00000|  0%| F|  |TAMS 0x00000000c4a00000, 0x00000000c4a00000| Untracked 
|  51|0x00000000c4b00000, 0x00000000c4b00000, 0x00000000c4c00000|  0%| F|  |TAMS 0x00000000c4b00000, 0x00000000c4b00000| Untracked 
|  52|0x00000000c4c00000, 0x00000000c4c00000, 0x00000000c4d00000|  0%| F|  |TAMS 0x00000000c4c00000, 0x00000000c4c00000| Untracked 
|  53|0x00000000c4d00000, 0x00000000c4d00000, 0x00000000c4e00000|  0%| F|  |TAMS 0x00000000c4d00000, 0x00000000c4d00000| Untracked 
|  54|0x00000000c4e00000, 0x00000000c4e00000, 0x00000000c4f00000|  0%| F|  |TAMS 0x00000000c4e00000, 0x00000000c4e00000| Untracked 
|  55|0x00000000c4f00000, 0x00000000c4f00000, 0x00000000c5000000|  0%| F|  |TAMS 0x00000000c4f00000, 0x00000000c4f00000| Untracked 
|  56|0x00000000c5000000, 0x00000000c5000000, 0x00000000c5100000|  0%| F|  |TAMS 0x00000000c5000000, 0x00000000c5000000| Untracked 
|  57|0x00000000c5100000, 0x00000000c5100000, 0x00000000c5200000|  0%| F|  |TAMS 0x00000000c5100000, 0x00000000c5100000| Untracked 
|  58|0x00000000c5200000, 0x00000000c5200000, 0x00000000c5300000|  0%| F|  |TAMS 0x00000000c5200000, 0x00000000c5200000| Untracked 
|  59|0x00000000c5300000, 0x00000000c5300000, 0x00000000c5400000|  0%| F|  |TAMS 0x00000000c5300000, 0x00000000c5300000| Untracked 
|  60|0x00000000c5400000, 0x00000000c5400000, 0x00000000c5500000|  0%| F|  |TAMS 0x00000000c5400000, 0x00000000c5400000| Untracked 
|  61|0x00000000c5500000, 0x00000000c5500000, 0x00000000c5600000|  0%| F|  |TAMS 0x00000000c5500000, 0x00000000c5500000| Untracked 
|  62|0x00000000c5600000, 0x00000000c5600000, 0x00000000c5700000|  0%| F|  |TAMS 0x00000000c5600000, 0x00000000c5600000| Untracked 
|  63|0x00000000c5700000, 0x00000000c5700000, 0x00000000c5800000|  0%| F|  |TAMS 0x00000000c5700000, 0x00000000c5700000| Untracked 
|  64|0x00000000c5800000, 0x00000000c5800000, 0x00000000c5900000|  0%| F|  |TAMS 0x00000000c5800000, 0x00000000c5800000| Untracked 
|  65|0x00000000c5900000, 0x00000000c5900000, 0x00000000c5a00000|  0%| F|  |TAMS 0x00000000c5900000, 0x00000000c5900000| Untracked 
|  66|0x00000000c5a00000, 0x00000000c5a00000, 0x00000000c5b00000|  0%| F|  |TAMS 0x00000000c5a00000, 0x00000000c5a00000| Untracked 
|  67|0x00000000c5b00000, 0x00000000c5b00000, 0x00000000c5c00000|  0%| F|  |TAMS 0x00000000c5b00000, 0x00000000c5b00000| Untracked 
|  68|0x00000000c5c00000, 0x00000000c5c00000, 0x00000000c5d00000|  0%| F|  |TAMS 0x00000000c5c00000, 0x00000000c5c00000| Untracked 
|  69|0x00000000c5d00000, 0x00000000c5d00000, 0x00000000c5e00000|  0%| F|  |TAMS 0x00000000c5d00000, 0x00000000c5d00000| Untracked 
|  70|0x00000000c5e00000, 0x00000000c5e00000, 0x00000000c5f00000|  0%| F|  |TAMS 0x00000000c5e00000, 0x00000000c5e00000| Untracked 
|  71|0x00000000c5f00000, 0x00000000c5f00000, 0x00000000c6000000|  0%| F|  |TAMS 0x00000000c5f00000, 0x00000000c5f00000| Untracked 
|  72|0x00000000c6000000, 0x00000000c6000000, 0x00000000c6100000|  0%| F|  |TAMS 0x00000000c6000000, 0x00000000c6000000| Untracked 
|  73|0x00000000c6100000, 0x00000000c6100000, 0x00000000c6200000|  0%| F|  |TAMS 0x00000000c6100000, 0x00000000c6100000| Untracked 
|  74|0x00000000c6200000, 0x00000000c6200000, 0x00000000c6300000|  0%| F|  |TAMS 0x00000000c6200000, 0x00000000c6200000| Untracked 
|  75|0x00000000c6300000, 0x00000000c6300000, 0x00000000c6400000|  0%| F|  |TAMS 0x00000000c6300000, 0x00000000c6300000| Untracked 
|  76|0x00000000c6400000, 0x00000000c6400000, 0x00000000c6500000|  0%| F|  |TAMS 0x00000000c6400000, 0x00000000c6400000| Untracked 
|  77|0x00000000c6500000, 0x00000000c6500000, 0x00000000c6600000|  0%| F|  |TAMS 0x00000000c6500000, 0x00000000c6500000| Untracked 
|  78|0x00000000c6600000, 0x00000000c6600000, 0x00000000c6700000|  0%| F|  |TAMS 0x00000000c6600000, 0x00000000c6600000| Untracked 
|  79|0x00000000c6700000, 0x00000000c6700000, 0x00000000c6800000|  0%| F|  |TAMS 0x00000000c6700000, 0x00000000c6700000| Untracked 
|  80|0x00000000c6800000, 0x00000000c6880800, 0x00000000c6900000| 50%| E|  |TAMS 0x00000000c6800000, 0x00000000c6800000| Complete 
|  81|0x00000000c6900000, 0x00000000c6a00000, 0x00000000c6a00000|100%| E|CS|TAMS 0x00000000c6900000, 0x00000000c6900000| Complete 
|  82|0x00000000c6a00000, 0x00000000c6b00000, 0x00000000c6b00000|100%| E|CS|TAMS 0x00000000c6a00000, 0x00000000c6a00000| Complete 
|  83|0x00000000c6b00000, 0x00000000c6c00000, 0x00000000c6c00000|100%| E|CS|TAMS 0x00000000c6b00000, 0x00000000c6b00000| Complete 
|  84|0x00000000c6c00000, 0x00000000c6d00000, 0x00000000c6d00000|100%| E|CS|TAMS 0x00000000c6c00000, 0x00000000c6c00000| Complete 
|  85|0x00000000c6d00000, 0x00000000c6e00000, 0x00000000c6e00000|100%| E|CS|TAMS 0x00000000c6d00000, 0x00000000c6d00000| Complete 
|  86|0x00000000c6e00000, 0x00000000c6f00000, 0x00000000c6f00000|100%| E|CS|TAMS 0x00000000c6e00000, 0x00000000c6e00000| Complete 
|  87|0x00000000c6f00000, 0x00000000c7000000, 0x00000000c7000000|100%| E|CS|TAMS 0x00000000c6f00000, 0x00000000c6f00000| Complete 
|  88|0x00000000c7000000, 0x00000000c7100000, 0x00000000c7100000|100%| E|CS|TAMS 0x00000000c7000000, 0x00000000c7000000| Complete 
|  89|0x00000000c7100000, 0x00000000c7200000, 0x00000000c7200000|100%| E|CS|TAMS 0x00000000c7100000, 0x00000000c7100000| Complete 

Card table byte_map: [0x0000027a36890000,0x0000027a36a90000] _byte_map_base: 0x0000027a36284000

Marking Bits (Prev, Next): (CMBitMap*) 0x0000027a1fe3e820, (CMBitMap*) 0x0000027a1fe3e7e0
 Prev Bits: [0x0000027a37c30000, 0x0000027a38bd0000)
 Next Bits: [0x0000027a36c90000, 0x0000027a37c30000)

Polling page: 0x0000027a1f5e0000

Metaspace:

Usage:
  Non-class:     22.08 MB used.
      Class:      2.99 MB used.
       Both:     25.07 MB used.

Virtual space:
  Non-class space:       24.00 MB reserved,      22.25 MB ( 93%) committed,  3 nodes.
      Class space:        1.00 GB reserved,       3.19 MB ( <1%) committed,  1 nodes.
             Both:        1.02 GB reserved,      25.44 MB (  2%) committed. 

Chunk freelists:
   Non-Class:  956.00 KB
       Class:  830.00 KB
        Both:  1.74 MB

MaxMetaspaceSize: unlimited
CompressedClassSpaceSize: 1.00 GB
Initial GC threshold: 21.00 MB
Current GC threshold: 35.56 MB
CDS: on
MetaspaceReclaimPolicy: balanced
 - commit_granule_bytes: 65536.
 - commit_granule_words: 8192.
 - virtual_space_node_default_size: 1048576.
 - enlarge_chunks_in_place: 1.
 - new_chunks_are_fully_committed: 0.
 - uncommit_free_chunks: 1.
 - use_allocation_guard: 0.
 - handle_deallocations: 1.


Internal statistics:

num_allocs_failed_limit: 3.
num_arena_births: 146.
num_arena_deaths: 0.
num_vsnodes_births: 4.
num_vsnodes_deaths: 0.
num_space_committed: 407.
num_space_uncommitted: 0.
num_chunks_returned_to_freelist: 3.
num_chunks_taken_from_freelist: 1060.
num_chunk_merges: 3.
num_chunk_splits: 753.
num_chunks_enlarged: 611.
num_purges: 0.
num_inconsistent_stats: 0.

CodeHeap 'non-profiled nmethods': size=120000Kb used=1615Kb max_used=1615Kb free=118384Kb
 bounds [0x0000027a2f160000, 0x0000027a2f3d0000, 0x0000027a36690000]
CodeHeap 'profiled nmethods': size=120000Kb used=9843Kb max_used=9843Kb free=110156Kb
 bounds [0x0000027a27690000, 0x0000027a28030000, 0x0000027a2ebc0000]
CodeHeap 'non-nmethods': size=5760Kb used=1202Kb max_used=1226Kb free=4557Kb
 bounds [0x0000027a2ebc0000, 0x0000027a2ee30000, 0x0000027a2f160000]
 total_blobs=5389 nmethods=4887 adapters=414
 compilation: enabled
              stopped_count=0, restarted_count=0
 full_count=0

Compilation events (20 events):
Event: 5.686 Thread 0x0000027a3b020cf0 nmethod 4868 0x0000027a2801c090 code [0x0000027a2801c220, 0x0000027a2801c388]
Event: 5.686 Thread 0x0000027a3b020cf0 4869       1       sun.nio.fs.WindowsPath::toString (5 bytes)
Event: 5.686 Thread 0x0000027a3b020cf0 nmethod 4869 0x0000027a2f2eee90 code [0x0000027a2f2ef020, 0x0000027a2f2ef0f8]
Event: 5.686 Thread 0x0000027a3b020cf0 4870       2       java.util.HashMap$ValueIterator::next (8 bytes)
Event: 5.686 Thread 0x0000027a3b020cf0 nmethod 4870 0x0000027a2801c490 code [0x0000027a2801c620, 0x0000027a2801c748]
Event: 5.689 Thread 0x0000027a3b020cf0 4871  s    2       java.lang.StringBuffer::toString (59 bytes)
Event: 5.689 Thread 0x0000027a3b020cf0 nmethod 4871 0x0000027a2801c810 code [0x0000027a2801c9e0, 0x0000027a2801cdf8]
Event: 5.691 Thread 0x0000027a3b020cf0 4872       2       org.eclipse.aether.DefaultRepositorySystemSession::verifyStateForMutation (19 bytes)
Event: 5.691 Thread 0x0000027a3b020cf0 nmethod 4872 0x0000027a2801cf10 code [0x0000027a2801d0c0, 0x0000027a2801d288]
Event: 5.691 Thread 0x0000027a3b020cf0 4873       1       org.eclipse.aether.DefaultRepositorySystemSession::getProxySelector (5 bytes)
Event: 5.691 Thread 0x0000027a3b020cf0 nmethod 4873 0x0000027a2f2ef190 code [0x0000027a2f2ef320, 0x0000027a2f2ef3f8]
Event: 5.691 Thread 0x0000027a3b020cf0 4874       1       org.eclipse.aether.DefaultRepositorySystemSession::getAuthenticationSelector (5 bytes)
Event: 5.691 Thread 0x0000027a3b020cf0 nmethod 4874 0x0000027a2f2ef490 code [0x0000027a2f2ef620, 0x0000027a2f2ef6f8]
Event: 5.694 Thread 0x0000027a3b020cf0 4875       2       java.util.Properties$EntrySet::iterator (10 bytes)
Event: 5.695 Thread 0x0000027a3b020cf0 nmethod 4875 0x0000027a2801d390 code [0x0000027a2801d520, 0x0000027a2801d648]
Event: 5.696 Thread 0x0000027a3b020cf0 4876   !   2       java.io.FileInputStream::close (69 bytes)
Event: 5.697 Thread 0x0000027a3b020cf0 nmethod 4876 0x0000027a2801d710 code [0x0000027a2801d8e0, 0x0000027a2801dc98]
Event: 5.697 Thread 0x0000027a3b020cf0 4878  s    2       java.util.Properties::clone (25 bytes)
Event: 5.697 Thread 0x0000027a3b020cf0 nmethod 4878 0x0000027a2801de10 code [0x0000027a2801dfe0, 0x0000027a2801e448]
Event: 5.697 Thread 0x0000027a3b020cf0 4877       2       org.codehaus.plexus.util.StringUtils::clean (14 bytes)

GC Heap History (16 events):
Event: 0.581 GC heap before
{Heap before GC invocations=0 (full 0):
 garbage-first heap   total 65536K, used 12288K [0x00000000c1800000, 0x0000000100000000)
  region size 1024K, 13 young (13312K), 0 survivors (0K)
 Metaspace       used 3756K, committed 3904K, reserved 1056768K
  class space    used 407K, committed 448K, reserved 1048576K
}
Event: 0.589 GC heap after
{Heap after GC invocations=1 (full 0):
 garbage-first heap   total 65536K, used 3280K [0x00000000c1800000, 0x0000000100000000)
  region size 1024K, 2 young (2048K), 2 survivors (2048K)
 Metaspace       used 3756K, committed 3904K, reserved 1056768K
  class space    used 407K, committed 448K, reserved 1048576K
}
Event: 0.934 GC heap before
{Heap before GC invocations=1 (full 0):
 garbage-first heap   total 65536K, used 16592K [0x00000000c1800000, 0x0000000100000000)
  region size 1024K, 15 young (15360K), 2 survivors (2048K)
 Metaspace       used 5672K, committed 5824K, reserved 1056768K
  class space    used 687K, committed 768K, reserved 1048576K
}
Event: 0.941 GC heap after
{Heap after GC invocations=2 (full 0):
 garbage-first heap   total 65536K, used 4176K [0x00000000c1800000, 0x0000000100000000)
  region size 1024K, 1 young (1024K), 1 survivors (1024K)
 Metaspace       used 5672K, committed 5824K, reserved 1056768K
  class space    used 687K, committed 768K, reserved 1048576K
}
Event: 1.695 GC heap before
{Heap before GC invocations=2 (full 0):
 garbage-first heap   total 65536K, used 28752K [0x00000000c1800000, 0x0000000100000000)
  region size 1024K, 26 young (26624K), 1 survivors (1024K)
 Metaspace       used 9634K, committed 9856K, reserved 1064960K
  class space    used 1178K, committed 1280K, reserved 1048576K
}
Event: 1.702 GC heap after
{Heap after GC invocations=3 (full 0):
 garbage-first heap   total 65536K, used 5489K [0x00000000c1800000, 0x0000000100000000)
  region size 1024K, 2 young (2048K), 2 survivors (2048K)
 Metaspace       used 9634K, committed 9856K, reserved 1064960K
  class space    used 1178K, committed 1280K, reserved 1048576K
}
Event: 3.723 GC heap before
{Heap before GC invocations=3 (full 0):
 garbage-first heap   total 65536K, used 42353K [0x00000000c1800000, 0x0000000100000000)
  region size 1024K, 38 young (38912K), 2 survivors (2048K)
 Metaspace       used 15099K, committed 15296K, reserved 1064960K
  class space    used 1832K, committed 1920K, reserved 1048576K
}
Event: 3.739 GC heap after
{Heap after GC invocations=4 (full 0):
 garbage-first heap   total 65536K, used 8520K [0x00000000c1800000, 0x0000000100000000)
  region size 1024K, 5 young (5120K), 5 survivors (5120K)
 Metaspace       used 15099K, committed 15296K, reserved 1064960K
  class space    used 1832K, committed 1920K, reserved 1048576K
}
Event: 4.611 GC heap before
{Heap before GC invocations=4 (full 0):
 garbage-first heap   total 65536K, used 31048K [0x00000000c1800000, 0x0000000100000000)
  region size 1024K, 28 young (28672K), 5 survivors (5120K)
 Metaspace       used 21239K, committed 21504K, reserved 1073152K
  class space    used 2571K, committed 2752K, reserved 1048576K
}
Event: 4.630 GC heap after
{Heap after GC invocations=5 (full 0):
 garbage-first heap   total 65536K, used 11043K [0x00000000c1800000, 0x0000000100000000)
  region size 1024K, 3 young (3072K), 3 survivors (3072K)
 Metaspace       used 21239K, committed 21504K, reserved 1073152K
  class space    used 2571K, committed 2752K, reserved 1048576K
}
Event: 5.177 GC heap before
{Heap before GC invocations=6 (full 0):
 garbage-first heap   total 40960K, used 32547K [0x00000000c1800000, 0x0000000100000000)
  region size 1024K, 24 young (24576K), 3 survivors (3072K)
 Metaspace       used 24221K, committed 24512K, reserved 1073152K
  class space    used 2904K, committed 3072K, reserved 1048576K
}
Event: 5.195 GC heap after
{Heap after GC invocations=7 (full 0):
 garbage-first heap   total 40960K, used 15674K [0x00000000c1800000, 0x0000000100000000)
  region size 1024K, 3 young (3072K), 3 survivors (3072K)
 Metaspace       used 24221K, committed 24512K, reserved 1073152K
  class space    used 2904K, committed 3072K, reserved 1048576K
}
Event: 5.206 GC heap before
{Heap before GC invocations=7 (full 0):
 garbage-first heap   total 40960K, used 16698K [0x00000000c1800000, 0x0000000100000000)
  region size 1024K, 4 young (4096K), 3 survivors (3072K)
 Metaspace       used 24228K, committed 24512K, reserved 1073152K
  class space    used 2905K, committed 3072K, reserved 1048576K
}
Event: 5.222 GC heap after
{Heap after GC invocations=8 (full 0):
 garbage-first heap   total 40960K, used 16276K [0x00000000c1800000, 0x0000000100000000)
  region size 1024K, 1 young (1024K), 1 survivors (1024K)
 Metaspace       used 24228K, committed 24512K, reserved 1073152K
  class space    used 2905K, committed 3072K, reserved 1048576K
}
Event: 5.453 GC heap before
{Heap before GC invocations=8 (full 0):
 garbage-first heap   total 40960K, used 29588K [0x00000000c1800000, 0x0000000100000000)
  region size 1024K, 13 young (13312K), 1 survivors (1024K)
 Metaspace       used 25138K, committed 25472K, reserved 1073152K
  class space    used 3015K, committed 3200K, reserved 1048576K
}
Event: 5.460 GC heap after
{Heap after GC invocations=9 (full 0):
 garbage-first heap   total 92160K, used 19806K [0x00000000c1800000, 0x0000000100000000)
  region size 1024K, 2 young (2048K), 2 survivors (2048K)
 Metaspace       used 25138K, committed 25472K, reserved 1073152K
  class space    used 3015K, committed 3200K, reserved 1048576K
}

Deoptimization events (20 events):
Event: 5.053 Thread 0x0000027a1fe02380 DEOPT PACKING pc=0x0000027a2f2c1be0 sp=0x000000c666bfc5a0
Event: 5.053 Thread 0x0000027a1fe02380 DEOPT UNPACKING pc=0x0000027a2ec123a3 sp=0x000000c666bfc530 mode 2
Event: 5.251 Thread 0x0000027a1fe02380 DEOPT PACKING pc=0x0000027a27ea92f5 sp=0x000000c666bfba90
Event: 5.251 Thread 0x0000027a1fe02380 DEOPT UNPACKING pc=0x0000027a2ec12b43 sp=0x000000c666bfaf90 mode 0
Event: 5.357 Thread 0x0000027a1fe02380 Uncommon trap: trap_request=0xffffffc6 fr.pc=0x0000027a2f2c5b88 relative=0x0000000000000d28
Event: 5.357 Thread 0x0000027a1fe02380 Uncommon trap: reason=bimorphic_or_optimized_type_check action=maybe_recompile pc=0x0000027a2f2c5b88 method=java.util.HashMap.putVal(ILjava/lang/Object;Ljava/lang/Object;ZZ)Ljava/lang/Object; @ 253 c2
Event: 5.357 Thread 0x0000027a1fe02380 DEOPT PACKING pc=0x0000027a2f2c5b88 sp=0x000000c666bfd350
Event: 5.357 Thread 0x0000027a1fe02380 DEOPT UNPACKING pc=0x0000027a2ec123a3 sp=0x000000c666bfd2e0 mode 2
Event: 5.359 Thread 0x0000027a1fe02380 Uncommon trap: trap_request=0xffffffc6 fr.pc=0x0000027a2f2c5b88 relative=0x0000000000000d28
Event: 5.359 Thread 0x0000027a1fe02380 Uncommon trap: reason=bimorphic_or_optimized_type_check action=maybe_recompile pc=0x0000027a2f2c5b88 method=java.util.HashMap.putVal(ILjava/lang/Object;Ljava/lang/Object;ZZ)Ljava/lang/Object; @ 253 c2
Event: 5.359 Thread 0x0000027a1fe02380 DEOPT PACKING pc=0x0000027a2f2c5b88 sp=0x000000c666bfd340
Event: 5.359 Thread 0x0000027a1fe02380 DEOPT UNPACKING pc=0x0000027a2ec123a3 sp=0x000000c666bfd2d0 mode 2
Event: 5.657 Thread 0x0000027a1fe02380 Uncommon trap: trap_request=0xffffff45 fr.pc=0x0000027a2f16933c relative=0x00000000000001bc
Event: 5.657 Thread 0x0000027a1fe02380 Uncommon trap: reason=unstable_if action=reinterpret pc=0x0000027a2f16933c method=java.lang.String.hashCode()I @ 20 c2
Event: 5.657 Thread 0x0000027a1fe02380 DEOPT PACKING pc=0x0000027a2f16933c sp=0x000000c666bfc790
Event: 5.658 Thread 0x0000027a1fe02380 DEOPT UNPACKING pc=0x0000027a2ec123a3 sp=0x000000c666bfc720 mode 2
Event: 5.658 Thread 0x0000027a1fe02380 Uncommon trap: trap_request=0xffffff3d fr.pc=0x0000027a2f2dd394 relative=0x0000000000000214
Event: 5.658 Thread 0x0000027a1fe02380 Uncommon trap: reason=unstable_fused_if action=reinterpret pc=0x0000027a2f2dd394 method=com.sun.tools.javac.util.Convert.chars2utf([CI[BII)I @ 28 c2
Event: 5.658 Thread 0x0000027a1fe02380 DEOPT PACKING pc=0x0000027a2f2dd394 sp=0x000000c666bfc5c0
Event: 5.658 Thread 0x0000027a1fe02380 DEOPT UNPACKING pc=0x0000027a2ec123a3 sp=0x000000c666bfc520 mode 2

Classes unloaded (0 events):
No events

Classes redefined (0 events):
No events

Internal exceptions (20 events):
Event: 5.259 Thread 0x0000027a1fe02380 Exception <a 'java/lang/NoSuchMethodError'{0x00000000c3a91e50}: 'void java.lang.invoke.DirectMethodHandle$Holder.invokeSpecial(java.lang.Object, java.lang.Object, java.lang.Object, java.lang.Object, java.lang.Object)'> (0x00000000c3a91e50) 
thrown [s\open\src\hotspot\share\interpreter\linkResolver.cpp, line 759]
Event: 5.277 Thread 0x0000027a1fe02380 Exception <a 'sun/nio/fs/WindowsException'{0x00000000c3986878}> (0x00000000c3986878) 
thrown [s\open\src\hotspot\share\prims\jni.cpp, line 516]
Event: 5.278 Thread 0x0000027a1fe02380 Exception <a 'sun/nio/fs/WindowsException'{0x00000000c3988820}> (0x00000000c3988820) 
thrown [s\open\src\hotspot\share\prims\jni.cpp, line 516]
Event: 5.278 Thread 0x0000027a1fe02380 Exception <a 'sun/nio/fs/WindowsException'{0x00000000c3988a48}> (0x00000000c3988a48) 
thrown [s\open\src\hotspot\share\prims\jni.cpp, line 516]
Event: 5.278 Thread 0x0000027a1fe02380 Exception <a 'sun/nio/fs/WindowsException'{0x00000000c3989a48}> (0x00000000c3989a48) 
thrown [s\open\src\hotspot\share\prims\jni.cpp, line 516]
Event: 5.279 Thread 0x0000027a1fe02380 Exception <a 'sun/nio/fs/WindowsException'{0x00000000c398bc58}> (0x00000000c398bc58) 
thrown [s\open\src\hotspot\share\prims\jni.cpp, line 516]
Event: 5.280 Thread 0x0000027a1fe02380 Exception <a 'sun/nio/fs/WindowsException'{0x00000000c398bf50}> (0x00000000c398bf50) 
thrown [s\open\src\hotspot\share\prims\jni.cpp, line 516]
Event: 5.280 Thread 0x0000027a1fe02380 Exception <a 'sun/nio/fs/WindowsException'{0x00000000c398d018}> (0x00000000c398d018) 
thrown [s\open\src\hotspot\share\prims\jni.cpp, line 516]
Event: 5.285 Thread 0x0000027a1fe02380 Exception <a 'sun/nio/fs/WindowsException'{0x00000000c39905f8}> (0x00000000c39905f8) 
thrown [s\open\src\hotspot\share\prims\jni.cpp, line 516]
Event: 5.285 Thread 0x0000027a1fe02380 Exception <a 'sun/nio/fs/WindowsException'{0x00000000c3990790}> (0x00000000c3990790) 
thrown [s\open\src\hotspot\share\prims\jni.cpp, line 516]
Event: 5.285 Thread 0x0000027a1fe02380 Exception <a 'sun/nio/fs/WindowsException'{0x00000000c3991720}> (0x00000000c3991720) 
thrown [s\open\src\hotspot\share\prims\jni.cpp, line 516]
Event: 5.287 Thread 0x0000027a1fe02380 Exception <a 'sun/nio/fs/WindowsException'{0x00000000c3993558}> (0x00000000c3993558) 
thrown [s\open\src\hotspot\share\prims\jni.cpp, line 516]
Event: 5.287 Thread 0x0000027a1fe02380 Exception <a 'sun/nio/fs/WindowsException'{0x00000000c3993818}> (0x00000000c3993818) 
thrown [s\open\src\hotspot\share\prims\jni.cpp, line 516]
Event: 5.386 Thread 0x0000027a1fe02380 Exception <a 'sun/nio/fs/WindowsException'{0x00000000c36c24d8}> (0x00000000c36c24d8) 
thrown [s\open\src\hotspot\share\prims\jni.cpp, line 516]
Event: 5.424 Thread 0x0000027a1fe02380 Exception <a 'sun/nio/fs/WindowsException'{0x00000000c345d430}> (0x00000000c345d430) 
thrown [s\open\src\hotspot\share\prims\jni.cpp, line 516]
Event: 5.647 Thread 0x0000027a1fe02380 Exception <a 'sun/nio/fs/WindowsException'{0x00000000c6b9fed0}> (0x00000000c6b9fed0) 
thrown [s\open\src\hotspot\share\prims\jni.cpp, line 516]
Event: 5.650 Thread 0x0000027a1fe02380 Exception <a 'sun/nio/fs/WindowsException'{0x00000000c6ba37c0}> (0x00000000c6ba37c0) 
thrown [s\open\src\hotspot\share\prims\jni.cpp, line 516]
Event: 5.653 Thread 0x0000027a1fe02380 Exception <a 'sun/nio/fs/WindowsException'{0x00000000c6ba77a0}> (0x00000000c6ba77a0) 
thrown [s\open\src\hotspot\share\prims\jni.cpp, line 516]
Event: 5.670 Thread 0x0000027a1fe02380 Exception <a 'sun/nio/fs/WindowsException'{0x00000000c6bcaff8}> (0x00000000c6bcaff8) 
thrown [s\open\src\hotspot\share\prims\jni.cpp, line 516]
Event: 5.677 Thread 0x0000027a1fe02380 Exception <a 'sun/nio/fs/WindowsException'{0x00000000c6bdbb78}> (0x00000000c6bdbb78) 
thrown [s\open\src\hotspot\share\prims\jni.cpp, line 516]

VM Operations (20 events):
Event: 4.986 Executing VM operation: HandshakeAllThreads
Event: 4.986 Executing VM operation: HandshakeAllThreads done
Event: 4.989 Executing VM operation: HandshakeAllThreads
Event: 4.989 Executing VM operation: HandshakeAllThreads done
Event: 5.062 Executing VM operation: HandshakeAllThreads
Event: 5.062 Executing VM operation: HandshakeAllThreads done
Event: 5.177 Executing VM operation: G1CollectForAllocation
Event: 5.195 Executing VM operation: G1CollectForAllocation done
Event: 5.206 Executing VM operation: G1CollectForAllocation
Event: 5.222 Executing VM operation: G1CollectForAllocation done
Event: 5.315 Executing VM operation: HandshakeAllThreads
Event: 5.315 Executing VM operation: HandshakeAllThreads done
Event: 5.408 Executing VM operation: ICBufferFull
Event: 5.408 Executing VM operation: ICBufferFull done
Event: 5.453 Executing VM operation: G1CollectForAllocation
Event: 5.460 Executing VM operation: G1CollectForAllocation done
Event: 5.578 Executing VM operation: ICBufferFull
Event: 5.578 Executing VM operation: ICBufferFull done
Event: 5.672 Executing VM operation: ICBufferFull
Event: 5.672 Executing VM operation: ICBufferFull done

Events (20 events):
Event: 5.284 loading class java/nio/file/Files$3
Event: 5.284 loading class java/nio/file/Files$3 done
Event: 5.284 loading class java/nio/file/FileVisitResult
Event: 5.284 loading class java/nio/file/FileVisitResult done
Event: 5.315 loading class java/util/stream/ReduceOps$1
Event: 5.315 loading class java/util/stream/ReduceOps$1 done
Event: 5.315 loading class java/util/stream/ReduceOps$1ReducingSink
Event: 5.316 loading class java/util/stream/ReduceOps$1ReducingSink done
Event: 5.368 loading class java/util/function/ToIntBiFunction
Event: 5.368 loading class java/util/function/ToIntBiFunction done
Event: 5.679 loading class java/util/EnumMap$Values
Event: 5.679 loading class java/util/EnumMap$Values done
Event: 5.679 loading class java/util/EnumMap$ValueIterator
Event: 5.680 loading class java/util/EnumMap$EnumMapIterator
Event: 5.680 loading class java/util/EnumMap$EnumMapIterator done
Event: 5.680 loading class java/util/EnumMap$ValueIterator done
Event: 5.680 loading class java/util/WeakHashMap$KeyIterator
Event: 5.681 loading class java/util/WeakHashMap$HashIterator
Event: 5.681 loading class java/util/WeakHashMap$HashIterator done
Event: 5.681 loading class java/util/WeakHashMap$KeyIterator done


Dynamic libraries:
0x00007ff679dc0000 - 0x00007ff679dd0000 	D:\java\bin\java.exe
0x00007ff89d010000 - 0x00007ff89d208000 	C:\WINDOWS\SYSTEM32\ntdll.dll
0x00007ff89b7b0000 - 0x00007ff89b86d000 	C:\WINDOWS\System32\KERNEL32.DLL
0x00007ff89ab80000 - 0x00007ff89ae76000 	C:\WINDOWS\System32\KERNELBASE.dll
0x00007ff89aa80000 - 0x00007ff89ab80000 	C:\WINDOWS\System32\ucrtbase.dll
0x00007ff894520000 - 0x00007ff89453b000 	D:\java\bin\VCRUNTIME140.dll
0x00007ff891770000 - 0x00007ff891788000 	D:\java\bin\jli.dll
0x00007ff89c200000 - 0x00007ff89c2ae000 	C:\WINDOWS\System32\ADVAPI32.dll
0x00007ff89c510000 - 0x00007ff89c5ae000 	C:\WINDOWS\System32\msvcrt.dll
0x00007ff89bbd0000 - 0x00007ff89bc6c000 	C:\WINDOWS\System32\sechost.dll
0x00007ff89b070000 - 0x00007ff89b196000 	C:\WINDOWS\System32\RPCRT4.dll
0x00007ff89bc70000 - 0x00007ff89be0e000 	C:\WINDOWS\System32\USER32.dll
0x00007ff89b040000 - 0x00007ff89b062000 	C:\WINDOWS\System32\win32u.dll
0x00007ff89beb0000 - 0x00007ff89bedc000 	C:\WINDOWS\System32\GDI32.dll
0x00007ff89ae80000 - 0x00007ff89af9a000 	C:\WINDOWS\System32\gdi32full.dll
0x00007ff889d00000 - 0x00007ff889f9a000 	C:\WINDOWS\WinSxS\amd64_microsoft.windows.common-controls_6595b64144ccf1df_6.0.19041.1110_none_60b5254171f9507e\COMCTL32.dll
0x00007ff89afa0000 - 0x00007ff89b03d000 	C:\WINDOWS\System32\msvcp_win.dll
0x00007ff88a3c0000 - 0x00007ff88a3ca000 	C:\WINDOWS\SYSTEM32\VERSION.dll
0x00007ff89be10000 - 0x00007ff89be40000 	C:\WINDOWS\System32\IMM32.DLL
0x00007ff894540000 - 0x00007ff89454c000 	D:\java\bin\vcruntime140_1.dll
0x00007ff891db0000 - 0x00007ff891e3e000 	D:\java\bin\msvcp140.dll
0x00007ff854c60000 - 0x00007ff855837000 	D:\java\bin\server\jvm.dll
0x00007ff89cfc0000 - 0x00007ff89cfc8000 	C:\WINDOWS\System32\PSAPI.DLL
0x00007ff888e10000 - 0x00007ff888e19000 	C:\WINDOWS\SYSTEM32\WSOCK32.dll
0x00007ff89be40000 - 0x00007ff89beab000 	C:\WINDOWS\System32\WS2_32.dll
0x00007ff88d890000 - 0x00007ff88d8b7000 	C:\WINDOWS\SYSTEM32\WINMM.dll
0x00007ff8985d0000 - 0x00007ff8985e2000 	C:\WINDOWS\SYSTEM32\kernel.appcore.dll
0x00007ff893ee0000 - 0x00007ff893eea000 	D:\java\bin\jimage.dll
0x00007ff887ae0000 - 0x00007ff887cc4000 	C:\WINDOWS\SYSTEM32\DBGHELP.DLL
0x00007ff8885d0000 - 0x00007ff888604000 	C:\WINDOWS\SYSTEM32\dbgcore.DLL
0x00007ff89a9f0000 - 0x00007ff89aa72000 	C:\WINDOWS\System32\bcryptPrimitives.dll
0x00007ff893ef0000 - 0x00007ff893f15000 	D:\java\bin\java.dll
0x00007ff892990000 - 0x00007ff892a67000 	D:\java\bin\jsvml.dll
0x00007ff89c700000 - 0x00007ff89ce45000 	C:\WINDOWS\System32\SHELL32.dll
0x00007ff898780000 - 0x00007ff898f1b000 	C:\WINDOWS\SYSTEM32\windows.storage.dll
0x00007ff89b870000 - 0x00007ff89bbc4000 	C:\WINDOWS\System32\combase.dll
0x00007ff89a130000 - 0x00007ff89a15e000 	C:\WINDOWS\SYSTEM32\Wldp.dll
0x00007ff89c2b0000 - 0x00007ff89c35d000 	C:\WINDOWS\System32\SHCORE.dll
0x00007ff89b740000 - 0x00007ff89b795000 	C:\WINDOWS\System32\shlwapi.dll
0x00007ff89a620000 - 0x00007ff89a645000 	C:\WINDOWS\SYSTEM32\profapi.dll
0x00007ff892970000 - 0x00007ff892989000 	D:\java\bin\net.dll
0x00007ff88fb70000 - 0x00007ff88fc7a000 	C:\WINDOWS\SYSTEM32\WINHTTP.dll
0x00007ff899e90000 - 0x00007ff899efa000 	C:\WINDOWS\system32\mswsock.dll
0x00007ff892950000 - 0x00007ff892966000 	D:\java\bin\nio.dll
0x00007ff892930000 - 0x00007ff892948000 	D:\java\bin\zip.dll
0x0000000069ac0000 - 0x0000000069ae4000 	D:\netbean\NetBeans-19\netbeans\java\maven\lib\jansi-native\Windows\x86_64\jansi.dll
0x00007ff893ed0000 - 0x00007ff893ee0000 	D:\java\bin\verify.dll

dbghelp: loaded successfully - version: 4.0.5 - missing functions: none
symbol engine: initialized successfully - sym options: 0x614 - pdb path: .;D:\java\bin;C:\WINDOWS\SYSTEM32;C:\WINDOWS\WinSxS\amd64_microsoft.windows.common-controls_6595b64144ccf1df_6.0.19041.1110_none_60b5254171f9507e;D:\java\bin\server;D:\netbean\NetBeans-19\netbeans\java\maven\lib\jansi-native\Windows\x86_64

VM Arguments:
jvm_args: -Dclassworlds.conf=D:\netbean\NetBeans-19\netbeans\java\maven\bin\m2.conf -Dmaven.home=D:\netbean\NetBeans-19\netbeans\java\maven -Dlibrary.jansi.path=D:\netbean\NetBeans-19\netbeans\java\maven\lib\jansi-native -Dmaven.multiModuleProjectDirectory=D:\code\LTJava\2012\bai1 
java_command: org.codehaus.plexus.classworlds.launcher.Launcher -Dexec.vmArgs= -Dexec.args=${exec.vmArgs} -classpath %classpath ${exec.mainClass} ${exec.appArgs} -Dexec.appArgs= -Dexec.mainClass=com.mycompany.bai1.Bai1 -Dexec.executable=D:\java\bin\java.exe -Dmaven.ext.class.path=D:\netbean\NetBeans-19\netbeans\java\maven-nblib\netbeans-eventspy.jar -Dfile.encoding=UTF-8 --no-transfer-progress process-classes org.codehaus.mojo:exec-maven-plugin:3.1.0:exec
java_class_path (initial): D:\netbean\NetBeans-19\netbeans\java\maven\boot\plexus-classworlds-2.7.0.jar
Launcher Type: SUN_STANDARD

[Global flags]
     intx CICompilerCount                          = 3                                         {product} {ergonomic}
     uint ConcGCThreads                            = 1                                         {product} {ergonomic}
     uint G1ConcRefinementThreads                  = 4                                         {product} {ergonomic}
   size_t G1HeapRegionSize                         = 1048576                                   {product} {ergonomic}
    uintx GCDrainStackTargetSize                   = 64                                        {product} {ergonomic}
   size_t InitialHeapSize                          = 67108864                                  {product} {ergonomic}
   size_t MarkStackSize                            = 4194304                                   {product} {ergonomic}
   size_t MaxHeapSize                              = 1048576000                                {product} {ergonomic}
   size_t MaxNewSize                               = 629145600                                 {product} {ergonomic}
   size_t MinHeapDeltaBytes                        = 1048576                                   {product} {ergonomic}
   size_t MinHeapSize                              = 8388608                                   {product} {ergonomic}
    uintx NonNMethodCodeHeapSize                   = 5832780                                {pd product} {ergonomic}
    uintx NonProfiledCodeHeapSize                  = 122912730                              {pd product} {ergonomic}
    uintx ProfiledCodeHeapSize                     = 122912730                              {pd product} {ergonomic}
    uintx ReservedCodeCacheSize                    = 251658240                              {pd product} {ergonomic}
     bool SegmentedCodeCache                       = true                                      {product} {ergonomic}
   size_t SoftMaxHeapSize                          = 1048576000                             {manageable} {ergonomic}
     bool UseCompressedClassPointers               = true                           {product lp64_product} {ergonomic}
     bool UseCompressedOops                        = true                           {product lp64_product} {ergonomic}
     bool UseG1GC                                  = true                                      {product} {ergonomic}
     bool UseLargePagesIndividualAllocation        = false                                  {pd product} {ergonomic}

Logging:
Log output configuration:
 #0: stdout all=warning uptime,level,tags
 #1: stderr all=off uptime,level,tags

Environment Variables:
JAVA_HOME=D:\java
PATH=C:\Program Files\Common Files\Oracle\Java\javapath;C:\Program Files (x86)\Common Files\Oracle\Java\javapath;C:\ProgramData\Oracle\Java\javapath;C:\WINDOWS\system32;C:\WINDOWS;C:\WINDOWS\System32\Wbem;C:\WINDOWS\System32\WindowsPowerShell\v1.0\;C:\WINDOWS\System32\OpenSSH\;C:\Program Files\dotnet\;C:\Program Files (x86)\Dev-Cpp\MinGW64\bin;C:\Program Files\Microsoft SQL Server\Client SDK\ODBC\170\Tools\Binn\;C:\Program Files (x86)\Microsoft SQL Server\150\Tools\Binn\;C:\Program Files\Microsoft SQL Server\150\Tools\Binn\;C:\Program Files\Microsoft SQL Server\150\DTS\Binn\;C:\Program Files\Azure Data Studio\bin;C:\Program Files (x86)\Microsoft SQL Server\150\DTS\Binn\;C:\Program Files\Cloudflare\Cloudflare WARP\;D:\Git\cmd;C:\Program Files\MiKTeX\miktex\bin\x64\;C:\Users\Administrator\AppData\Local\Programs\Python\Python310\Scripts\;C:\Users\Administrator\AppData\Local\Programs\Python\Python310\;C:\Users\Administrator\AppData\Local\Microsoft\WindowsApps;C:\Users\Administrator\AppData\Local\Programs\Microsoft VS Code\bin;C:\Program Files\Azure Data Studio\bin;C:\Users\Administrator\AppData\Local\GitHubDesktop\bin;C:\Users\Administrator\.dotnet\tools
USERNAME=Administrator
OS=Windows_NT
PROCESSOR_IDENTIFIER=Intel64 Family 6 Model 69 Stepping 1, GenuineIntel



---------------  S Y S T E M  ---------------

OS:
 Windows 10 , 64 bit Build 19041 (10.0.19041.3393)
OS uptime: 0 days 2:11 hours

CPU: total 4 (initial active 4) (2 cores per cpu, 2 threads per core) family 6 model 69 stepping 1 microcode 0x25, cx8, cmov, fxsr, ht, mmx, sse, sse2, sse3, ssse3, sse4.1, sse4.2, popcnt, lzcnt, tsc, tscinvbit, avx, avx2, aes, erms, clmul, bmi1, bmi2, fma, vzeroupper, clflush

Memory: 4k page, system-wide physical 3993M (336M free)
TotalPageFile size 8922M (AvailPageFile size 5M)
current process WorkingSet (physical memory assigned to process): 155M, peak: 155M
current process commit charge ("private bytes"): 223M, peak: 225M

vm_info: Java HotSpot(TM) 64-Bit Server VM (17.0.6+9-LTS-190) for windows-amd64 JRE (17.0.6+9-LTS-190), built on Dec  6 2022 15:53:54 by "mach5one" with MS VC++ 17.1 (VS2022)

END.
