#
# There is insufficient memory for the Java Runtime Environment to continue.
# Native memory allocation (mmap) failed to map 67108864 bytes for G1 virtual space
# Possible reasons:
#   The system is out of physical RAM or swap space
#   The process is running with CompressedOops enabled, and the Java Heap may be blocking the growth of the native heap
# Possible solutions:
#   Reduce memory load on the system
#   Increase physical memory or swap space
#   Check if swap backing store is full
#   Decrease Java heap size (-Xmx/-Xms)
#   Decrease number of Java threads
#   Decrease Java thread stack sizes (-Xss)
#   Set larger code cache with -XX:ReservedCodeCacheSize=
#   JVM is running with Unscaled Compressed Oops mode in which the Java heap is
#     placed in the first 4GB address space. The Java Heap base address is the
#     maximum limit for the native heap growth. Please use -XX:HeapBaseMinAddress
#     to set the Java Heap base and to place the Java Heap above 4GB virtual address.
# This output file may be truncated or incomplete.
#
#  Out of Memory Error (os_windows.cpp:3550), pid=9908, tid=9504
#
# JRE version:  (17.0.6+9) (build )
# Java VM: Java HotSpot(TM) 64-Bit Server VM (17.0.6+9-LTS-190, mixed mode, sharing, tiered, compressed oops, compressed class ptrs, g1 gc, windows-amd64)
# No core dump will be written. Minidumps are not enabled by default on client versions of Windows
#

---------------  S U M M A R Y ------------

Command Line: -Dclassworlds.conf=D:\netbean\NetBeans-19\netbeans\java\maven\bin\m2.conf -Dmaven.home=D:\netbean\NetBeans-19\netbeans\java\maven -Dlibrary.jansi.path=D:\netbean\NetBeans-19\netbeans\java\maven\lib\jansi-native -Dmaven.multiModuleProjectDirectory=D:\code\LTJava\SWING\QLSV org.codehaus.plexus.classworlds.launcher.Launcher -Dexec.vmArgs= -Dexec.args=${exec.vmArgs} -classpath %classpath ${exec.mainClass} ${exec.appArgs} -Dexec.appArgs= -Dexec.mainClass=com.mycompany.qlsv.QLSV -Dexec.executable=D:\java\bin\java.exe -Dmaven.ext.class.path=D:\netbean\NetBeans-19\netbeans\java\maven-nblib\netbeans-eventspy.jar -Dfile.encoding=UTF-8 --no-transfer-progress process-classes org.codehaus.mojo:exec-maven-plugin:3.1.0:exec

Host: Intel(R) Core(TM) i5-4300U CPU @ 1.90GHz, 4 cores, 3G,  Windows 10 , 64 bit Build 19041 (10.0.19041.3636)
Time: Thu Jan  4 09:17:35 2024 SE Asia Standard Time elapsed time: 0.208345 seconds (0d 0h 0m 0s)

---------------  T H R E A D  ---------------

Current thread (0x00000224ff822610):  JavaThread "Unknown thread" [_thread_in_vm, id=9504, stack(0x000000cefba00000,0x000000cefbb00000)]

Stack: [0x000000cefba00000,0x000000cefbb00000]
Native frames: (J=compiled Java code, j=interpreted, Vv=VM code, C=native code)
V  [jvm.dll+0x6734ea]
V  [jvm.dll+0x7d18f4]
V  [jvm.dll+0x7d309e]
V  [jvm.dll+0x7d3703]
V  [jvm.dll+0x2433c5]
V  [jvm.dll+0x6703f9]
V  [jvm.dll+0x664d32]
V  [jvm.dll+0x300086]
V  [jvm.dll+0x307606]
V  [jvm.dll+0x356c1e]
V  [jvm.dll+0x356e4f]
V  [jvm.dll+0x2d72e8]
V  [jvm.dll+0x2d8254]
V  [jvm.dll+0x7a33b1]
V  [jvm.dll+0x3647f1]
V  [jvm.dll+0x782839]
V  [jvm.dll+0x3e757f]
V  [jvm.dll+0x3e9001]
C  [jli.dll+0x5297]
C  [ucrtbase.dll+0x21bb2]
C  [KERNEL32.DLL+0x17344]
C  [ntdll.dll+0x526b1]


---------------  P R O C E S S  ---------------

Threads class SMR info:
_java_thread_list=0x00007ffeb36be958, length=0, elements={
}

Java Threads: ( => current thread )

Other Threads:
  0x00000224ff85e4b0 GCTaskThread "GC Thread#0" [stack: 0x000000cefbb00000,0x000000cefbc00000] [id=9896]
  0x00000224ff867000 ConcurrentGCThread "G1 Main Marker" [stack: 0x000000cefbc00000,0x000000cefbd00000] [id=8864]
  0x00000224ff8680c0 ConcurrentGCThread "G1 Conc#0" [stack: 0x000000cefbd00000,0x000000cefbe00000] [id=4928]

[error occurred during error reporting (printing all threads), id 0xc0000005, EXCEPTION_ACCESS_VIOLATION (0xc0000005) at pc=0x00007ffeb2ef7f07]

VM state: not at safepoint (not fully initialized)

VM Mutex/Monitor currently owned by a thread:  ([mutex/lock_event])
[0x00000224ff81f330] Heap_lock - owner thread: 0x00000224ff822610

Heap address: 0x00000000c1800000, size: 1000 MB, Compressed Oops mode: 32-bit

CDS archive(s) mapped at: [0x0000000000000000-0x0000000000000000-0x0000000000000000), size 0, SharedBaseAddress: 0x0000000800000000, ArchiveRelocationMode: 0.
Narrow klass base: 0x0000000000000000, Narrow klass shift: 0, Narrow klass range: 0x0

GC Precious Log:
<Empty>

Heap:
 garbage-first heap   total 0K, used 0K [0x00000000c1800000, 0x0000000100000000)
  region size 1024K, 0 young (0K), 0 survivors (0K)

[error occurred during error reporting (printing heap information), id 0xc0000005, EXCEPTION_ACCESS_VIOLATION (0xc0000005) at pc=0x00007ffeb32dc759]

GC Heap History (0 events):
No events

Deoptimization events (0 events):
No events

Classes unloaded (0 events):
No events

Classes redefined (0 events):
No events

Internal exceptions (0 events):
No events

VM Operations (0 events):
No events

Events (1 events):
Event: 0.200 Loaded shared library D:\java\bin\java.dll


Dynamic libraries:
0x00007ff6bd840000 - 0x00007ff6bd850000 	D:\java\bin\java.exe
0x00007ffed8510000 - 0x00007ffed8708000 	C:\WINDOWS\SYSTEM32\ntdll.dll
0x00007ffed76e0000 - 0x00007ffed779d000 	C:\WINDOWS\System32\KERNEL32.DLL
0x00007ffed6110000 - 0x00007ffed6406000 	C:\WINDOWS\System32\KERNELBASE.dll
0x00007ffed5d80000 - 0x00007ffed5e80000 	C:\WINDOWS\System32\ucrtbase.dll
0x00007ffed10b0000 - 0x00007ffed10c8000 	D:\java\bin\jli.dll
0x00007ffed7c70000 - 0x00007ffed7d1f000 	C:\WINDOWS\System32\ADVAPI32.dll
0x00007ffed66f0000 - 0x00007ffed678e000 	C:\WINDOWS\System32\msvcrt.dll
0x00007ffed83d0000 - 0x00007ffed846c000 	C:\WINDOWS\System32\sechost.dll
0x00007ffed80b0000 - 0x00007ffed81d6000 	C:\WINDOWS\System32\RPCRT4.dll
0x00007ffed7d50000 - 0x00007ffed7eee000 	C:\WINDOWS\System32\USER32.dll
0x00007ffed64b0000 - 0x00007ffed64d2000 	C:\WINDOWS\System32\win32u.dll
0x00007ffed6880000 - 0x00007ffed68ac000 	C:\WINDOWS\System32\GDI32.dll
0x00007ffed5c60000 - 0x00007ffed5d7a000 	C:\WINDOWS\System32\gdi32full.dll
0x00007ffed6410000 - 0x00007ffed64ad000 	C:\WINDOWS\System32\msvcp_win.dll
0x00007ffec5dd0000 - 0x00007ffec606a000 	C:\WINDOWS\WinSxS\amd64_microsoft.windows.common-controls_6595b64144ccf1df_6.0.19041.3636_none_60b6a03d71f818d5\COMCTL32.dll
0x00007ffeca320000 - 0x00007ffeca32a000 	C:\WINDOWS\SYSTEM32\VERSION.dll
0x00007ffecf590000 - 0x00007ffecf5ab000 	D:\java\bin\VCRUNTIME140.dll
0x00007ffed7d20000 - 0x00007ffed7d50000 	C:\WINDOWS\System32\IMM32.DLL
0x00007ffecf580000 - 0x00007ffecf58c000 	D:\java\bin\vcruntime140_1.dll
0x00007ffecefa0000 - 0x00007ffecf02e000 	D:\java\bin\msvcp140.dll
0x00007ffeb2c10000 - 0x00007ffeb37e7000 	D:\java\bin\server\jvm.dll
0x00007ffed6870000 - 0x00007ffed6878000 	C:\WINDOWS\System32\PSAPI.DLL
0x00007ffe99a80000 - 0x00007ffe99a89000 	C:\WINDOWS\SYSTEM32\WSOCK32.dll
0x00007ffed8360000 - 0x00007ffed83cb000 	C:\WINDOWS\System32\WS2_32.dll
0x00007ffec9e70000 - 0x00007ffec9e97000 	C:\WINDOWS\SYSTEM32\WINMM.dll
0x00007ffed4440000 - 0x00007ffed4452000 	C:\WINDOWS\SYSTEM32\kernel.appcore.dll
0x00007ffecf530000 - 0x00007ffecf53a000 	D:\java\bin\jimage.dll
0x00007ffec4820000 - 0x00007ffec4a04000 	C:\WINDOWS\SYSTEM32\DBGHELP.DLL
0x00007ffec47e0000 - 0x00007ffec4814000 	C:\WINDOWS\SYSTEM32\dbgcore.DLL
0x00007ffed64e0000 - 0x00007ffed6562000 	C:\WINDOWS\System32\bcryptPrimitives.dll
0x00007ffecf4e0000 - 0x00007ffecf505000 	D:\java\bin\java.dll

dbghelp: loaded successfully - version: 4.0.5 - missing functions: none
symbol engine: initialized successfully - sym options: 0x614 - pdb path: .;D:\java\bin;C:\WINDOWS\SYSTEM32;C:\WINDOWS\WinSxS\amd64_microsoft.windows.common-controls_6595b64144ccf1df_6.0.19041.3636_none_60b6a03d71f818d5;D:\java\bin\server

VM Arguments:
jvm_args: -Dclassworlds.conf=D:\netbean\NetBeans-19\netbeans\java\maven\bin\m2.conf -Dmaven.home=D:\netbean\NetBeans-19\netbeans\java\maven -Dlibrary.jansi.path=D:\netbean\NetBeans-19\netbeans\java\maven\lib\jansi-native -Dmaven.multiModuleProjectDirectory=D:\code\LTJava\SWING\QLSV 
java_command: org.codehaus.plexus.classworlds.launcher.Launcher -Dexec.vmArgs= -Dexec.args=${exec.vmArgs} -classpath %classpath ${exec.mainClass} ${exec.appArgs} -Dexec.appArgs= -Dexec.mainClass=com.mycompany.qlsv.QLSV -Dexec.executable=D:\java\bin\java.exe -Dmaven.ext.class.path=D:\netbean\NetBeans-19\netbeans\java\maven-nblib\netbeans-eventspy.jar -Dfile.encoding=UTF-8 --no-transfer-progress process-classes org.codehaus.mojo:exec-maven-plugin:3.1.0:exec
java_class_path (initial): D:\netbean\NetBeans-19\netbeans\java\maven\boot\plexus-classworlds-2.7.0.jar
Launcher Type: SUN_STANDARD

[Global flags]
     intx CICompilerCount                          = 3                                         {product} {ergonomic}
     uint ConcGCThreads                            = 1                                         {product} {ergonomic}
     uint G1ConcRefinementThreads                  = 4                                         {product} {ergonomic}
   size_t G1HeapRegionSize                         = 1048576                                   {product} {ergonomic}
    uintx GCDrainStackTargetSize                   = 64                                        {product} {ergonomic}
   size_t InitialHeapSize                          = 67108864                                  {product} {ergonomic}
   size_t MarkStackSize                            = 4194304                                   {product} {ergonomic}
   size_t MaxHeapSize                              = 1048576000                                {product} {ergonomic}
   size_t MinHeapDeltaBytes                        = 1048576                                   {product} {ergonomic}
   size_t MinHeapSize                              = 8388608                                   {product} {ergonomic}
    uintx NonNMethodCodeHeapSize                   = 5832780                                {pd product} {ergonomic}
    uintx NonProfiledCodeHeapSize                  = 122912730                              {pd product} {ergonomic}
    uintx ProfiledCodeHeapSize                     = 122912730                              {pd product} {ergonomic}
    uintx ReservedCodeCacheSize                    = 251658240                              {pd product} {ergonomic}
     bool SegmentedCodeCache                       = true                                      {product} {ergonomic}
   size_t SoftMaxHeapSize                          = 1048576000                             {manageable} {ergonomic}
     bool UseCompressedClassPointers               = true                           {product lp64_product} {ergonomic}
     bool UseCompressedOops                        = true                           {product lp64_product} {ergonomic}
     bool UseG1GC                                  = true                                      {product} {ergonomic}
     bool UseLargePagesIndividualAllocation        = false                                  {pd product} {ergonomic}

Logging:
Log output configuration:
 #0: stdout all=warning uptime,level,tags
 #1: stderr all=off uptime,level,tags

Environment Variables:
JAVA_HOME=D:\java
PATH=C:\Program Files\Common Files\Oracle\Java\javapath;C:\Program Files (x86)\Common Files\Oracle\Java\javapath;C:\ProgramData\Oracle\Java\javapath;C:\WINDOWS\system32;C:\WINDOWS;C:\WINDOWS\System32\Wbem;C:\WINDOWS\System32\WindowsPowerShell\v1.0\;C:\WINDOWS\System32\OpenSSH\;C:\Program Files\dotnet\;C:\Program Files (x86)\Dev-Cpp\MinGW64\bin;C:\Program Files\Microsoft SQL Server\Client SDK\ODBC\170\Tools\Binn\;C:\Program Files (x86)\Microsoft SQL Server\150\Tools\Binn\;C:\Program Files\Microsoft SQL Server\150\Tools\Binn\;C:\Program Files\Microsoft SQL Server\150\DTS\Binn\;C:\Program Files\Azure Data Studio\bin;C:\Program Files (x86)\Microsoft SQL Server\150\DTS\Binn\;C:\Program Files\Cloudflare\Cloudflare WARP\;D:\Git\cmd;C:\Program Files\MiKTeX\miktex\bin\x64\;C:\Users\Administrator\AppData\Local\Programs\Python\Python310\Scripts\;C:\Users\Administrator\AppData\Local\Programs\Python\Python310\;C:\Users\Administrator\AppData\Local\Microsoft\WindowsApps;C:\Users\Administrator\AppData\Local\Programs\Microsoft VS Code\bin;C:\Program Files\Azure Data Studio\bin;C:\Users\Administrator\AppData\Local\GitHubDesktop\bin;C:\Users\Administrator\.dotnet\tools
USERNAME=Administrator
OS=Windows_NT
PROCESSOR_IDENTIFIER=Intel64 Family 6 Model 69 Stepping 1, GenuineIntel



---------------  S Y S T E M  ---------------

OS:
 Windows 10 , 64 bit Build 19041 (10.0.19041.3636)
OS uptime: 0 days 1:33 hours

CPU: total 4 (initial active 4) (2 cores per cpu, 2 threads per core) family 6 model 69 stepping 1 microcode 0x25, cx8, cmov, fxsr, ht, mmx, sse, sse2, sse3, ssse3, sse4.1, sse4.2, popcnt, lzcnt, tsc, tscinvbit, avx, avx2, aes, erms, clmul, bmi1, bmi2, fma, vzeroupper, clflush

Memory: 4k page, system-wide physical 3993M (482M free)
TotalPageFile size 6395M (AvailPageFile size 51M)
current process WorkingSet (physical memory assigned to process): 10M, peak: 10M
current process commit charge ("private bytes"): 51M, peak: 115M

vm_info: Java HotSpot(TM) 64-Bit Server VM (17.0.6+9-LTS-190) for windows-amd64 JRE (17.0.6+9-LTS-190), built on Dec  6 2022 15:53:54 by "mach5one" with MS VC++ 17.1 (VS2022)

END.
