#
# There is insufficient memory for the Java Runtime Environment to continue.
# Native memory allocation (mmap) failed to map 65536 bytes for Failed to commit metaspace.
# Possible reasons:
#   The system is out of physical RAM or swap space
#   The process is running with CompressedOops enabled, and the Java Heap may be blocking the growth of the native heap
# Possible solutions:
#   Reduce memory load on the system
#   Increase physical memory or swap space
#   Check if swap backing store is full
#   Decrease Java heap size (-Xmx/-Xms)
#   Decrease number of Java threads
#   Decrease Java thread stack sizes (-Xss)
#   Set larger code cache with -XX:ReservedCodeCacheSize=
#   JVM is running with Unscaled Compressed Oops mode in which the Java heap is
#     placed in the first 4GB address space. The Java Heap base address is the
#     maximum limit for the native heap growth. Please use -XX:HeapBaseMinAddress
#     to set the Java Heap base and to place the Java Heap above 4GB virtual address.
# This output file may be truncated or incomplete.
#
#  Out of Memory Error (virtualSpaceNode.cpp:110), pid=8152, tid=11996
#
# JRE version: Java(TM) SE Runtime Environment (17.0.6+9) (build 17.0.6+9-LTS-190)
# Java VM: Java HotSpot(TM) 64-Bit Server VM (17.0.6+9-LTS-190, mixed mode, sharing, tiered, compressed oops, compressed class ptrs, g1 gc, windows-amd64)
# No core dump will be written. Minidumps are not enabled by default on client versions of Windows
#

---------------  S U M M A R Y ------------

Command Line: -Dclassworlds.conf=D:\netbean\NetBeans-19\netbeans\java\maven\bin\m2.conf -Dmaven.home=D:\netbean\NetBeans-19\netbeans\java\maven -Dlibrary.jansi.path=D:\netbean\NetBeans-19\netbeans\java\maven\lib\jansi-native -Dmaven.multiModuleProjectDirectory=D:\code\LTJava\SWING\QLSV org.codehaus.plexus.classworlds.launcher.Launcher -Dexec.vmArgs= -Dexec.args=${exec.vmArgs} -classpath %classpath ${exec.mainClass} ${exec.appArgs} -Dexec.appArgs= -Dexec.mainClass=com.mycompany.qlsv.QLSV -Dexec.executable=D:\java\bin\java.exe -Dmaven.ext.class.path=D:\netbean\NetBeans-19\netbeans\java\maven-nblib\netbeans-eventspy.jar -Dfile.encoding=UTF-8 --no-transfer-progress process-classes org.codehaus.mojo:exec-maven-plugin:3.1.0:exec

Host: Intel(R) Core(TM) i5-4300U CPU @ 1.90GHz, 4 cores, 3G,  Windows 10 , 64 bit Build 19041 (10.0.19041.3636)
Time: Thu Jan  4 09:20:26 2024 SE Asia Standard Time elapsed time: 0.368691 seconds (0d 0h 0m 0s)

---------------  T H R E A D  ---------------

Current thread (0x000002496e3317b0):  JavaThread "main" [_thread_in_vm, id=11996, stack(0x00000057e9400000,0x00000057e9500000)]

Stack: [0x00000057e9400000,0x00000057e9500000]
Native frames: (J=compiled Java code, j=interpreted, Vv=VM code, C=native code)
V  [jvm.dll+0x6734ea]
V  [jvm.dll+0x7d18f4]
V  [jvm.dll+0x7d309e]
V  [jvm.dll+0x7d3703]
V  [jvm.dll+0x2433c5]
V  [jvm.dll+0x7cd9fb]
V  [jvm.dll+0x619546]
V  [jvm.dll+0x1bdf07]
V  [jvm.dll+0x61bea0]
V  [jvm.dll+0x619f06]
V  [jvm.dll+0x238ed6]
V  [jvm.dll+0x1e8437]
V  [jvm.dll+0x1de0d1]
V  [jvm.dll+0x5399dc]
V  [jvm.dll+0x74c7bd]
V  [jvm.dll+0x74c71a]
V  [jvm.dll+0x408773]
V  [jvm.dll+0x41beac]
C  [java.dll+0x1657]

Java frames: (J=compiled Java code, j=interpreted, Vv=VM code)
j  java.lang.ClassLoader.defineClass0(Ljava/lang/ClassLoader;Ljava/lang/Class;Ljava/lang/String;[BIILjava/security/ProtectionDomain;ZILjava/lang/Object;)Ljava/lang/Class;+0 java.base@17.0.6
j  java.lang.System$2.defineClass(Ljava/lang/ClassLoader;Ljava/lang/Class;Ljava/lang/String;[BLjava/security/ProtectionDomain;ZILjava/lang/Object;)Ljava/lang/Class;+17 java.base@17.0.6
j  java.lang.invoke.MethodHandles$Lookup$ClassDefiner.defineClass(ZLjava/lang/Object;)Ljava/lang/Class;+54 java.base@17.0.6
j  java.lang.invoke.InvokerBytecodeGenerator.loadMethod([B)Ljava/lang/invoke/MemberName;+16 java.base@17.0.6
j  java.lang.invoke.InvokerBytecodeGenerator.generateCustomizedCode(Ljava/lang/invoke/LambdaForm;Ljava/lang/invoke/MethodType;)Ljava/lang/invoke/MemberName;+30 java.base@17.0.6
j  java.lang.invoke.LambdaForm.compileToBytecode()V+69 java.base@17.0.6
j  java.lang.invoke.DirectMethodHandle.makePreparedLambdaForm(Ljava/lang/invoke/MethodType;I)Ljava/lang/invoke/LambdaForm;+792 java.base@17.0.6
j  java.lang.invoke.DirectMethodHandle.preparedLambdaForm(Ljava/lang/invoke/MethodType;I)Ljava/lang/invoke/LambdaForm;+17 java.base@17.0.6
j  java.lang.invoke.DirectMethodHandle.preparedLambdaForm(Ljava/lang/invoke/MemberName;Z)Ljava/lang/invoke/LambdaForm;+159 java.base@17.0.6
j  java.lang.invoke.DirectMethodHandle.preparedLambdaForm(Ljava/lang/invoke/MemberName;)Ljava/lang/invoke/LambdaForm;+2 java.base@17.0.6
j  java.lang.invoke.DirectMethodHandle.make(BLjava/lang/Class;Ljava/lang/invoke/MemberName;Ljava/lang/Class;)Ljava/lang/invoke/DirectMethodHandle;+163 java.base@17.0.6
j  java.lang.invoke.MethodHandles$Lookup.getDirectMethodCommon(BLjava/lang/Class;Ljava/lang/invoke/MemberName;ZZLjava/lang/invoke/MethodHandles$Lookup;)Ljava/lang/invoke/MethodHandle;+210 java.base@17.0.6
j  java.lang.invoke.MethodHandles$Lookup.getDirectMethodNoSecurityManager(BLjava/lang/Class;Ljava/lang/invoke/MemberName;Ljava/lang/invoke/MethodHandles$Lookup;)Ljava/lang/invoke/MethodHandle;+14 java.base@17.0.6
j  java.lang.invoke.MethodHandles$Lookup.getDirectMethodForConstant(BLjava/lang/Class;Ljava/lang/invoke/MemberName;)Ljava/lang/invoke/MethodHandle;+31 java.base@17.0.6
j  java.lang.invoke.MethodHandles$Lookup.linkMethodHandleConstant(BLjava/lang/Class;Ljava/lang/String;Ljava/lang/Object;)Ljava/lang/invoke/MethodHandle;+153 java.base@17.0.6
j  java.lang.invoke.MethodHandleNatives.linkMethodHandleConstant(Ljava/lang/Class;ILjava/lang/Class;Ljava/lang/String;Ljava/lang/Object;)Ljava/lang/invoke/MethodHandle;+38 java.base@17.0.6
v  ~StubRoutines::call_stub
j  org.codehaus.plexus.classworlds.launcher.ConfigurationParser.loadGlob(Ljava/lang/String;Z)V+83
j  org.codehaus.plexus.classworlds.launcher.ConfigurationParser.parse(Ljava/io/InputStream;)V+800
j  org.codehaus.plexus.classworlds.launcher.Configurator.configure(Ljava/io/InputStream;)V+60
j  org.codehaus.plexus.classworlds.launcher.Launcher.configure(Ljava/io/InputStream;)V+11
j  org.codehaus.plexus.classworlds.launcher.Launcher.mainWithExitCode([Ljava/lang/String;)I+99
j  org.codehaus.plexus.classworlds.launcher.Launcher.main([Ljava/lang/String;)V+1
v  ~StubRoutines::call_stub

---------------  P R O C E S S  ---------------

Threads class SMR info:
_java_thread_list=0x000002497b040ff0, length=12, elements={
0x000002496e3317b0, 0x000002496e3ee420, 0x000002496e3f02a0, 0x000002496e406f70,
0x000002496e409930, 0x000002496e40a2e0, 0x000002496e40ac90, 0x000002496e40d770,
0x000002496e40e210, 0x000002497a54f360, 0x000002497b076cd0, 0x000002497b07a460
}

Java Threads: ( => current thread )
=>0x000002496e3317b0 JavaThread "main" [_thread_in_vm, id=11996, stack(0x00000057e9400000,0x00000057e9500000)]
  0x000002496e3ee420 JavaThread "Reference Handler" daemon [_thread_blocked, id=8816, stack(0x00000057e9b00000,0x00000057e9c00000)]
  0x000002496e3f02a0 JavaThread "Finalizer" daemon [_thread_blocked, id=7736, stack(0x00000057e9c00000,0x00000057e9d00000)]
  0x000002496e406f70 JavaThread "Signal Dispatcher" daemon [_thread_blocked, id=3320, stack(0x00000057e9d00000,0x00000057e9e00000)]
  0x000002496e409930 JavaThread "Attach Listener" daemon [_thread_blocked, id=2052, stack(0x00000057e9e00000,0x00000057e9f00000)]
  0x000002496e40a2e0 JavaThread "Service Thread" daemon [_thread_blocked, id=12548, stack(0x00000057e9f00000,0x00000057ea000000)]
  0x000002496e40ac90 JavaThread "Monitor Deflation Thread" daemon [_thread_blocked, id=10644, stack(0x00000057ea000000,0x00000057ea100000)]
  0x000002496e40d770 JavaThread "C2 CompilerThread0" daemon [_thread_blocked, id=12104, stack(0x00000057ea100000,0x00000057ea200000)]
  0x000002496e40e210 JavaThread "C1 CompilerThread0" daemon [_thread_blocked, id=6972, stack(0x00000057ea200000,0x00000057ea300000)]
  0x000002497a54f360 JavaThread "Sweeper thread" daemon [_thread_blocked, id=7560, stack(0x00000057ea300000,0x00000057ea400000)]
  0x000002497b076cd0 JavaThread "Notification Thread" daemon [_thread_blocked, id=4060, stack(0x00000057ea400000,0x00000057ea500000)]
  0x000002497b07a460 JavaThread "Common-Cleaner" daemon [_thread_blocked, id=4876, stack(0x00000057ea600000,0x00000057ea700000)]

Other Threads:
  0x000002496e3ea820 VMThread "VM Thread" [stack: 0x00000057e9a00000,0x00000057e9b00000] [id=6792]
  0x000002497b0799c0 WatcherThread [stack: 0x00000057ea500000,0x00000057ea600000] [id=11716]
  0x000002496e36d860 GCTaskThread "GC Thread#0" [stack: 0x00000057e9500000,0x00000057e9600000] [id=1476]
  0x000002496e3764a0 ConcurrentGCThread "G1 Main Marker" [stack: 0x00000057e9600000,0x00000057e9700000] [id=1248]
  0x000002496e377650 ConcurrentGCThread "G1 Conc#0" [stack: 0x00000057e9700000,0x00000057e9800000] [id=11320]
  0x000002496e3c5b00 ConcurrentGCThread "G1 Refine#0" [stack: 0x00000057e9800000,0x00000057e9900000] [id=1284]
  0x000002496e3c6520 ConcurrentGCThread "G1 Service" [stack: 0x00000057e9900000,0x00000057e9a00000] [id=7760]

Threads with active compile tasks:

VM state: not at safepoint (normal execution)

VM Mutex/Monitor currently owned by a thread:  ([mutex/lock_event])
[0x000002496e32ce50] Metaspace_lock - owner thread: 0x000002496e3317b0

Heap address: 0x00000000c1800000, size: 1000 MB, Compressed Oops mode: 32-bit

CDS archive(s) mapped at: [0x0000000800000000-0x0000000800bd0000-0x0000000800bd0000), size 12386304, SharedBaseAddress: 0x0000000800000000, ArchiveRelocationMode: 0.
Compressed class space mapped at: 0x0000000800c00000-0x0000000840c00000, reserved size: 1073741824
Narrow klass base: 0x0000000800000000, Narrow klass shift: 0, Narrow klass range: 0x100000000

GC Precious Log:
 CPUs: 4 total, 4 available
 Memory: 3993M
 Large Page Support: Disabled
 NUMA Support: Disabled
 Compressed Oops: Enabled (32-bit)
 Heap Region Size: 1M
 Heap Min Capacity: 8M
 Heap Initial Capacity: 64M
 Heap Max Capacity: 1000M
 Pre-touch: Disabled
 Parallel Workers: 4
 Concurrent Workers: 1
 Concurrent Refinement Workers: 4
 Periodic GC: Disabled

Heap:
 garbage-first heap   total 65536K, used 1024K [0x00000000c1800000, 0x0000000100000000)
  region size 1024K, 2 young (2048K), 0 survivors (0K)
 Metaspace       used 506K, committed 640K, reserved 1056768K
  class space    used 44K, committed 128K, reserved 1048576K

Heap Regions: E=young(eden), S=young(survivor), O=old, HS=humongous(starts), HC=humongous(continues), CS=collection set, F=free, OA=open archive, CA=closed archive, TAMS=top-at-mark-start (previous, next)
|   0|0x00000000c1800000, 0x00000000c1800000, 0x00000000c1900000|  0%| F|  |TAMS 0x00000000c1800000, 0x00000000c1800000| Untracked 
|   1|0x00000000c1900000, 0x00000000c1900000, 0x00000000c1a00000|  0%| F|  |TAMS 0x00000000c1900000, 0x00000000c1900000| Untracked 
|   2|0x00000000c1a00000, 0x00000000c1a00000, 0x00000000c1b00000|  0%| F|  |TAMS 0x00000000c1a00000, 0x00000000c1a00000| Untracked 
|   3|0x00000000c1b00000, 0x00000000c1b00000, 0x00000000c1c00000|  0%| F|  |TAMS 0x00000000c1b00000, 0x00000000c1b00000| Untracked 
|   4|0x00000000c1c00000, 0x00000000c1c00000, 0x00000000c1d00000|  0%| F|  |TAMS 0x00000000c1c00000, 0x00000000c1c00000| Untracked 
|   5|0x00000000c1d00000, 0x00000000c1d00000, 0x00000000c1e00000|  0%| F|  |TAMS 0x00000000c1d00000, 0x00000000c1d00000| Untracked 
|   6|0x00000000c1e00000, 0x00000000c1e00000, 0x00000000c1f00000|  0%| F|  |TAMS 0x00000000c1e00000, 0x00000000c1e00000| Untracked 
|   7|0x00000000c1f00000, 0x00000000c1f00000, 0x00000000c2000000|  0%| F|  |TAMS 0x00000000c1f00000, 0x00000000c1f00000| Untracked 
|   8|0x00000000c2000000, 0x00000000c2000000, 0x00000000c2100000|  0%| F|  |TAMS 0x00000000c2000000, 0x00000000c2000000| Untracked 
|   9|0x00000000c2100000, 0x00000000c2100000, 0x00000000c2200000|  0%| F|  |TAMS 0x00000000c2100000, 0x00000000c2100000| Untracked 
|  10|0x00000000c2200000, 0x00000000c2200000, 0x00000000c2300000|  0%| F|  |TAMS 0x00000000c2200000, 0x00000000c2200000| Untracked 
|  11|0x00000000c2300000, 0x00000000c2300000, 0x00000000c2400000|  0%| F|  |TAMS 0x00000000c2300000, 0x00000000c2300000| Untracked 
|  12|0x00000000c2400000, 0x00000000c2400000, 0x00000000c2500000|  0%| F|  |TAMS 0x00000000c2400000, 0x00000000c2400000| Untracked 
|  13|0x00000000c2500000, 0x00000000c2500000, 0x00000000c2600000|  0%| F|  |TAMS 0x00000000c2500000, 0x00000000c2500000| Untracked 
|  14|0x00000000c2600000, 0x00000000c2600000, 0x00000000c2700000|  0%| F|  |TAMS 0x00000000c2600000, 0x00000000c2600000| Untracked 
|  15|0x00000000c2700000, 0x00000000c2700000, 0x00000000c2800000|  0%| F|  |TAMS 0x00000000c2700000, 0x00000000c2700000| Untracked 
|  16|0x00000000c2800000, 0x00000000c2800000, 0x00000000c2900000|  0%| F|  |TAMS 0x00000000c2800000, 0x00000000c2800000| Untracked 
|  17|0x00000000c2900000, 0x00000000c2900000, 0x00000000c2a00000|  0%| F|  |TAMS 0x00000000c2900000, 0x00000000c2900000| Untracked 
|  18|0x00000000c2a00000, 0x00000000c2a00000, 0x00000000c2b00000|  0%| F|  |TAMS 0x00000000c2a00000, 0x00000000c2a00000| Untracked 
|  19|0x00000000c2b00000, 0x00000000c2b00000, 0x00000000c2c00000|  0%| F|  |TAMS 0x00000000c2b00000, 0x00000000c2b00000| Untracked 
|  20|0x00000000c2c00000, 0x00000000c2c00000, 0x00000000c2d00000|  0%| F|  |TAMS 0x00000000c2c00000, 0x00000000c2c00000| Untracked 
|  21|0x00000000c2d00000, 0x00000000c2d00000, 0x00000000c2e00000|  0%| F|  |TAMS 0x00000000c2d00000, 0x00000000c2d00000| Untracked 
|  22|0x00000000c2e00000, 0x00000000c2e00000, 0x00000000c2f00000|  0%| F|  |TAMS 0x00000000c2e00000, 0x00000000c2e00000| Untracked 
|  23|0x00000000c2f00000, 0x00000000c2f00000, 0x00000000c3000000|  0%| F|  |TAMS 0x00000000c2f00000, 0x00000000c2f00000| Untracked 
|  24|0x00000000c3000000, 0x00000000c3000000, 0x00000000c3100000|  0%| F|  |TAMS 0x00000000c3000000, 0x00000000c3000000| Untracked 
|  25|0x00000000c3100000, 0x00000000c3100000, 0x00000000c3200000|  0%| F|  |TAMS 0x00000000c3100000, 0x00000000c3100000| Untracked 
|  26|0x00000000c3200000, 0x00000000c3200000, 0x00000000c3300000|  0%| F|  |TAMS 0x00000000c3200000, 0x00000000c3200000| Untracked 
|  27|0x00000000c3300000, 0x00000000c3300000, 0x00000000c3400000|  0%| F|  |TAMS 0x00000000c3300000, 0x00000000c3300000| Untracked 
|  28|0x00000000c3400000, 0x00000000c3400000, 0x00000000c3500000|  0%| F|  |TAMS 0x00000000c3400000, 0x00000000c3400000| Untracked 
|  29|0x00000000c3500000, 0x00000000c3500000, 0x00000000c3600000|  0%| F|  |TAMS 0x00000000c3500000, 0x00000000c3500000| Untracked 
|  30|0x00000000c3600000, 0x00000000c3600000, 0x00000000c3700000|  0%| F|  |TAMS 0x00000000c3600000, 0x00000000c3600000| Untracked 
|  31|0x00000000c3700000, 0x00000000c3700000, 0x00000000c3800000|  0%| F|  |TAMS 0x00000000c3700000, 0x00000000c3700000| Untracked 
|  32|0x00000000c3800000, 0x00000000c3800000, 0x00000000c3900000|  0%| F|  |TAMS 0x00000000c3800000, 0x00000000c3800000| Untracked 
|  33|0x00000000c3900000, 0x00000000c3900000, 0x00000000c3a00000|  0%| F|  |TAMS 0x00000000c3900000, 0x00000000c3900000| Untracked 
|  34|0x00000000c3a00000, 0x00000000c3a00000, 0x00000000c3b00000|  0%| F|  |TAMS 0x00000000c3a00000, 0x00000000c3a00000| Untracked 
|  35|0x00000000c3b00000, 0x00000000c3b00000, 0x00000000c3c00000|  0%| F|  |TAMS 0x00000000c3b00000, 0x00000000c3b00000| Untracked 
|  36|0x00000000c3c00000, 0x00000000c3c00000, 0x00000000c3d00000|  0%| F|  |TAMS 0x00000000c3c00000, 0x00000000c3c00000| Untracked 
|  37|0x00000000c3d00000, 0x00000000c3d00000, 0x00000000c3e00000|  0%| F|  |TAMS 0x00000000c3d00000, 0x00000000c3d00000| Untracked 
|  38|0x00000000c3e00000, 0x00000000c3e00000, 0x00000000c3f00000|  0%| F|  |TAMS 0x00000000c3e00000, 0x00000000c3e00000| Untracked 
|  39|0x00000000c3f00000, 0x00000000c3f00000, 0x00000000c4000000|  0%| F|  |TAMS 0x00000000c3f00000, 0x00000000c3f00000| Untracked 
|  40|0x00000000c4000000, 0x00000000c4000000, 0x00000000c4100000|  0%| F|  |TAMS 0x00000000c4000000, 0x00000000c4000000| Untracked 
|  41|0x00000000c4100000, 0x00000000c4100000, 0x00000000c4200000|  0%| F|  |TAMS 0x00000000c4100000, 0x00000000c4100000| Untracked 
|  42|0x00000000c4200000, 0x00000000c4200000, 0x00000000c4300000|  0%| F|  |TAMS 0x00000000c4200000, 0x00000000c4200000| Untracked 
|  43|0x00000000c4300000, 0x00000000c4300000, 0x00000000c4400000|  0%| F|  |TAMS 0x00000000c4300000, 0x00000000c4300000| Untracked 
|  44|0x00000000c4400000, 0x00000000c4400000, 0x00000000c4500000|  0%| F|  |TAMS 0x00000000c4400000, 0x00000000c4400000| Untracked 
|  45|0x00000000c4500000, 0x00000000c4500000, 0x00000000c4600000|  0%| F|  |TAMS 0x00000000c4500000, 0x00000000c4500000| Untracked 
|  46|0x00000000c4600000, 0x00000000c4600000, 0x00000000c4700000|  0%| F|  |TAMS 0x00000000c4600000, 0x00000000c4600000| Untracked 
|  47|0x00000000c4700000, 0x00000000c4700000, 0x00000000c4800000|  0%| F|  |TAMS 0x00000000c4700000, 0x00000000c4700000| Untracked 
|  48|0x00000000c4800000, 0x00000000c4800000, 0x00000000c4900000|  0%| F|  |TAMS 0x00000000c4800000, 0x00000000c4800000| Untracked 
|  49|0x00000000c4900000, 0x00000000c4900000, 0x00000000c4a00000|  0%| F|  |TAMS 0x00000000c4900000, 0x00000000c4900000| Untracked 
|  50|0x00000000c4a00000, 0x00000000c4a00000, 0x00000000c4b00000|  0%| F|  |TAMS 0x00000000c4a00000, 0x00000000c4a00000| Untracked 
|  51|0x00000000c4b00000, 0x00000000c4b00000, 0x00000000c4c00000|  0%| F|  |TAMS 0x00000000c4b00000, 0x00000000c4b00000| Untracked 
|  52|0x00000000c4c00000, 0x00000000c4c00000, 0x00000000c4d00000|  0%| F|  |TAMS 0x00000000c4c00000, 0x00000000c4c00000| Untracked 
|  53|0x00000000c4d00000, 0x00000000c4d00000, 0x00000000c4e00000|  0%| F|  |TAMS 0x00000000c4d00000, 0x00000000c4d00000| Untracked 
|  54|0x00000000c4e00000, 0x00000000c4e00000, 0x00000000c4f00000|  0%| F|  |TAMS 0x00000000c4e00000, 0x00000000c4e00000| Untracked 
|  55|0x00000000c4f00000, 0x00000000c4f00000, 0x00000000c5000000|  0%| F|  |TAMS 0x00000000c4f00000, 0x00000000c4f00000| Untracked 
|  56|0x00000000c5000000, 0x00000000c5000000, 0x00000000c5100000|  0%| F|  |TAMS 0x00000000c5000000, 0x00000000c5000000| Untracked 
|  57|0x00000000c5100000, 0x00000000c5100000, 0x00000000c5200000|  0%| F|  |TAMS 0x00000000c5100000, 0x00000000c5100000| Untracked 
|  58|0x00000000c5200000, 0x00000000c5200000, 0x00000000c5300000|  0%| F|  |TAMS 0x00000000c5200000, 0x00000000c5200000| Untracked 
|  59|0x00000000c5300000, 0x00000000c5300000, 0x00000000c5400000|  0%| F|  |TAMS 0x00000000c5300000, 0x00000000c5300000| Untracked 
|  60|0x00000000c5400000, 0x00000000c5400000, 0x00000000c5500000|  0%| F|  |TAMS 0x00000000c5400000, 0x00000000c5400000| Untracked 
|  61|0x00000000c5500000, 0x00000000c5500000, 0x00000000c5600000|  0%| F|  |TAMS 0x00000000c5500000, 0x00000000c5500000| Untracked 
|  62|0x00000000c5600000, 0x00000000c5685a48, 0x00000000c5700000| 52%| E|  |TAMS 0x00000000c5600000, 0x00000000c5600000| Complete 
|  63|0x00000000c5700000, 0x00000000c5800000, 0x00000000c5800000|100%| E|CS|TAMS 0x00000000c5700000, 0x00000000c5700000| Complete 

Card table byte_map: [0x0000024975dc0000,0x0000024975fc0000] _byte_map_base: 0x00000249757b4000

Marking Bits (Prev, Next): (CMBitMap*) 0x000002496e36de70, (CMBitMap*) 0x000002496e36deb0
 Prev Bits: [0x00000249761c0000, 0x0000024977160000)
 Next Bits: [0x0000024977160000, 0x0000024978100000)

Polling page: 0x000002496db10000

Metaspace:

Usage:
  Non-class:    462.73 KB used.
      Class:     44.19 KB used.
       Both:    506.92 KB used.

Virtual space:
  Non-class space:        8.00 MB reserved,     512.00 KB (  6%) committed,  1 nodes.
      Class space:        1.00 GB reserved,     128.00 KB ( <1%) committed,  1 nodes.
             Both:        1.01 GB reserved,     640.00 KB ( <1%) committed. 

Chunk freelists:
   Non-Class:  3.94 MB
       Class:  3.73 MB
        Both:  7.67 MB

MaxMetaspaceSize: unlimited
CompressedClassSpaceSize: 1.00 GB
Initial GC threshold: 21.00 MB
Current GC threshold: 21.00 MB
CDS: on
MetaspaceReclaimPolicy: balanced
 - commit_granule_bytes: 65536.
 - commit_granule_words: 8192.
 - virtual_space_node_default_size: 1048576.
 - enlarge_chunks_in_place: 1.
 - new_chunks_are_fully_committed: 0.
 - uncommit_free_chunks: 1.
 - use_allocation_guard: 0.
 - handle_deallocations: 1.


Internal statistics:

num_allocs_failed_limit: 0.
num_arena_births: 6.
num_arena_deaths: 0.
num_vsnodes_births: 2.
num_vsnodes_deaths: 0.
num_space_committed: 10.
num_space_uncommitted: 0.
num_chunks_returned_to_freelist: 0.
num_chunks_taken_from_freelist: 11.
num_chunk_merges: 0.
num_chunk_splits: 6.
num_chunks_enlarged: 6.
num_purges: 0.
num_inconsistent_stats: 0.

CodeHeap 'non-profiled nmethods': size=120000Kb used=18Kb max_used=18Kb free=119981Kb
 bounds [0x0000024907ad0000, 0x0000024907d40000, 0x000002490f000000]
CodeHeap 'profiled nmethods': size=120000Kb used=112Kb max_used=112Kb free=119887Kb
 bounds [0x0000024900000000, 0x0000024900270000, 0x0000024907530000]
CodeHeap 'non-nmethods': size=5760Kb used=1097Kb max_used=1109Kb free=4662Kb
 bounds [0x0000024907530000, 0x00000249077a0000, 0x0000024907ad0000]
 total_blobs=463 nmethods=92 adapters=284
 compilation: enabled
              stopped_count=0, restarted_count=0
 full_count=0

Compilation events (20 events):
Event: 0.332 Thread 0x000002496e40e210   80       3       java.lang.StringBuilder::append (8 bytes)
Event: 0.332 Thread 0x000002496e40e210 nmethod 80 0x0000024900019690 code [0x0000024900019820, 0x0000024900019968]
Event: 0.333 Thread 0x000002496e40e210   81       3       java.lang.StringLatin1::newString (24 bytes)
Event: 0.333 Thread 0x000002496e40e210 nmethod 81 0x0000024900019a10 code [0x0000024900019be0, 0x0000024900019f08]
Event: 0.352 Thread 0x000002496e40e210   82       1       java.lang.module.ModuleDescriptor::isOpen (5 bytes)
Event: 0.353 Thread 0x000002496e40e210 nmethod 82 0x0000024907ad3890 code [0x0000024907ad3a20, 0x0000024907ad3af8]
Event: 0.358 Thread 0x000002496e40e210   84       3       java.util.concurrent.ConcurrentHashMap::get (162 bytes)
Event: 0.359 Thread 0x000002496e40e210 nmethod 84 0x000002490001a010 code [0x000002490001a260, 0x000002490001ad48]
Event: 0.360 Thread 0x000002496e40e210   85       1       java.lang.Class::getClassLoader0 (5 bytes)
Event: 0.360 Thread 0x000002496e40e210 nmethod 85 0x0000024907ad3e90 code [0x0000024907ad4020, 0x0000024907ad40f8]
Event: 0.361 Thread 0x000002496e40e210   86       3       java.lang.System::getSecurityManager (12 bytes)
Event: 0.361 Thread 0x000002496e40e210 nmethod 86 0x000002490001b090 code [0x000002490001b220, 0x000002490001b398]
Event: 0.361 Thread 0x000002496e40e210   87       3       java.lang.System::allowSecurityManager (13 bytes)
Event: 0.361 Thread 0x000002496e40e210 nmethod 87 0x000002490001b490 code [0x000002490001b620, 0x000002490001b738]
Event: 0.364 Thread 0x000002496e40e210   90       3       java.lang.StringBuilder::append (8 bytes)
Event: 0.364 Thread 0x000002496e40e210 nmethod 90 0x000002490001b790 code [0x000002490001b920, 0x000002490001ba68]
Event: 0.364 Thread 0x000002496e40d770   92       4       java.lang.String::isLatin1 (19 bytes)
Event: 0.364 Thread 0x000002496e40e210   91       3       java.lang.AbstractStringBuilder::append (45 bytes)
Event: 0.365 Thread 0x000002496e40e210 nmethod 91 0x000002490001bb10 code [0x000002490001bce0, 0x000002490001c028]
Event: 0.365 Thread 0x000002496e40d770 nmethod 92 0x0000024907ad4890 code [0x0000024907ad4a00, 0x0000024907ad4a98]

GC Heap History (0 events):
No events

Deoptimization events (0 events):
No events

Classes unloaded (0 events):
No events

Classes redefined (0 events):
No events

Internal exceptions (0 events):
No events

VM Operations (2 events):
Event: 0.288 Executing VM operation: HandshakeAllThreads
Event: 0.288 Executing VM operation: HandshakeAllThreads done

Events (20 events):
Event: 0.323 loading class sun/nio/cs/StreamDecoder
Event: 0.323 loading class sun/nio/cs/StreamDecoder done
Event: 0.324 loading class sun/nio/cs/UTF_8$Decoder
Event: 0.324 loading class sun/nio/cs/UTF_8$Decoder done
Event: 0.324 loading class java/nio/channels/SelectableChannel
Event: 0.325 loading class java/nio/channels/SelectableChannel done
Event: 0.325 loading class sun/nio/ch/NativeThread
Event: 0.325 loading class sun/nio/ch/NativeThread done
Event: 0.325 loading class sun/nio/ch/Util
Event: 0.325 loading class sun/nio/ch/Util done
Event: 0.325 loading class sun/nio/ch/Util$1
Event: 0.325 loading class sun/nio/ch/Util$1 done
Event: 0.326 loading class sun/nio/ch/Util$BufferCache
Event: 0.326 loading class sun/nio/ch/Util$BufferCache done
Event: 0.326 loading class java/nio/DirectByteBuffer$Deallocator
Event: 0.326 loading class java/nio/DirectByteBuffer$Deallocator done
Event: 0.326 loading class sun/nio/ch/IOStatus
Event: 0.326 loading class sun/nio/ch/IOStatus done
Event: 0.360 loading class java/io/FilenameFilter
Event: 0.361 loading class java/io/FilenameFilter done


Dynamic libraries:
0x00007ff6bd840000 - 0x00007ff6bd850000 	D:\java\bin\java.exe
0x00007ffed8510000 - 0x00007ffed8708000 	C:\WINDOWS\SYSTEM32\ntdll.dll
0x00007ffed76e0000 - 0x00007ffed779d000 	C:\WINDOWS\System32\KERNEL32.DLL
0x00007ffed6110000 - 0x00007ffed6406000 	C:\WINDOWS\System32\KERNELBASE.dll
0x00007ffed5d80000 - 0x00007ffed5e80000 	C:\WINDOWS\System32\ucrtbase.dll
0x00007ffec55c0000 - 0x00007ffec55d8000 	D:\java\bin\jli.dll
0x00007ffecf590000 - 0x00007ffecf5ab000 	D:\java\bin\VCRUNTIME140.dll
0x00007ffed7c70000 - 0x00007ffed7d1f000 	C:\WINDOWS\System32\ADVAPI32.dll
0x00007ffed66f0000 - 0x00007ffed678e000 	C:\WINDOWS\System32\msvcrt.dll
0x00007ffed83d0000 - 0x00007ffed846c000 	C:\WINDOWS\System32\sechost.dll
0x00007ffed80b0000 - 0x00007ffed81d6000 	C:\WINDOWS\System32\RPCRT4.dll
0x00007ffed7d50000 - 0x00007ffed7eee000 	C:\WINDOWS\System32\USER32.dll
0x00007ffed64b0000 - 0x00007ffed64d2000 	C:\WINDOWS\System32\win32u.dll
0x00007ffec5dd0000 - 0x00007ffec606a000 	C:\WINDOWS\WinSxS\amd64_microsoft.windows.common-controls_6595b64144ccf1df_6.0.19041.3636_none_60b6a03d71f818d5\COMCTL32.dll
0x00007ffed6880000 - 0x00007ffed68ac000 	C:\WINDOWS\System32\GDI32.dll
0x00007ffed5c60000 - 0x00007ffed5d7a000 	C:\WINDOWS\System32\gdi32full.dll
0x00007ffed6410000 - 0x00007ffed64ad000 	C:\WINDOWS\System32\msvcp_win.dll
0x00007ffeca320000 - 0x00007ffeca32a000 	C:\WINDOWS\SYSTEM32\VERSION.dll
0x00007ffed7d20000 - 0x00007ffed7d50000 	C:\WINDOWS\System32\IMM32.DLL
0x00007ffecf580000 - 0x00007ffecf58c000 	D:\java\bin\vcruntime140_1.dll
0x00007ffecefa0000 - 0x00007ffecf02e000 	D:\java\bin\msvcp140.dll
0x00007ffeb2c10000 - 0x00007ffeb37e7000 	D:\java\bin\server\jvm.dll
0x00007ffed6870000 - 0x00007ffed6878000 	C:\WINDOWS\System32\PSAPI.DLL
0x00007ffe99a80000 - 0x00007ffe99a89000 	C:\WINDOWS\SYSTEM32\WSOCK32.dll
0x00007ffec9e70000 - 0x00007ffec9e97000 	C:\WINDOWS\SYSTEM32\WINMM.dll
0x00007ffed8360000 - 0x00007ffed83cb000 	C:\WINDOWS\System32\WS2_32.dll
0x00007ffed4440000 - 0x00007ffed4452000 	C:\WINDOWS\SYSTEM32\kernel.appcore.dll
0x00007ffecf530000 - 0x00007ffecf53a000 	D:\java\bin\jimage.dll
0x00007ffec4820000 - 0x00007ffec4a04000 	C:\WINDOWS\SYSTEM32\DBGHELP.DLL
0x00007ffec47e0000 - 0x00007ffec4814000 	C:\WINDOWS\SYSTEM32\dbgcore.DLL
0x00007ffed64e0000 - 0x00007ffed6562000 	C:\WINDOWS\System32\bcryptPrimitives.dll
0x00007ffecf4e0000 - 0x00007ffecf505000 	D:\java\bin\java.dll
0x00007ffecf270000 - 0x00007ffecf347000 	D:\java\bin\jsvml.dll
0x00007ffed68b0000 - 0x00007ffed6ff5000 	C:\WINDOWS\System32\SHELL32.dll
0x00007ffed3c90000 - 0x00007ffed442b000 	C:\WINDOWS\SYSTEM32\windows.storage.dll
0x00007ffed7370000 - 0x00007ffed76c4000 	C:\WINDOWS\System32\combase.dll
0x00007ffed5630000 - 0x00007ffed565d000 	C:\WINDOWS\SYSTEM32\Wldp.dll
0x00007ffed72c0000 - 0x00007ffed736d000 	C:\WINDOWS\System32\SHCORE.dll
0x00007ffed8470000 - 0x00007ffed84c5000 	C:\WINDOWS\System32\shlwapi.dll
0x00007ffed5b20000 - 0x00007ffed5b45000 	C:\WINDOWS\SYSTEM32\profapi.dll
0x00007ffecf4c0000 - 0x00007ffecf4d9000 	D:\java\bin\net.dll
0x00007ffec9790000 - 0x00007ffec989a000 	C:\WINDOWS\SYSTEM32\WINHTTP.dll
0x00007ffed5390000 - 0x00007ffed53fa000 	C:\WINDOWS\system32\mswsock.dll
0x00007ffecf4a0000 - 0x00007ffecf4b6000 	D:\java\bin\nio.dll
0x00007ffecf250000 - 0x00007ffecf268000 	D:\java\bin\zip.dll

dbghelp: loaded successfully - version: 4.0.5 - missing functions: none
symbol engine: initialized successfully - sym options: 0x614 - pdb path: .;D:\java\bin;C:\WINDOWS\SYSTEM32;C:\WINDOWS\WinSxS\amd64_microsoft.windows.common-controls_6595b64144ccf1df_6.0.19041.3636_none_60b6a03d71f818d5;D:\java\bin\server

VM Arguments:
jvm_args: -Dclassworlds.conf=D:\netbean\NetBeans-19\netbeans\java\maven\bin\m2.conf -Dmaven.home=D:\netbean\NetBeans-19\netbeans\java\maven -Dlibrary.jansi.path=D:\netbean\NetBeans-19\netbeans\java\maven\lib\jansi-native -Dmaven.multiModuleProjectDirectory=D:\code\LTJava\SWING\QLSV 
java_command: org.codehaus.plexus.classworlds.launcher.Launcher -Dexec.vmArgs= -Dexec.args=${exec.vmArgs} -classpath %classpath ${exec.mainClass} ${exec.appArgs} -Dexec.appArgs= -Dexec.mainClass=com.mycompany.qlsv.QLSV -Dexec.executable=D:\java\bin\java.exe -Dmaven.ext.class.path=D:\netbean\NetBeans-19\netbeans\java\maven-nblib\netbeans-eventspy.jar -Dfile.encoding=UTF-8 --no-transfer-progress process-classes org.codehaus.mojo:exec-maven-plugin:3.1.0:exec
java_class_path (initial): D:\netbean\NetBeans-19\netbeans\java\maven\boot\plexus-classworlds-2.7.0.jar
Launcher Type: SUN_STANDARD

[Global flags]
     intx CICompilerCount                          = 3                                         {product} {ergonomic}
     uint ConcGCThreads                            = 1                                         {product} {ergonomic}
     uint G1ConcRefinementThreads                  = 4                                         {product} {ergonomic}
   size_t G1HeapRegionSize                         = 1048576                                   {product} {ergonomic}
    uintx GCDrainStackTargetSize                   = 64                                        {product} {ergonomic}
   size_t InitialHeapSize                          = 67108864                                  {product} {ergonomic}
   size_t MarkStackSize                            = 4194304                                   {product} {ergonomic}
   size_t MaxHeapSize                              = 1048576000                                {product} {ergonomic}
   size_t MaxNewSize                               = 629145600                                 {product} {ergonomic}
   size_t MinHeapDeltaBytes                        = 1048576                                   {product} {ergonomic}
   size_t MinHeapSize                              = 8388608                                   {product} {ergonomic}
    uintx NonNMethodCodeHeapSize                   = 5832780                                {pd product} {ergonomic}
    uintx NonProfiledCodeHeapSize                  = 122912730                              {pd product} {ergonomic}
    uintx ProfiledCodeHeapSize                     = 122912730                              {pd product} {ergonomic}
    uintx ReservedCodeCacheSize                    = 251658240                              {pd product} {ergonomic}
     bool SegmentedCodeCache                       = true                                      {product} {ergonomic}
   size_t SoftMaxHeapSize                          = 1048576000                             {manageable} {ergonomic}
     bool UseCompressedClassPointers               = true                           {product lp64_product} {ergonomic}
     bool UseCompressedOops                        = true                           {product lp64_product} {ergonomic}
     bool UseG1GC                                  = true                                      {product} {ergonomic}
     bool UseLargePagesIndividualAllocation        = false                                  {pd product} {ergonomic}

Logging:
Log output configuration:
 #0: stdout all=warning uptime,level,tags
 #1: stderr all=off uptime,level,tags

Environment Variables:
JAVA_HOME=D:\java
PATH=C:\Program Files\Common Files\Oracle\Java\javapath;C:\Program Files (x86)\Common Files\Oracle\Java\javapath;C:\ProgramData\Oracle\Java\javapath;C:\WINDOWS\system32;C:\WINDOWS;C:\WINDOWS\System32\Wbem;C:\WINDOWS\System32\WindowsPowerShell\v1.0\;C:\WINDOWS\System32\OpenSSH\;C:\Program Files\dotnet\;C:\Program Files (x86)\Dev-Cpp\MinGW64\bin;C:\Program Files\Microsoft SQL Server\Client SDK\ODBC\170\Tools\Binn\;C:\Program Files (x86)\Microsoft SQL Server\150\Tools\Binn\;C:\Program Files\Microsoft SQL Server\150\Tools\Binn\;C:\Program Files\Microsoft SQL Server\150\DTS\Binn\;C:\Program Files\Azure Data Studio\bin;C:\Program Files (x86)\Microsoft SQL Server\150\DTS\Binn\;C:\Program Files\Cloudflare\Cloudflare WARP\;D:\Git\cmd;C:\Program Files\MiKTeX\miktex\bin\x64\;C:\Users\Administrator\AppData\Local\Programs\Python\Python310\Scripts\;C:\Users\Administrator\AppData\Local\Programs\Python\Python310\;C:\Users\Administrator\AppData\Local\Microsoft\WindowsApps;C:\Users\Administrator\AppData\Local\Programs\Microsoft VS Code\bin;C:\Program Files\Azure Data Studio\bin;C:\Users\Administrator\AppData\Local\GitHubDesktop\bin;C:\Users\Administrator\.dotnet\tools
USERNAME=Administrator
OS=Windows_NT
PROCESSOR_IDENTIFIER=Intel64 Family 6 Model 69 Stepping 1, GenuineIntel



---------------  S Y S T E M  ---------------

OS:
 Windows 10 , 64 bit Build 19041 (10.0.19041.3636)
OS uptime: 0 days 1:36 hours

CPU: total 4 (initial active 4) (2 cores per cpu, 2 threads per core) family 6 model 69 stepping 1 microcode 0x25, cx8, cmov, fxsr, ht, mmx, sse, sse2, sse3, ssse3, sse4.1, sse4.2, popcnt, lzcnt, tsc, tscinvbit, avx, avx2, aes, erms, clmul, bmi1, bmi2, fma, vzeroupper, clflush

Memory: 4k page, system-wide physical 3993M (489M free)
TotalPageFile size 6395M (AvailPageFile size 1M)
current process WorkingSet (physical memory assigned to process): 29M, peak: 29M
current process commit charge ("private bytes"): 134M, peak: 134M

vm_info: Java HotSpot(TM) 64-Bit Server VM (17.0.6+9-LTS-190) for windows-amd64 JRE (17.0.6+9-LTS-190), built on Dec  6 2022 15:53:54 by "mach5one" with MS VC++ 17.1 (VS2022)

END.
