#
# There is insufficient memory for the Java Runtime Environment to continue.
# Native memory allocation (mmap) failed to map 65536 bytes for Failed to commit metaspace.
# Possible reasons:
#   The system is out of physical RAM or swap space
#   The process is running with CompressedOops enabled, and the Java Heap may be blocking the growth of the native heap
# Possible solutions:
#   Reduce memory load on the system
#   Increase physical memory or swap space
#   Check if swap backing store is full
#   Decrease Java heap size (-Xmx/-Xms)
#   Decrease number of Java threads
#   Decrease Java thread stack sizes (-Xss)
#   Set larger code cache with -XX:ReservedCodeCacheSize=
#   JVM is running with Unscaled Compressed Oops mode in which the Java heap is
#     placed in the first 4GB address space. The Java Heap base address is the
#     maximum limit for the native heap growth. Please use -XX:HeapBaseMinAddress
#     to set the Java Heap base and to place the Java Heap above 4GB virtual address.
# This output file may be truncated or incomplete.
#
#  Out of Memory Error (virtualSpaceNode.cpp:110), pid=10512, tid=15424
#
# JRE version: Java(TM) SE Runtime Environment (17.0.6+9) (build 17.0.6+9-LTS-190)
# Java VM: Java HotSpot(TM) 64-Bit Server VM (17.0.6+9-LTS-190, mixed mode, tiered, compressed oops, compressed class ptrs, g1 gc, windows-amd64)
# No core dump will be written. Minidumps are not enabled by default on client versions of Windows
#

---------------  S U M M A R Y ------------

Command Line: com.mycompany.dakh.DAKH

Host: Intel(R) Core(TM) i5-4300U CPU @ 1.90GHz, 4 cores, 3G,  Windows 10 , 64 bit Build 19041 (10.0.19041.3393)
Time: Mon Dec 25 21:45:41 2023 SE Asia Standard Time elapsed time: 0.438247 seconds (0d 0h 0m 0s)

---------------  T H R E A D  ---------------

Current thread (0x00000286e3821ab0):  JavaThread "main" [_thread_in_vm, id=15424, stack(0x0000009013100000,0x0000009013200000)]

Stack: [0x0000009013100000,0x0000009013200000]
Native frames: (J=compiled Java code, j=interpreted, Vv=VM code, C=native code)
V  [jvm.dll+0x6734ea]
V  [jvm.dll+0x7d18f4]
V  [jvm.dll+0x7d309e]
V  [jvm.dll+0x7d3703]
V  [jvm.dll+0x2433c5]
V  [jvm.dll+0x7cd9fb]
V  [jvm.dll+0x619546]
V  [jvm.dll+0x6195aa]
V  [jvm.dll+0x61bdcd]
V  [jvm.dll+0x619f06]
V  [jvm.dll+0x623c07]
V  [jvm.dll+0x1e79bd]
V  [jvm.dll+0x1e7f85]
V  [jvm.dll+0x1e88cb]
V  [jvm.dll+0x1de0d1]
V  [jvm.dll+0x5399dc]
V  [jvm.dll+0x1ee9ea]
V  [jvm.dll+0x74ba4d]
V  [jvm.dll+0x74ce33]
V  [jvm.dll+0x40f075]
C  [java.dll+0x1a55]

Java frames: (J=compiled Java code, j=interpreted, Vv=VM code)
j  java.lang.ClassLoader.findBootstrapClass(Ljava/lang/String;)Ljava/lang/Class;+0 java.base@17.0.6
j  java.lang.ClassLoader.findBootstrapClassOrNull(Ljava/lang/String;)Ljava/lang/Class;+10 java.base@17.0.6
j  java.lang.System$2.findBootstrapClassOrNull(Ljava/lang/String;)Ljava/lang/Class;+1 java.base@17.0.6
j  jdk.internal.loader.BootLoader.loadClassOrNull(Ljava/lang/String;)Ljava/lang/Class;+4 java.base@17.0.6
j  java.lang.invoke.ClassSpecializer$Factory.loadSpecies(Ljava/lang/invoke/ClassSpecializer$SpeciesData;)Ljava/lang/invoke/ClassSpecializer$SpeciesData;+32 java.base@17.0.6
j  java.lang.invoke.ClassSpecializer.findSpecies(Ljava/lang/Object;)Ljava/lang/invoke/ClassSpecializer$SpeciesData;+53 java.base@17.0.6
j  java.lang.invoke.BoundMethodHandle$SpeciesData.extendWith(B)Ljava/lang/invoke/BoundMethodHandle$SpeciesData;+46 java.base@17.0.6
j  java.lang.invoke.LambdaFormEditor.newSpeciesData(Ljava/lang/invoke/LambdaForm$BasicType;)Ljava/lang/invoke/BoundMethodHandle$SpeciesData;+9 java.base@17.0.6
j  java.lang.invoke.LambdaFormEditor.makeArgumentCombinationForm(ILjava/lang/invoke/MethodType;[IZZ)Ljava/lang/invoke/LambdaForm;+154 java.base@17.0.6
j  java.lang.invoke.LambdaFormEditor.foldArgumentsForm(IZLjava/lang/invoke/MethodType;[I)Ljava/lang/invoke/LambdaForm;+88 java.base@17.0.6
j  java.lang.invoke.MethodHandles.argumentsWithCombiner(ZLjava/lang/invoke/MethodHandle;ILjava/lang/invoke/MethodHandle;[I)Ljava/lang/invoke/MethodHandle;+94 java.base@17.0.6
j  java.lang.invoke.MethodHandles.foldArgumentsWithCombiner(Ljava/lang/invoke/MethodHandle;ILjava/lang/invoke/MethodHandle;[I)Ljava/lang/invoke/MethodHandle;+5 java.base@17.0.6
j  java.lang.invoke.StringConcatFactory.generateMHInlineCopy(Ljava/lang/invoke/MethodType;Ljava/util/List;)Ljava/lang/invoke/MethodHandle;+578 java.base@17.0.6
j  java.lang.invoke.StringConcatFactory.makeConcatWithConstants(Ljava/lang/invoke/MethodHandles$Lookup;Ljava/lang/String;Ljava/lang/invoke/MethodType;Ljava/lang/String;[Ljava/lang/Object;)Ljava/lang/invoke/CallSite;+220 java.base@17.0.6
j  java.lang.invoke.DirectMethodHandle$Holder.invokeStatic(Ljava/lang/Object;Ljava/lang/Object;Ljava/lang/Object;Ljava/lang/Object;Ljava/lang/Object;Ljava/lang/Object;)Ljava/lang/Object;+18 java.base@17.0.6
j  java.lang.invoke.DelegatingMethodHandle$Holder.delegate(Ljava/lang/Object;Ljava/lang/Object;Ljava/lang/Object;Ljava/lang/Object;Ljava/lang/Object;Ljava/lang/Object;)Ljava/lang/Object;+21 java.base@17.0.6
j  java.lang.invoke.Invokers$Holder.invokeExact_MT(Ljava/lang/Object;Ljava/lang/Object;Ljava/lang/Object;Ljava/lang/Object;Ljava/lang/Object;Ljava/lang/Object;Ljava/lang/Object;)Ljava/lang/Object;+26 java.base@17.0.6
j  java.lang.invoke.BootstrapMethodInvoker.invoke(Ljava/lang/Class;Ljava/lang/invoke/MethodHandle;Ljava/lang/String;Ljava/lang/Object;Ljava/lang/Object;Ljava/lang/Class;)Ljava/lang/Object;+157 java.base@17.0.6
j  java.lang.invoke.CallSite.makeSite(Ljava/lang/invoke/MethodHandle;Ljava/lang/String;Ljava/lang/invoke/MethodType;Ljava/lang/Object;Ljava/lang/Class;)Ljava/lang/invoke/CallSite;+8 java.base@17.0.6
j  java.lang.invoke.MethodHandleNatives.linkCallSiteImpl(Ljava/lang/Class;Ljava/lang/invoke/MethodHandle;Ljava/lang/String;Ljava/lang/invoke/MethodType;Ljava/lang/Object;[Ljava/lang/Object;)Ljava/lang/invoke/MemberName;+6 java.base@17.0.6
j  java.lang.invoke.MethodHandleNatives.linkCallSite(Ljava/lang/Object;ILjava/lang/Object;Ljava/lang/Object;Ljava/lang/Object;Ljava/lang/Object;[Ljava/lang/Object;)Ljava/lang/invoke/MemberName;+46 java.base@17.0.6
v  ~StubRoutines::call_stub
j  java.awt.Toolkit$1.run()Ljava/lang/String;+74 java.desktop@17.0.6
j  java.awt.Toolkit$1.run()Ljava/lang/Object;+1 java.desktop@17.0.6
j  java.security.AccessController.executePrivileged(Ljava/security/PrivilegedAction;Ljava/security/AccessControlContext;Ljava/lang/Class;)Ljava/lang/Object;+29 java.base@17.0.6
j  java.security.AccessController.doPrivileged(Ljava/security/PrivilegedAction;)Ljava/lang/Object;+5 java.base@17.0.6
j  java.awt.Toolkit.initAssistiveTechnologies()V+21 java.desktop@17.0.6
j  java.awt.Toolkit.initStatic()V+24 java.desktop@17.0.6
j  java.awt.Toolkit.<clinit>()V+20 java.desktop@17.0.6
v  ~StubRoutines::call_stub
j  java.awt.Component.<clinit>()V+93 java.desktop@17.0.6
v  ~StubRoutines::call_stub
j  com.mycompany.dakh.DAKH.main([Ljava/lang/String;)V+0
v  ~StubRoutines::call_stub

---------------  P R O C E S S  ---------------

Threads class SMR info:
_java_thread_list=0x0000028680d09df0, length=12, elements={
0x00000286e3821ab0, 0x000002868018f500, 0x000002868013fca0, 0x000002868019b0d0,
0x000002868019b5a0, 0x000002868019c210, 0x000002868019d6f0, 0x00000286801c37b0,
0x00000286801c9970, 0x00000286801cedd0, 0x0000028680d2f4c0, 0x0000028680d37c40
}

Java Threads: ( => current thread )
=>0x00000286e3821ab0 JavaThread "main" [_thread_in_vm, id=15424, stack(0x0000009013100000,0x0000009013200000)]
  0x000002868018f500 JavaThread "Reference Handler" daemon [_thread_blocked, id=11580, stack(0x0000009013800000,0x0000009013900000)]
  0x000002868013fca0 JavaThread "Finalizer" daemon [_thread_blocked, id=16336, stack(0x0000009013900000,0x0000009013a00000)]
  0x000002868019b0d0 JavaThread "Signal Dispatcher" daemon [_thread_blocked, id=16204, stack(0x0000009013a00000,0x0000009013b00000)]
  0x000002868019b5a0 JavaThread "Attach Listener" daemon [_thread_blocked, id=12428, stack(0x0000009013b00000,0x0000009013c00000)]
  0x000002868019c210 JavaThread "Service Thread" daemon [_thread_blocked, id=9920, stack(0x0000009013c00000,0x0000009013d00000)]
  0x000002868019d6f0 JavaThread "Monitor Deflation Thread" daemon [_thread_blocked, id=5492, stack(0x0000009013d00000,0x0000009013e00000)]
  0x00000286801c37b0 JavaThread "C2 CompilerThread0" daemon [_thread_blocked, id=6948, stack(0x0000009013e00000,0x0000009013f00000)]
  0x00000286801c9970 JavaThread "C1 CompilerThread0" daemon [_thread_in_vm, id=7744, stack(0x0000009013f00000,0x0000009014000000)]
  0x00000286801cedd0 JavaThread "Sweeper thread" daemon [_thread_blocked, id=2528, stack(0x0000009014000000,0x0000009014100000)]
  0x0000028680d2f4c0 JavaThread "Notification Thread" daemon [_thread_blocked, id=11424, stack(0x0000009014100000,0x0000009014200000)]
  0x0000028680d37c40 JavaThread "Common-Cleaner" daemon [_thread_blocked, id=15952, stack(0x0000009014300000,0x0000009014400000)]

Other Threads:
  0x000002868017c420 VMThread "VM Thread" [stack: 0x0000009013700000,0x0000009013800000] [id=15972]
  0x0000028680d339a0 WatcherThread [stack: 0x0000009014200000,0x0000009014300000] [id=10328]
  0x00000286e385d960 GCTaskThread "GC Thread#0" [stack: 0x0000009013200000,0x0000009013300000] [id=15332]
  0x00000286e38664b0 ConcurrentGCThread "G1 Main Marker" [stack: 0x0000009013300000,0x0000009013400000] [id=15248]
  0x00000286e3867570 ConcurrentGCThread "G1 Conc#0" [stack: 0x0000009013400000,0x0000009013500000] [id=17280]
  0x00000286e38b5f50 ConcurrentGCThread "G1 Refine#0" [stack: 0x0000009013500000,0x0000009013600000] [id=4040]
  0x00000286e38b6880 ConcurrentGCThread "G1 Service" [stack: 0x0000009013600000,0x0000009013700000] [id=15624]

Threads with active compile tasks:
C1 CompilerThread0      458  229       3       java.lang.invoke.LambdaForm$Name::<init> (54 bytes)

VM state: not at safepoint (normal execution)

VM Mutex/Monitor currently owned by a thread:  ([mutex/lock_event])
[0x00000286e381dbf0] Metaspace_lock - owner thread: 0x00000286e3821ab0
[0x00000286e381ec40] MethodData_lock - owner thread: 0x00000286801c9970

Heap address: 0x00000000c1800000, size: 1000 MB, Compressed Oops mode: 32-bit

CDS archive(s) not mapped
Compressed class space mapped at: 0x0000000100000000-0x0000000140000000, reserved size: 1073741824
Narrow klass base: 0x0000000000000000, Narrow klass shift: 3, Narrow klass range: 0x140000000

GC Precious Log:
 CPUs: 4 total, 4 available
 Memory: 3993M
 Large Page Support: Disabled
 NUMA Support: Disabled
 Compressed Oops: Enabled (32-bit)
 Heap Region Size: 1M
 Heap Min Capacity: 8M
 Heap Initial Capacity: 64M
 Heap Max Capacity: 1000M
 Pre-touch: Disabled
 Parallel Workers: 4
 Concurrent Workers: 1
 Concurrent Refinement Workers: 4
 Periodic GC: Disabled

Heap:
 garbage-first heap   total 65536K, used 1024K [0x00000000c1800000, 0x0000000100000000)
  region size 1024K, 2 young (2048K), 0 survivors (0K)
 Metaspace       used 7084K, committed 7232K, reserved 1056768K
  class space    used 596K, committed 704K, reserved 1048576K

Heap Regions: E=young(eden), S=young(survivor), O=old, HS=humongous(starts), HC=humongous(continues), CS=collection set, F=free, OA=open archive, CA=closed archive, TAMS=top-at-mark-start (previous, next)
|   0|0x00000000c1800000, 0x00000000c1800000, 0x00000000c1900000|  0%| F|  |TAMS 0x00000000c1800000, 0x00000000c1800000| Untracked 
|   1|0x00000000c1900000, 0x00000000c1900000, 0x00000000c1a00000|  0%| F|  |TAMS 0x00000000c1900000, 0x00000000c1900000| Untracked 
|   2|0x00000000c1a00000, 0x00000000c1a00000, 0x00000000c1b00000|  0%| F|  |TAMS 0x00000000c1a00000, 0x00000000c1a00000| Untracked 
|   3|0x00000000c1b00000, 0x00000000c1b00000, 0x00000000c1c00000|  0%| F|  |TAMS 0x00000000c1b00000, 0x00000000c1b00000| Untracked 
|   4|0x00000000c1c00000, 0x00000000c1c00000, 0x00000000c1d00000|  0%| F|  |TAMS 0x00000000c1c00000, 0x00000000c1c00000| Untracked 
|   5|0x00000000c1d00000, 0x00000000c1d00000, 0x00000000c1e00000|  0%| F|  |TAMS 0x00000000c1d00000, 0x00000000c1d00000| Untracked 
|   6|0x00000000c1e00000, 0x00000000c1e00000, 0x00000000c1f00000|  0%| F|  |TAMS 0x00000000c1e00000, 0x00000000c1e00000| Untracked 
|   7|0x00000000c1f00000, 0x00000000c1f00000, 0x00000000c2000000|  0%| F|  |TAMS 0x00000000c1f00000, 0x00000000c1f00000| Untracked 
|   8|0x00000000c2000000, 0x00000000c2000000, 0x00000000c2100000|  0%| F|  |TAMS 0x00000000c2000000, 0x00000000c2000000| Untracked 
|   9|0x00000000c2100000, 0x00000000c2100000, 0x00000000c2200000|  0%| F|  |TAMS 0x00000000c2100000, 0x00000000c2100000| Untracked 
|  10|0x00000000c2200000, 0x00000000c2200000, 0x00000000c2300000|  0%| F|  |TAMS 0x00000000c2200000, 0x00000000c2200000| Untracked 
|  11|0x00000000c2300000, 0x00000000c2300000, 0x00000000c2400000|  0%| F|  |TAMS 0x00000000c2300000, 0x00000000c2300000| Untracked 
|  12|0x00000000c2400000, 0x00000000c2400000, 0x00000000c2500000|  0%| F|  |TAMS 0x00000000c2400000, 0x00000000c2400000| Untracked 
|  13|0x00000000c2500000, 0x00000000c2500000, 0x00000000c2600000|  0%| F|  |TAMS 0x00000000c2500000, 0x00000000c2500000| Untracked 
|  14|0x00000000c2600000, 0x00000000c2600000, 0x00000000c2700000|  0%| F|  |TAMS 0x00000000c2600000, 0x00000000c2600000| Untracked 
|  15|0x00000000c2700000, 0x00000000c2700000, 0x00000000c2800000|  0%| F|  |TAMS 0x00000000c2700000, 0x00000000c2700000| Untracked 
|  16|0x00000000c2800000, 0x00000000c2800000, 0x00000000c2900000|  0%| F|  |TAMS 0x00000000c2800000, 0x00000000c2800000| Untracked 
|  17|0x00000000c2900000, 0x00000000c2900000, 0x00000000c2a00000|  0%| F|  |TAMS 0x00000000c2900000, 0x00000000c2900000| Untracked 
|  18|0x00000000c2a00000, 0x00000000c2a00000, 0x00000000c2b00000|  0%| F|  |TAMS 0x00000000c2a00000, 0x00000000c2a00000| Untracked 
|  19|0x00000000c2b00000, 0x00000000c2b00000, 0x00000000c2c00000|  0%| F|  |TAMS 0x00000000c2b00000, 0x00000000c2b00000| Untracked 
|  20|0x00000000c2c00000, 0x00000000c2c00000, 0x00000000c2d00000|  0%| F|  |TAMS 0x00000000c2c00000, 0x00000000c2c00000| Untracked 
|  21|0x00000000c2d00000, 0x00000000c2d00000, 0x00000000c2e00000|  0%| F|  |TAMS 0x00000000c2d00000, 0x00000000c2d00000| Untracked 
|  22|0x00000000c2e00000, 0x00000000c2e00000, 0x00000000c2f00000|  0%| F|  |TAMS 0x00000000c2e00000, 0x00000000c2e00000| Untracked 
|  23|0x00000000c2f00000, 0x00000000c2f00000, 0x00000000c3000000|  0%| F|  |TAMS 0x00000000c2f00000, 0x00000000c2f00000| Untracked 
|  24|0x00000000c3000000, 0x00000000c3000000, 0x00000000c3100000|  0%| F|  |TAMS 0x00000000c3000000, 0x00000000c3000000| Untracked 
|  25|0x00000000c3100000, 0x00000000c3100000, 0x00000000c3200000|  0%| F|  |TAMS 0x00000000c3100000, 0x00000000c3100000| Untracked 
|  26|0x00000000c3200000, 0x00000000c3200000, 0x00000000c3300000|  0%| F|  |TAMS 0x00000000c3200000, 0x00000000c3200000| Untracked 
|  27|0x00000000c3300000, 0x00000000c3300000, 0x00000000c3400000|  0%| F|  |TAMS 0x00000000c3300000, 0x00000000c3300000| Untracked 
|  28|0x00000000c3400000, 0x00000000c3400000, 0x00000000c3500000|  0%| F|  |TAMS 0x00000000c3400000, 0x00000000c3400000| Untracked 
|  29|0x00000000c3500000, 0x00000000c3500000, 0x00000000c3600000|  0%| F|  |TAMS 0x00000000c3500000, 0x00000000c3500000| Untracked 
|  30|0x00000000c3600000, 0x00000000c3600000, 0x00000000c3700000|  0%| F|  |TAMS 0x00000000c3600000, 0x00000000c3600000| Untracked 
|  31|0x00000000c3700000, 0x00000000c3700000, 0x00000000c3800000|  0%| F|  |TAMS 0x00000000c3700000, 0x00000000c3700000| Untracked 
|  32|0x00000000c3800000, 0x00000000c3800000, 0x00000000c3900000|  0%| F|  |TAMS 0x00000000c3800000, 0x00000000c3800000| Untracked 
|  33|0x00000000c3900000, 0x00000000c3900000, 0x00000000c3a00000|  0%| F|  |TAMS 0x00000000c3900000, 0x00000000c3900000| Untracked 
|  34|0x00000000c3a00000, 0x00000000c3a00000, 0x00000000c3b00000|  0%| F|  |TAMS 0x00000000c3a00000, 0x00000000c3a00000| Untracked 
|  35|0x00000000c3b00000, 0x00000000c3b00000, 0x00000000c3c00000|  0%| F|  |TAMS 0x00000000c3b00000, 0x00000000c3b00000| Untracked 
|  36|0x00000000c3c00000, 0x00000000c3c00000, 0x00000000c3d00000|  0%| F|  |TAMS 0x00000000c3c00000, 0x00000000c3c00000| Untracked 
|  37|0x00000000c3d00000, 0x00000000c3d00000, 0x00000000c3e00000|  0%| F|  |TAMS 0x00000000c3d00000, 0x00000000c3d00000| Untracked 
|  38|0x00000000c3e00000, 0x00000000c3e00000, 0x00000000c3f00000|  0%| F|  |TAMS 0x00000000c3e00000, 0x00000000c3e00000| Untracked 
|  39|0x00000000c3f00000, 0x00000000c3f00000, 0x00000000c4000000|  0%| F|  |TAMS 0x00000000c3f00000, 0x00000000c3f00000| Untracked 
|  40|0x00000000c4000000, 0x00000000c4000000, 0x00000000c4100000|  0%| F|  |TAMS 0x00000000c4000000, 0x00000000c4000000| Untracked 
|  41|0x00000000c4100000, 0x00000000c4100000, 0x00000000c4200000|  0%| F|  |TAMS 0x00000000c4100000, 0x00000000c4100000| Untracked 
|  42|0x00000000c4200000, 0x00000000c4200000, 0x00000000c4300000|  0%| F|  |TAMS 0x00000000c4200000, 0x00000000c4200000| Untracked 
|  43|0x00000000c4300000, 0x00000000c4300000, 0x00000000c4400000|  0%| F|  |TAMS 0x00000000c4300000, 0x00000000c4300000| Untracked 
|  44|0x00000000c4400000, 0x00000000c4400000, 0x00000000c4500000|  0%| F|  |TAMS 0x00000000c4400000, 0x00000000c4400000| Untracked 
|  45|0x00000000c4500000, 0x00000000c4500000, 0x00000000c4600000|  0%| F|  |TAMS 0x00000000c4500000, 0x00000000c4500000| Untracked 
|  46|0x00000000c4600000, 0x00000000c4600000, 0x00000000c4700000|  0%| F|  |TAMS 0x00000000c4600000, 0x00000000c4600000| Untracked 
|  47|0x00000000c4700000, 0x00000000c4700000, 0x00000000c4800000|  0%| F|  |TAMS 0x00000000c4700000, 0x00000000c4700000| Untracked 
|  48|0x00000000c4800000, 0x00000000c4800000, 0x00000000c4900000|  0%| F|  |TAMS 0x00000000c4800000, 0x00000000c4800000| Untracked 
|  49|0x00000000c4900000, 0x00000000c4900000, 0x00000000c4a00000|  0%| F|  |TAMS 0x00000000c4900000, 0x00000000c4900000| Untracked 
|  50|0x00000000c4a00000, 0x00000000c4a00000, 0x00000000c4b00000|  0%| F|  |TAMS 0x00000000c4a00000, 0x00000000c4a00000| Untracked 
|  51|0x00000000c4b00000, 0x00000000c4b00000, 0x00000000c4c00000|  0%| F|  |TAMS 0x00000000c4b00000, 0x00000000c4b00000| Untracked 
|  52|0x00000000c4c00000, 0x00000000c4c00000, 0x00000000c4d00000|  0%| F|  |TAMS 0x00000000c4c00000, 0x00000000c4c00000| Untracked 
|  53|0x00000000c4d00000, 0x00000000c4d00000, 0x00000000c4e00000|  0%| F|  |TAMS 0x00000000c4d00000, 0x00000000c4d00000| Untracked 
|  54|0x00000000c4e00000, 0x00000000c4e00000, 0x00000000c4f00000|  0%| F|  |TAMS 0x00000000c4e00000, 0x00000000c4e00000| Untracked 
|  55|0x00000000c4f00000, 0x00000000c4f00000, 0x00000000c5000000|  0%| F|  |TAMS 0x00000000c4f00000, 0x00000000c4f00000| Untracked 
|  56|0x00000000c5000000, 0x00000000c5000000, 0x00000000c5100000|  0%| F|  |TAMS 0x00000000c5000000, 0x00000000c5000000| Untracked 
|  57|0x00000000c5100000, 0x00000000c5100000, 0x00000000c5200000|  0%| F|  |TAMS 0x00000000c5100000, 0x00000000c5100000| Untracked 
|  58|0x00000000c5200000, 0x00000000c5200000, 0x00000000c5300000|  0%| F|  |TAMS 0x00000000c5200000, 0x00000000c5200000| Untracked 
|  59|0x00000000c5300000, 0x00000000c5300000, 0x00000000c5400000|  0%| F|  |TAMS 0x00000000c5300000, 0x00000000c5300000| Untracked 
|  60|0x00000000c5400000, 0x00000000c5400000, 0x00000000c5500000|  0%| F|  |TAMS 0x00000000c5400000, 0x00000000c5400000| Untracked 
|  61|0x00000000c5500000, 0x00000000c5500000, 0x00000000c5600000|  0%| F|  |TAMS 0x00000000c5500000, 0x00000000c5500000| Untracked 
|  62|0x00000000c5600000, 0x00000000c5700000, 0x00000000c5700000|100%| E|  |TAMS 0x00000000c5600000, 0x00000000c5600000| Complete 
|  63|0x00000000c5700000, 0x00000000c5800000, 0x00000000c5800000|100%| E|CS|TAMS 0x00000000c5700000, 0x00000000c5700000| Complete 

Card table byte_map: [0x00000286fa2b0000,0x00000286fa4b0000] _byte_map_base: 0x00000286f9ca4000

Marking Bits (Prev, Next): (CMBitMap*) 0x00000286e385de80, (CMBitMap*) 0x00000286e385dec0
 Prev Bits: [0x00000286fa6b0000, 0x00000286fb650000)
 Next Bits: [0x00000286fb650000, 0x00000286fc5f0000)

Polling page: 0x00000286e19d0000

Metaspace:

Usage:
  Non-class:      6.34 MB used.
      Class:    596.98 KB used.
       Both:      6.92 MB used.

Virtual space:
  Non-class space:        8.00 MB reserved,       6.38 MB ( 80%) committed,  1 nodes.
      Class space:        1.00 GB reserved,     704.00 KB ( <1%) committed,  1 nodes.
             Both:        1.01 GB reserved,       7.06 MB ( <1%) committed. 

Chunk freelists:
   Non-Class:  990.00 KB
       Class:  3.23 MB
        Both:  4.20 MB

MaxMetaspaceSize: unlimited
CompressedClassSpaceSize: 1.00 GB
Initial GC threshold: 21.00 MB
Current GC threshold: 21.00 MB
CDS: off
MetaspaceReclaimPolicy: balanced
 - commit_granule_bytes: 65536.
 - commit_granule_words: 8192.
 - virtual_space_node_default_size: 1048576.
 - enlarge_chunks_in_place: 1.
 - new_chunks_are_fully_committed: 0.
 - uncommit_free_chunks: 1.
 - use_allocation_guard: 0.
 - handle_deallocations: 1.


Internal statistics:

num_allocs_failed_limit: 0.
num_arena_births: 38.
num_arena_deaths: 0.
num_vsnodes_births: 2.
num_vsnodes_deaths: 0.
num_space_committed: 113.
num_space_uncommitted: 0.
num_chunks_returned_to_freelist: 0.
num_chunks_taken_from_freelist: 57.
num_chunk_merges: 0.
num_chunk_splits: 30.
num_chunks_enlarged: 17.
num_purges: 0.
num_inconsistent_stats: 0.

CodeHeap 'non-profiled nmethods': size=120000Kb used=73Kb max_used=73Kb free=119926Kb
 bounds [0x00000286f2b80000, 0x00000286f2df0000, 0x00000286fa0b0000]
CodeHeap 'profiled nmethods': size=120000Kb used=291Kb max_used=291Kb free=119708Kb
 bounds [0x00000286eb0b0000, 0x00000286eb320000, 0x00000286f25e0000]
CodeHeap 'non-nmethods': size=5760Kb used=1105Kb max_used=1113Kb free=4654Kb
 bounds [0x00000286f25e0000, 0x00000286f2850000, 0x00000286f2b80000]
 total_blobs=611 nmethods=230 adapters=294
 compilation: enabled
              stopped_count=0, restarted_count=0
 full_count=0

Compilation events (20 events):
Event: 0.421 Thread 0x00000286801c9970 nmethod 214 0x00000286f2b90910 code [0x00000286f2b90aa0, 0x00000286f2b90b78]
Event: 0.421 Thread 0x00000286801c9970  215       3       java.util.Arrays::copyOf (40 bytes)
Event: 0.421 Thread 0x00000286801c9970 nmethod 215 0x00000286eb0eac10 code [0x00000286eb0eae00, 0x00000286eb0eb4a8]
Event: 0.422 Thread 0x00000286801c9970  219       3       java.lang.invoke.MethodType::checkPtypes (76 bytes)
Event: 0.422 Thread 0x00000286801c9970 nmethod 219 0x00000286eb0eb690 code [0x00000286eb0eb900, 0x00000286eb0ec248]
Event: 0.422 Thread 0x00000286801c9970  218       3       jdk.internal.org.objectweb.asm.Frame::push (109 bytes)
Event: 0.423 Thread 0x00000286801c9970 nmethod 218 0x00000286eb0ec610 code [0x00000286eb0ec7e0, 0x00000286eb0ecd48]
Event: 0.423 Thread 0x00000286801c9970  216       3       java.lang.invoke.LambdaForm::internArgument (85 bytes)
Event: 0.423 Thread 0x00000286801c9970 nmethod 216 0x00000286eb0ecf10 code [0x00000286eb0ed0e0, 0x00000286eb0ed428]
Event: 0.423 Thread 0x00000286801c9970  220       1       java.lang.invoke.LambdaForm$BasicType::basicTypeClass (5 bytes)
Event: 0.423 Thread 0x00000286801c9970 nmethod 220 0x00000286f2b91210 code [0x00000286f2b913a0, 0x00000286f2b91478]
Event: 0.426 Thread 0x00000286801c9970  226       3       java.lang.invoke.LambdaForm$Name::useCount (51 bytes)
Event: 0.426 Thread 0x00000286801c9970 nmethod 226 0x00000286eb0ed610 code [0x00000286eb0ed7c0, 0x00000286eb0eda38]
Event: 0.426 Thread 0x00000286801c9970  228       3       jdk.internal.org.objectweb.asm.Frame::execute (2305 bytes)
Event: 0.435 Thread 0x00000286801c9970 nmethod 228 0x00000286eb0edb10 code [0x00000286eb0eea40, 0x00000286eb0f5418]
Event: 0.435 Thread 0x00000286801c9970  232       3       java.util.Arrays::equals (57 bytes)
Event: 0.435 Thread 0x00000286801c9970 nmethod 232 0x00000286eb0f7010 code [0x00000286eb0f7200, 0x00000286eb0f77c8]
Event: 0.435 Thread 0x00000286801c9970  227       3       jdk.internal.org.objectweb.asm.ByteVector::put12 (64 bytes)
Event: 0.436 Thread 0x00000286801c9970 nmethod 227 0x00000286eb0f7990 code [0x00000286eb0f7b40, 0x00000286eb0f7d68]
Event: 0.436 Thread 0x00000286801c9970  230       3       java.lang.invoke.MethodType$ConcurrentWeakInternSet::get (47 bytes)

GC Heap History (0 events):
No events

Deoptimization events (0 events):
No events

Classes unloaded (0 events):
No events

Classes redefined (0 events):
No events

Internal exceptions (2 events):
Event: 0.365 Thread 0x00000286e3821ab0 Exception <a 'java/lang/ClassNotFoundException'{0x00000000c56773a8}: sun/awt/resources/spi/awtProvider> (0x00000000c56773a8) 
thrown [s\open\src\hotspot\share\classfile\systemDictionary.cpp, line 256]
Event: 0.427 Thread 0x00000286e3821ab0 Exception <a 'java/io/FileNotFoundException'{0x00000000c56d1c88}> (0x00000000c56d1c88) 
thrown [s\open\src\hotspot\share\prims\jni.cpp, line 516]

VM Operations (0 events):
No events

Events (20 events):
Event: 0.423 loading class java/util/NavigableMap
Event: 0.423 loading class java/util/SortedMap
Event: 0.424 loading class java/util/SortedMap done
Event: 0.424 loading class java/util/NavigableMap done
Event: 0.424 loading class java/util/TreeMap done
Event: 0.424 loading class java/lang/invoke/LambdaFormEditor$1
Event: 0.424 loading class java/lang/invoke/LambdaFormEditor$1 done
Event: 0.424 loading class java/util/TreeMap$Entry
Event: 0.424 loading class java/util/TreeMap$Entry done
Event: 0.425 loading class java/util/TreeMap$EntrySet
Event: 0.425 loading class java/util/TreeMap$EntrySet done
Event: 0.425 loading class java/util/TreeMap$EntryIterator
Event: 0.425 loading class java/util/TreeMap$PrivateEntryIterator
Event: 0.425 loading class java/util/TreeMap$PrivateEntryIterator done
Event: 0.425 loading class java/util/TreeMap$EntryIterator done
Event: 0.427 loading class java/io/FileNotFoundException
Event: 0.427 loading class java/io/IOException
Event: 0.427 loading class java/io/IOException done
Event: 0.427 loading class java/io/FileNotFoundException done
Event: 0.436 loading class java/lang/invoke/BoundMethodHandle$Species_LLLLLLLL


Dynamic libraries:
0x00007ff6f67f0000 - 0x00007ff6f6800000 	D:\java\bin\java.exe
0x00007ffc28470000 - 0x00007ffc28668000 	C:\WINDOWS\SYSTEM32\ntdll.dll
0x00007ffc27e00000 - 0x00007ffc27ebd000 	C:\WINDOWS\System32\KERNEL32.DLL
0x00007ffc26040000 - 0x00007ffc26336000 	C:\WINDOWS\System32\KERNELBASE.dll
0x00007ffc263d0000 - 0x00007ffc264d0000 	C:\WINDOWS\System32\ucrtbase.dll
0x00007ffc1e6c0000 - 0x00007ffc1e6d8000 	D:\java\bin\jli.dll
0x00007ffc20ee0000 - 0x00007ffc20efb000 	D:\java\bin\VCRUNTIME140.dll
0x00007ffc28210000 - 0x00007ffc282be000 	C:\WINDOWS\System32\ADVAPI32.dll
0x00007ffc27f40000 - 0x00007ffc27fde000 	C:\WINDOWS\System32\msvcrt.dll
0x00007ffc274e0000 - 0x00007ffc2757c000 	C:\WINDOWS\System32\sechost.dll
0x00007ffc27770000 - 0x00007ffc27896000 	C:\WINDOWS\System32\RPCRT4.dll
0x00007ffc28070000 - 0x00007ffc2820e000 	C:\WINDOWS\System32\USER32.dll
0x00007ffc25ef0000 - 0x00007ffc25f12000 	C:\WINDOWS\System32\win32u.dll
0x00007ffc28040000 - 0x00007ffc2806c000 	C:\WINDOWS\System32\GDI32.dll
0x00007ffc15910000 - 0x00007ffc15baa000 	C:\WINDOWS\WinSxS\amd64_microsoft.windows.common-controls_6595b64144ccf1df_6.0.19041.1110_none_60b5254171f9507e\COMCTL32.dll
0x00007ffc25d50000 - 0x00007ffc25e6a000 	C:\WINDOWS\System32\gdi32full.dll
0x00007ffc25cb0000 - 0x00007ffc25d4d000 	C:\WINDOWS\System32\msvcp_win.dll
0x00007ffc17500000 - 0x00007ffc1750a000 	C:\WINDOWS\SYSTEM32\VERSION.dll
0x00007ffc274b0000 - 0x00007ffc274e0000 	C:\WINDOWS\System32\IMM32.DLL
0x00007ffc20ed0000 - 0x00007ffc20edc000 	D:\java\bin\vcruntime140_1.dll
0x00007ffc02660000 - 0x00007ffc026ee000 	D:\java\bin\msvcp140.dll
0x00007ffbe5560000 - 0x00007ffbe6137000 	D:\java\bin\server\jvm.dll
0x00007ffc28420000 - 0x00007ffc28428000 	C:\WINDOWS\System32\PSAPI.DLL
0x00007ffc10670000 - 0x00007ffc10679000 	C:\WINDOWS\SYSTEM32\WSOCK32.dll
0x00007ffc27a30000 - 0x00007ffc27a9b000 	C:\WINDOWS\System32\WS2_32.dll
0x00007ffc19b80000 - 0x00007ffc19ba7000 	C:\WINDOWS\SYSTEM32\WINMM.dll
0x00007ffc243c0000 - 0x00007ffc243d2000 	C:\WINDOWS\SYSTEM32\kernel.appcore.dll
0x00007ffc20ec0000 - 0x00007ffc20eca000 	D:\java\bin\jimage.dll
0x00007ffc120b0000 - 0x00007ffc12294000 	C:\WINDOWS\SYSTEM32\DBGHELP.DLL
0x00007ffc14480000 - 0x00007ffc144b4000 	C:\WINDOWS\SYSTEM32\dbgcore.DLL
0x00007ffc26340000 - 0x00007ffc263c2000 	C:\WINDOWS\System32\bcryptPrimitives.dll
0x00007ffc1fec0000 - 0x00007ffc1fee5000 	D:\java\bin\java.dll
0x00007ffbf0290000 - 0x00007ffbf0367000 	D:\java\bin\jsvml.dll
0x00007ffc26b80000 - 0x00007ffc272c5000 	C:\WINDOWS\System32\SHELL32.dll
0x00007ffc23590000 - 0x00007ffc23d2b000 	C:\WINDOWS\SYSTEM32\windows.storage.dll
0x00007ffc27aa0000 - 0x00007ffc27df4000 	C:\WINDOWS\System32\combase.dll
0x00007ffc25590000 - 0x00007ffc255be000 	C:\WINDOWS\SYSTEM32\Wldp.dll
0x00007ffc278a0000 - 0x00007ffc2794d000 	C:\WINDOWS\System32\SHCORE.dll
0x00007ffc27fe0000 - 0x00007ffc28035000 	C:\WINDOWS\System32\shlwapi.dll
0x00007ffc25a80000 - 0x00007ffc25aa5000 	C:\WINDOWS\SYSTEM32\profapi.dll
0x00007ffc20bd0000 - 0x00007ffc20be9000 	D:\java\bin\net.dll
0x00007ffc1be30000 - 0x00007ffc1bf3a000 	C:\WINDOWS\SYSTEM32\WINHTTP.dll
0x00007ffc252f0000 - 0x00007ffc2535a000 	C:\WINDOWS\system32\mswsock.dll
0x00007ffc1cd10000 - 0x00007ffc1cd26000 	D:\java\bin\nio.dll
0x00007ffc156f0000 - 0x00007ffc15708000 	D:\java\bin\zip.dll
0x00007ffbeb2d0000 - 0x00007ffbeb461000 	D:\java\bin\awt.dll
0x00007ffc282c0000 - 0x00007ffc2838d000 	C:\WINDOWS\System32\OLEAUT32.dll
0x00007ffc22ce0000 - 0x00007ffc22d71000 	C:\WINDOWS\SYSTEM32\apphelp.dll

dbghelp: loaded successfully - version: 4.0.5 - missing functions: none
symbol engine: initialized successfully - sym options: 0x614 - pdb path: .;D:\java\bin;C:\WINDOWS\SYSTEM32;C:\WINDOWS\WinSxS\amd64_microsoft.windows.common-controls_6595b64144ccf1df_6.0.19041.1110_none_60b5254171f9507e;D:\java\bin\server

VM Arguments:
java_command: com.mycompany.dakh.DAKH
java_class_path (initial): D:\code\LTJava\SWING\DAKH\target\classes;C:\Users\Administrator\.m2\repository\com\mysql\mysql-connector-j\8.0.33\mysql-connector-j-8.0.33.jar;C:\Users\Administrator\.m2\repository\com\google\protobuf\protobuf-java\3.21.9\protobuf-java-3.21.9.jar
Launcher Type: SUN_STANDARD

[Global flags]
     intx CICompilerCount                          = 3                                         {product} {ergonomic}
     uint ConcGCThreads                            = 1                                         {product} {ergonomic}
     uint G1ConcRefinementThreads                  = 4                                         {product} {ergonomic}
   size_t G1HeapRegionSize                         = 1048576                                   {product} {ergonomic}
    uintx GCDrainStackTargetSize                   = 64                                        {product} {ergonomic}
   size_t InitialHeapSize                          = 67108864                                  {product} {ergonomic}
   size_t MarkStackSize                            = 4194304                                   {product} {ergonomic}
   size_t MaxHeapSize                              = 1048576000                                {product} {ergonomic}
   size_t MaxNewSize                               = 629145600                                 {product} {ergonomic}
   size_t MinHeapDeltaBytes                        = 1048576                                   {product} {ergonomic}
   size_t MinHeapSize                              = 8388608                                   {product} {ergonomic}
    uintx NonNMethodCodeHeapSize                   = 5832780                                {pd product} {ergonomic}
    uintx NonProfiledCodeHeapSize                  = 122912730                              {pd product} {ergonomic}
    uintx ProfiledCodeHeapSize                     = 122912730                              {pd product} {ergonomic}
    uintx ReservedCodeCacheSize                    = 251658240                              {pd product} {ergonomic}
     bool SegmentedCodeCache                       = true                                      {product} {ergonomic}
   size_t SoftMaxHeapSize                          = 1048576000                             {manageable} {ergonomic}
     bool UseCompressedClassPointers               = true                           {product lp64_product} {ergonomic}
     bool UseCompressedOops                        = true                           {product lp64_product} {ergonomic}
     bool UseG1GC                                  = true                                      {product} {ergonomic}
     bool UseLargePagesIndividualAllocation        = false                                  {pd product} {ergonomic}

Logging:
Log output configuration:
 #0: stdout all=warning uptime,level,tags
 #1: stderr all=off uptime,level,tags

Environment Variables:
JAVA_HOME=D:\java
PATH=C:\Program Files\Common Files\Oracle\Java\javapath;C:\Program Files (x86)\Common Files\Oracle\Java\javapath;C:\ProgramData\Oracle\Java\javapath;C:\WINDOWS\system32;C:\WINDOWS;C:\WINDOWS\System32\Wbem;C:\WINDOWS\System32\WindowsPowerShell\v1.0\;C:\WINDOWS\System32\OpenSSH\;C:\Program Files\dotnet\;C:\Program Files (x86)\Dev-Cpp\MinGW64\bin;C:\Program Files\Microsoft SQL Server\Client SDK\ODBC\170\Tools\Binn\;C:\Program Files (x86)\Microsoft SQL Server\150\Tools\Binn\;C:\Program Files\Microsoft SQL Server\150\Tools\Binn\;C:\Program Files\Microsoft SQL Server\150\DTS\Binn\;C:\Program Files\Azure Data Studio\bin;C:\Program Files (x86)\Microsoft SQL Server\150\DTS\Binn\;C:\Program Files\Cloudflare\Cloudflare WARP\;D:\Git\cmd;C:\Program Files\MiKTeX\miktex\bin\x64\;C:\Users\Administrator\AppData\Local\Programs\Python\Python310\Scripts\;C:\Users\Administrator\AppData\Local\Programs\Python\Python310\;C:\Users\Administrator\AppData\Local\Microsoft\WindowsApps;C:\Users\Administrator\AppData\Local\Programs\Microsoft VS Code\bin;C:\Program Files\Azure Data Studio\bin;C:\Users\Administrator\AppData\Local\GitHubDesktop\bin;C:\Users\Administrator\.dotnet\tools
USERNAME=Administrator
OS=Windows_NT
PROCESSOR_IDENTIFIER=Intel64 Family 6 Model 69 Stepping 1, GenuineIntel



---------------  S Y S T E M  ---------------

OS:
 Windows 10 , 64 bit Build 19041 (10.0.19041.3393)
OS uptime: 0 days 1:48 hours

CPU: total 4 (initial active 4) (2 cores per cpu, 2 threads per core) family 6 model 69 stepping 1 microcode 0x25, cx8, cmov, fxsr, ht, mmx, sse, sse2, sse3, ssse3, sse4.1, sse4.2, popcnt, lzcnt, tsc, tscinvbit, avx, avx2, aes, erms, clmul, bmi1, bmi2, fma, vzeroupper, clflush

Memory: 4k page, system-wide physical 3993M (342M free)
TotalPageFile size 10422M (AvailPageFile size 3M)
current process WorkingSet (physical memory assigned to process): 33M, peak: 33M
current process commit charge ("private bytes"): 132M, peak: 132M

vm_info: Java HotSpot(TM) 64-Bit Server VM (17.0.6+9-LTS-190) for windows-amd64 JRE (17.0.6+9-LTS-190), built on Dec  6 2022 15:53:54 by "mach5one" with MS VC++ 17.1 (VS2022)

END.
