#
# There is insufficient memory for the Java Runtime Environment to continue.
# Native memory allocation (mmap) failed to map 67108864 bytes for G1 virtual space
# Possible reasons:
#   The system is out of physical RAM or swap space
#   The process is running with CompressedOops enabled, and the Java Heap may be blocking the growth of the native heap
# Possible solutions:
#   Reduce memory load on the system
#   Increase physical memory or swap space
#   Check if swap backing store is full
#   Decrease Java heap size (-Xmx/-Xms)
#   Decrease number of Java threads
#   Decrease Java thread stack sizes (-Xss)
#   Set larger code cache with -XX:ReservedCodeCacheSize=
#   JVM is running with Unscaled Compressed Oops mode in which the Java heap is
#     placed in the first 4GB address space. The Java Heap base address is the
#     maximum limit for the native heap growth. Please use -XX:HeapBaseMinAddress
#     to set the Java Heap base and to place the Java Heap above 4GB virtual address.
# This output file may be truncated or incomplete.
#
#  Out of Memory Error (os_windows.cpp:3550), pid=11612, tid=15248
#
# JRE version:  (17.0.6+9) (build )
# Java VM: Java HotSpot(TM) 64-Bit Server VM (17.0.6+9-LTS-190, mixed mode, sharing, tiered, compressed oops, compressed class ptrs, g1 gc, windows-amd64)
# No core dump will be written. Minidumps are not enabled by default on client versions of Windows
#

---------------  S U M M A R Y ------------

Command Line: com.mycompany.dakh.DAKH

Host: Intel(R) Core(TM) i5-4300U CPU @ 1.90GHz, 4 cores, 3G,  Windows 10 , 64 bit Build 19041 (10.0.19041.3393)
Time: Mon Dec 25 21:45:24 2023 SE Asia Standard Time elapsed time: 0.015967 seconds (0d 0h 0m 0s)

---------------  T H R E A D  ---------------

Current thread (0x0000023b70b92170):  JavaThread "Unknown thread" [_thread_in_vm, id=15248, stack(0x0000009575600000,0x0000009575700000)]

Stack: [0x0000009575600000,0x0000009575700000]
Native frames: (J=compiled Java code, j=interpreted, Vv=VM code, C=native code)
V  [jvm.dll+0x6734ea]
V  [jvm.dll+0x7d18f4]
V  [jvm.dll+0x7d309e]
V  [jvm.dll+0x7d3703]
V  [jvm.dll+0x2433c5]
V  [jvm.dll+0x6703f9]
V  [jvm.dll+0x664d32]
V  [jvm.dll+0x300086]
V  [jvm.dll+0x307606]
V  [jvm.dll+0x356c1e]
V  [jvm.dll+0x356e4f]
V  [jvm.dll+0x2d72e8]
V  [jvm.dll+0x2d8254]
V  [jvm.dll+0x7a33b1]
V  [jvm.dll+0x3647f1]
V  [jvm.dll+0x782839]
V  [jvm.dll+0x3e757f]
V  [jvm.dll+0x3e9001]
C  [jli.dll+0x5297]
C  [ucrtbase.dll+0x21bb2]
C  [KERNEL32.DLL+0x17344]
C  [ntdll.dll+0x526b1]


---------------  P R O C E S S  ---------------

Threads class SMR info:
_java_thread_list=0x00007ffbe600e958, length=0, elements={
}

Java Threads: ( => current thread )

Other Threads:
  0x0000023b70bce100 GCTaskThread "GC Thread#0" [stack: 0x0000009575700000,0x0000009575800000] [id=16496]
  0x0000023b70bd7560 ConcurrentGCThread "G1 Main Marker" [stack: 0x0000009575800000,0x0000009575900000] [id=16492]
  0x0000023b70bd8710 ConcurrentGCThread "G1 Conc#0" [stack: 0x0000009575900000,0x0000009575a00000] [id=16508]

[error occurred during error reporting (printing all threads), id 0xc0000005, EXCEPTION_ACCESS_VIOLATION (0xc0000005) at pc=0x00007ffbe5847f07]

VM state: not at safepoint (not fully initialized)

VM Mutex/Monitor currently owned by a thread:  ([mutex/lock_event])
[0x0000023b70b8e350] Heap_lock - owner thread: 0x0000023b70b92170

Heap address: 0x00000000c1800000, size: 1000 MB, Compressed Oops mode: 32-bit

CDS archive(s) mapped at: [0x0000000000000000-0x0000000000000000-0x0000000000000000), size 0, SharedBaseAddress: 0x0000000800000000, ArchiveRelocationMode: 0.
Narrow klass base: 0x0000000000000000, Narrow klass shift: 0, Narrow klass range: 0x0

GC Precious Log:
<Empty>

Heap:
 garbage-first heap   total 0K, used 0K [0x00000000c1800000, 0x0000000100000000)
  region size 1024K, 0 young (0K), 0 survivors (0K)

[error occurred during error reporting (printing heap information), id 0xc0000005, EXCEPTION_ACCESS_VIOLATION (0xc0000005) at pc=0x00007ffbe5c2c759]

GC Heap History (0 events):
No events

Deoptimization events (0 events):
No events

Classes unloaded (0 events):
No events

Classes redefined (0 events):
No events

Internal exceptions (0 events):
No events

VM Operations (0 events):
No events

Events (1 events):
Event: 0.010 Loaded shared library D:\java\bin\java.dll


Dynamic libraries:
0x00007ff6f67f0000 - 0x00007ff6f6800000 	D:\java\bin\java.exe
0x00007ffc28470000 - 0x00007ffc28668000 	C:\WINDOWS\SYSTEM32\ntdll.dll
0x00007ffc27e00000 - 0x00007ffc27ebd000 	C:\WINDOWS\System32\KERNEL32.DLL
0x00007ffc26040000 - 0x00007ffc26336000 	C:\WINDOWS\System32\KERNELBASE.dll
0x00007ffc263d0000 - 0x00007ffc264d0000 	C:\WINDOWS\System32\ucrtbase.dll
0x00007ffc20ee0000 - 0x00007ffc20efb000 	D:\java\bin\VCRUNTIME140.dll
0x00007ffc1e6c0000 - 0x00007ffc1e6d8000 	D:\java\bin\jli.dll
0x00007ffc28210000 - 0x00007ffc282be000 	C:\WINDOWS\System32\ADVAPI32.dll
0x00007ffc27f40000 - 0x00007ffc27fde000 	C:\WINDOWS\System32\msvcrt.dll
0x00007ffc274e0000 - 0x00007ffc2757c000 	C:\WINDOWS\System32\sechost.dll
0x00007ffc27770000 - 0x00007ffc27896000 	C:\WINDOWS\System32\RPCRT4.dll
0x00007ffc28070000 - 0x00007ffc2820e000 	C:\WINDOWS\System32\USER32.dll
0x00007ffc25ef0000 - 0x00007ffc25f12000 	C:\WINDOWS\System32\win32u.dll
0x00007ffc28040000 - 0x00007ffc2806c000 	C:\WINDOWS\System32\GDI32.dll
0x00007ffc25d50000 - 0x00007ffc25e6a000 	C:\WINDOWS\System32\gdi32full.dll
0x00007ffc25cb0000 - 0x00007ffc25d4d000 	C:\WINDOWS\System32\msvcp_win.dll
0x00007ffc15910000 - 0x00007ffc15baa000 	C:\WINDOWS\WinSxS\amd64_microsoft.windows.common-controls_6595b64144ccf1df_6.0.19041.1110_none_60b5254171f9507e\COMCTL32.dll
0x00007ffc17500000 - 0x00007ffc1750a000 	C:\WINDOWS\SYSTEM32\VERSION.dll
0x00007ffc274b0000 - 0x00007ffc274e0000 	C:\WINDOWS\System32\IMM32.DLL
0x00007ffc20ed0000 - 0x00007ffc20edc000 	D:\java\bin\vcruntime140_1.dll
0x00007ffc02660000 - 0x00007ffc026ee000 	D:\java\bin\msvcp140.dll
0x00007ffbe5560000 - 0x00007ffbe6137000 	D:\java\bin\server\jvm.dll
0x00007ffc28420000 - 0x00007ffc28428000 	C:\WINDOWS\System32\PSAPI.DLL
0x00007ffc10670000 - 0x00007ffc10679000 	C:\WINDOWS\SYSTEM32\WSOCK32.dll
0x00007ffc19b80000 - 0x00007ffc19ba7000 	C:\WINDOWS\SYSTEM32\WINMM.dll
0x00007ffc27a30000 - 0x00007ffc27a9b000 	C:\WINDOWS\System32\WS2_32.dll
0x00007ffc243c0000 - 0x00007ffc243d2000 	C:\WINDOWS\SYSTEM32\kernel.appcore.dll
0x00007ffc20ec0000 - 0x00007ffc20eca000 	D:\java\bin\jimage.dll
0x00007ffc120b0000 - 0x00007ffc12294000 	C:\WINDOWS\SYSTEM32\DBGHELP.DLL
0x00007ffc14480000 - 0x00007ffc144b4000 	C:\WINDOWS\SYSTEM32\dbgcore.DLL
0x00007ffc26340000 - 0x00007ffc263c2000 	C:\WINDOWS\System32\bcryptPrimitives.dll
0x00007ffc1fec0000 - 0x00007ffc1fee5000 	D:\java\bin\java.dll

dbghelp: loaded successfully - version: 4.0.5 - missing functions: none
symbol engine: initialized successfully - sym options: 0x614 - pdb path: .;D:\java\bin;C:\WINDOWS\SYSTEM32;C:\WINDOWS\WinSxS\amd64_microsoft.windows.common-controls_6595b64144ccf1df_6.0.19041.1110_none_60b5254171f9507e;D:\java\bin\server

VM Arguments:
java_command: com.mycompany.dakh.DAKH
java_class_path (initial): D:\code\LTJava\SWING\DAKH\target\classes;C:\Users\Administrator\.m2\repository\com\mysql\mysql-connector-j\8.0.33\mysql-connector-j-8.0.33.jar;C:\Users\Administrator\.m2\repository\com\google\protobuf\protobuf-java\3.21.9\protobuf-java-3.21.9.jar
Launcher Type: SUN_STANDARD

[Global flags]
     intx CICompilerCount                          = 3                                         {product} {ergonomic}
     uint ConcGCThreads                            = 1                                         {product} {ergonomic}
     uint G1ConcRefinementThreads                  = 4                                         {product} {ergonomic}
   size_t G1HeapRegionSize                         = 1048576                                   {product} {ergonomic}
    uintx GCDrainStackTargetSize                   = 64                                        {product} {ergonomic}
   size_t InitialHeapSize                          = 67108864                                  {product} {ergonomic}
   size_t MarkStackSize                            = 4194304                                   {product} {ergonomic}
   size_t MaxHeapSize                              = 1048576000                                {product} {ergonomic}
   size_t MinHeapDeltaBytes                        = 1048576                                   {product} {ergonomic}
   size_t MinHeapSize                              = 8388608                                   {product} {ergonomic}
    uintx NonNMethodCodeHeapSize                   = 5832780                                {pd product} {ergonomic}
    uintx NonProfiledCodeHeapSize                  = 122912730                              {pd product} {ergonomic}
    uintx ProfiledCodeHeapSize                     = 122912730                              {pd product} {ergonomic}
    uintx ReservedCodeCacheSize                    = 251658240                              {pd product} {ergonomic}
     bool SegmentedCodeCache                       = true                                      {product} {ergonomic}
   size_t SoftMaxHeapSize                          = 1048576000                             {manageable} {ergonomic}
     bool UseCompressedClassPointers               = true                           {product lp64_product} {ergonomic}
     bool UseCompressedOops                        = true                           {product lp64_product} {ergonomic}
     bool UseG1GC                                  = true                                      {product} {ergonomic}
     bool UseLargePagesIndividualAllocation        = false                                  {pd product} {ergonomic}

Logging:
Log output configuration:
 #0: stdout all=warning uptime,level,tags
 #1: stderr all=off uptime,level,tags

Environment Variables:
JAVA_HOME=D:\java
PATH=C:\Program Files\Common Files\Oracle\Java\javapath;C:\Program Files (x86)\Common Files\Oracle\Java\javapath;C:\ProgramData\Oracle\Java\javapath;C:\WINDOWS\system32;C:\WINDOWS;C:\WINDOWS\System32\Wbem;C:\WINDOWS\System32\WindowsPowerShell\v1.0\;C:\WINDOWS\System32\OpenSSH\;C:\Program Files\dotnet\;C:\Program Files (x86)\Dev-Cpp\MinGW64\bin;C:\Program Files\Microsoft SQL Server\Client SDK\ODBC\170\Tools\Binn\;C:\Program Files (x86)\Microsoft SQL Server\150\Tools\Binn\;C:\Program Files\Microsoft SQL Server\150\Tools\Binn\;C:\Program Files\Microsoft SQL Server\150\DTS\Binn\;C:\Program Files\Azure Data Studio\bin;C:\Program Files (x86)\Microsoft SQL Server\150\DTS\Binn\;C:\Program Files\Cloudflare\Cloudflare WARP\;D:\Git\cmd;C:\Program Files\MiKTeX\miktex\bin\x64\;C:\Users\Administrator\AppData\Local\Programs\Python\Python310\Scripts\;C:\Users\Administrator\AppData\Local\Programs\Python\Python310\;C:\Users\Administrator\AppData\Local\Microsoft\WindowsApps;C:\Users\Administrator\AppData\Local\Programs\Microsoft VS Code\bin;C:\Program Files\Azure Data Studio\bin;C:\Users\Administrator\AppData\Local\GitHubDesktop\bin;C:\Users\Administrator\.dotnet\tools
USERNAME=Administrator
OS=Windows_NT
PROCESSOR_IDENTIFIER=Intel64 Family 6 Model 69 Stepping 1, GenuineIntel



---------------  S Y S T E M  ---------------

OS:
 Windows 10 , 64 bit Build 19041 (10.0.19041.3393)
OS uptime: 0 days 1:48 hours

CPU: total 4 (initial active 4) (2 cores per cpu, 2 threads per core) family 6 model 69 stepping 1 microcode 0x25, cx8, cmov, fxsr, ht, mmx, sse, sse2, sse3, ssse3, sse4.1, sse4.2, popcnt, lzcnt, tsc, tscinvbit, avx, avx2, aes, erms, clmul, bmi1, bmi2, fma, vzeroupper, clflush

Memory: 4k page, system-wide physical 3993M (328M free)
TotalPageFile size 10422M (AvailPageFile size 46M)
current process WorkingSet (physical memory assigned to process): 10M, peak: 10M
current process commit charge ("private bytes"): 51M, peak: 115M

vm_info: Java HotSpot(TM) 64-Bit Server VM (17.0.6+9-LTS-190) for windows-amd64 JRE (17.0.6+9-LTS-190), built on Dec  6 2022 15:53:54 by "mach5one" with MS VC++ 17.1 (VS2022)

END.
